[27/Apr/2020 09:35:17] ERROR [django.request:135] Internal Server Error: /usuarios/register/
Traceback (most recent call last):
  File "/usr/local/lib/python2.7/dist-packages/django/core/handlers/exception.py", line 41, in inner
    response = get_response(request)
  File "/usr/local/lib/python2.7/dist-packages/django/core/handlers/base.py", line 187, in _get_response
    response = self.process_exception_by_middleware(e, request)
  File "/usr/local/lib/python2.7/dist-packages/django/core/handlers/base.py", line 185, in _get_response
    response = wrapped_callback(request, *callback_args, **callback_kwargs)
  File "/atopa/atopaserver/usuarios/views.py", line 38, in register
    sent = send_mail( subject, message, email_from, recipient_list)
  File "/usr/local/lib/python2.7/dist-packages/django/core/mail/__init__.py", line 62, in send_mail
    return mail.send()
  File "/usr/local/lib/python2.7/dist-packages/django/core/mail/message.py", line 348, in send
    return self.get_connection(fail_silently).send_messages([self])
  File "/usr/local/lib/python2.7/dist-packages/django/core/mail/backends/smtp.py", line 111, in send_messages
    sent = self._send(message)
  File "/usr/local/lib/python2.7/dist-packages/django/core/mail/backends/smtp.py", line 127, in _send
    self.connection.sendmail(from_email, recipients, message.as_bytes(linesep='\r\n'))
  File "/usr/lib/python2.7/smtplib.py", line 737, in sendmail
    raise SMTPSenderRefused(code, resp, from_addr)
SMTPSenderRefused: (530, '5.7.0 Authentication Required. Learn more at\n5.7.0  https://support.google.com/mail/?p=WantAuthError mj1sm2878013ejb.6 - gsmtp', u'webmaster@localhost')
[28/Apr/2020 08:09:32] WARNING [django.security.csrf:160] Forbidden (CSRF token missing or incorrect.): /usuarios/login/
[28/Apr/2020 08:11:54] INFO [api.serializers:55] {u'2text': u'', u'1text': u'', u'3text': u'', u'5text': u'', u'1': u'4', u'4text': u''}
[28/Apr/2020 08:11:54] INFO [api.serializers:59] {u'2text': u'', u'1text': u'', u'3text': u'', u'5text': u'', u'1': u'4', u'4text': u''}
[28/Apr/2020 08:11:54] INFO [api.serializers:62] 
[28/Apr/2020 08:11:54] INFO [api.serializers:62] 
[28/Apr/2020 08:11:54] INFO [api.serializers:62] 
[28/Apr/2020 08:11:54] INFO [api.serializers:62] 
[28/Apr/2020 08:11:54] INFO [api.serializers:62] 4
[28/Apr/2020 08:11:54] INFO [api.serializers:62] 
[28/Apr/2020 08:11:54] INFO [api.serializers:68] {"1": "22"}
[28/Apr/2020 08:11:54] INFO [api.serializers:55] {u'2text': u'', u'1text': u'', u'3text': u'', u'5text': u'', u'1': u'5', u'4text': u''}
[28/Apr/2020 08:11:54] INFO [api.serializers:59] {u'2text': u'', u'1text': u'', u'3text': u'', u'5text': u'', u'1': u'5', u'4text': u''}
[28/Apr/2020 08:11:54] INFO [api.serializers:62] 
[28/Apr/2020 08:11:54] INFO [api.serializers:62] 
[28/Apr/2020 08:11:54] INFO [api.serializers:62] 
[28/Apr/2020 08:11:54] INFO [api.serializers:62] 
[28/Apr/2020 08:11:54] INFO [api.serializers:62] 5
[28/Apr/2020 08:11:54] INFO [api.serializers:62] 
[28/Apr/2020 08:11:54] INFO [api.serializers:68] {"1": "23"}
[28/Apr/2020 08:11:54] INFO [api.serializers:55] {u'2text': u'', u'1text': u'', u'3text': u'', u'5text': u'', u'1': u'4', u'4text': u''}
[28/Apr/2020 08:11:54] INFO [api.serializers:59] {u'2text': u'', u'1text': u'', u'3text': u'', u'5text': u'', u'1': u'4', u'4text': u''}
[28/Apr/2020 08:11:54] INFO [api.serializers:62] 
[28/Apr/2020 08:11:54] INFO [api.serializers:62] 
[28/Apr/2020 08:11:54] INFO [api.serializers:62] 
[28/Apr/2020 08:11:54] INFO [api.serializers:62] 
[28/Apr/2020 08:11:54] INFO [api.serializers:62] 4
[28/Apr/2020 08:11:54] INFO [api.serializers:62] 
[28/Apr/2020 08:11:54] INFO [api.serializers:68] {"1": "22"}
[28/Apr/2020 08:11:54] INFO [api.serializers:55] {u'2text': u'', u'1text': u'', u'3text': u'', u'5text': u'', u'1': u'5', u'4text': u''}
[28/Apr/2020 08:11:54] INFO [api.serializers:59] {u'2text': u'', u'1text': u'', u'3text': u'', u'5text': u'', u'1': u'5', u'4text': u''}
[28/Apr/2020 08:11:54] INFO [api.serializers:62] 
[28/Apr/2020 08:11:54] INFO [api.serializers:62] 
[28/Apr/2020 08:11:54] INFO [api.serializers:62] 
[28/Apr/2020 08:11:54] INFO [api.serializers:62] 
[28/Apr/2020 08:11:54] INFO [api.serializers:62] 5
[28/Apr/2020 08:11:54] INFO [api.serializers:62] 
[28/Apr/2020 08:11:54] INFO [api.serializers:68] {"1": "23"}
[28/Apr/2020 08:11:54] INFO [api.serializers:55] {u'2text': u'', u'1text': u'', u'3text': u'', u'5text': u'', u'1': u'5', u'4text': u''}
[28/Apr/2020 08:11:54] INFO [api.serializers:59] {u'2text': u'', u'1text': u'', u'3text': u'', u'5text': u'', u'1': u'5', u'4text': u''}
[28/Apr/2020 08:11:54] INFO [api.serializers:62] 
[28/Apr/2020 08:11:54] INFO [api.serializers:62] 
[28/Apr/2020 08:11:54] INFO [api.serializers:62] 
[28/Apr/2020 08:11:54] INFO [api.serializers:62] 
[28/Apr/2020 08:11:54] INFO [api.serializers:62] 5
[28/Apr/2020 08:11:54] INFO [api.serializers:62] 
[28/Apr/2020 08:11:54] INFO [api.serializers:68] {"1": "23"}
[28/Apr/2020 08:11:54] INFO [api.serializers:55] {u'2text': u'', u'1text': u'', u'3text': u'', u'5text': u'', u'1': u'4', u'4text': u''}
[28/Apr/2020 08:11:54] INFO [api.serializers:59] {u'2text': u'', u'1text': u'', u'3text': u'', u'5text': u'', u'1': u'4', u'4text': u''}
[28/Apr/2020 08:11:54] INFO [api.serializers:62] 
[28/Apr/2020 08:11:54] INFO [api.serializers:62] 
[28/Apr/2020 08:11:54] INFO [api.serializers:62] 
[28/Apr/2020 08:11:54] INFO [api.serializers:62] 
[28/Apr/2020 08:11:54] INFO [api.serializers:62] 4
[28/Apr/2020 08:11:54] INFO [api.serializers:62] 
[28/Apr/2020 08:11:54] INFO [api.serializers:68] {"1": "22"}
[28/Apr/2020 08:11:54] INFO [api.serializers:55] {u'2text': u'', u'1text': u'', u'3text': u'', u'5text': u'', u'1': u'5', u'2': u'3', u'4text': u''}
[28/Apr/2020 08:11:54] INFO [api.serializers:59] {u'2text': u'', u'1text': u'', u'3text': u'', u'5text': u'', u'1': u'5', u'2': u'3', u'4text': u''}
[28/Apr/2020 08:11:54] INFO [api.serializers:62] 
[28/Apr/2020 08:11:54] INFO [api.serializers:62] 
[28/Apr/2020 08:11:54] INFO [api.serializers:62] 
[28/Apr/2020 08:11:54] INFO [api.serializers:62] 
[28/Apr/2020 08:11:54] INFO [api.serializers:62] 5
[28/Apr/2020 08:11:54] INFO [api.serializers:62] 3
[28/Apr/2020 08:11:54] INFO [api.serializers:62] 
[28/Apr/2020 08:11:54] INFO [api.serializers:68] {"1": "23", "2": "21"}
[28/Apr/2020 08:11:54] INFO [api.serializers:55] {u'2text': u'', u'1text': u'', u'3text': u'', u'5text': u'', u'1': u'5', u'4text': u''}
[28/Apr/2020 08:11:54] INFO [api.serializers:59] {u'2text': u'', u'1text': u'', u'3text': u'', u'5text': u'', u'1': u'5', u'4text': u''}
[28/Apr/2020 08:11:54] INFO [api.serializers:62] 
[28/Apr/2020 08:11:54] INFO [api.serializers:62] 
[28/Apr/2020 08:11:54] INFO [api.serializers:62] 
[28/Apr/2020 08:11:54] INFO [api.serializers:62] 
[28/Apr/2020 08:11:54] INFO [api.serializers:62] 5
[28/Apr/2020 08:11:54] INFO [api.serializers:62] 
[28/Apr/2020 08:11:54] INFO [api.serializers:68] {"1": "23"}
[28/Apr/2020 08:11:54] INFO [api.serializers:55] {u'2text': u'', u'1text': u'', u'3text': u'', u'5text': u'', u'1': u'5', u'4text': u''}
[28/Apr/2020 08:11:54] INFO [api.serializers:59] {u'2text': u'', u'1text': u'', u'3text': u'', u'5text': u'', u'1': u'5', u'4text': u''}
[28/Apr/2020 08:11:54] INFO [api.serializers:62] 
[28/Apr/2020 08:11:54] INFO [api.serializers:62] 
[28/Apr/2020 08:11:54] INFO [api.serializers:62] 
[28/Apr/2020 08:11:54] INFO [api.serializers:62] 
[28/Apr/2020 08:11:54] INFO [api.serializers:62] 5
[28/Apr/2020 08:11:54] INFO [api.serializers:62] 
[28/Apr/2020 08:11:54] INFO [api.serializers:68] {"1": "23"}
[28/Apr/2020 08:11:54] INFO [api.serializers:55] {u'2text': u'', u'1text': u'', u'3text': u'', u'5text': u'', u'1': u'3', u'4text': u''}
[28/Apr/2020 08:11:54] INFO [api.serializers:59] {u'2text': u'', u'1text': u'', u'3text': u'', u'5text': u'', u'1': u'3', u'4text': u''}
[28/Apr/2020 08:11:54] INFO [api.serializers:62] 
[28/Apr/2020 08:11:54] INFO [api.serializers:62] 
[28/Apr/2020 08:11:54] INFO [api.serializers:62] 
[28/Apr/2020 08:11:54] INFO [api.serializers:62] 
[28/Apr/2020 08:11:54] INFO [api.serializers:62] 3
[28/Apr/2020 08:11:54] INFO [api.serializers:62] 
[28/Apr/2020 08:11:54] INFO [api.serializers:68] {"1": "21"}
[28/Apr/2020 08:11:54] INFO [api.serializers:55] {u'2text': u'', u'1text': u'', u'3text': u'', u'5text': u'', u'1': u'3', u'4text': u''}
[28/Apr/2020 08:11:54] INFO [api.serializers:59] {u'2text': u'', u'1text': u'', u'3text': u'', u'5text': u'', u'1': u'3', u'4text': u''}
[28/Apr/2020 08:11:54] INFO [api.serializers:62] 
[28/Apr/2020 08:11:54] INFO [api.serializers:62] 
[28/Apr/2020 08:11:54] INFO [api.serializers:62] 
[28/Apr/2020 08:11:54] INFO [api.serializers:62] 
[28/Apr/2020 08:11:54] INFO [api.serializers:62] 3
[28/Apr/2020 08:11:54] INFO [api.serializers:62] 
[28/Apr/2020 08:11:54] INFO [api.serializers:68] {"1": "21"}
[28/Apr/2020 08:11:54] INFO [api.serializers:55] {u'2text': u'', u'1text': u'', u'3text': u'', u'5text': u'', u'1': u'5', u'4text': u''}
[28/Apr/2020 08:11:54] INFO [api.serializers:59] {u'2text': u'', u'1text': u'', u'3text': u'', u'5text': u'', u'1': u'5', u'4text': u''}
[28/Apr/2020 08:11:54] INFO [api.serializers:62] 
[28/Apr/2020 08:11:54] INFO [api.serializers:62] 
[28/Apr/2020 08:11:54] INFO [api.serializers:62] 
[28/Apr/2020 08:11:54] INFO [api.serializers:62] 
[28/Apr/2020 08:11:54] INFO [api.serializers:62] 5
[28/Apr/2020 08:11:54] INFO [api.serializers:62] 
[28/Apr/2020 08:11:54] INFO [api.serializers:68] {"1": "23"}
[28/Apr/2020 08:11:54] INFO [api.serializers:55] {u'2text': u'', u'1text': u'', u'3text': u'', u'5text': u'', u'1': u'3', u'2': u'4', u'4text': u''}
[28/Apr/2020 08:11:54] INFO [api.serializers:59] {u'2text': u'', u'1text': u'', u'3text': u'', u'5text': u'', u'1': u'3', u'2': u'4', u'4text': u''}
[28/Apr/2020 08:11:54] INFO [api.serializers:62] 
[28/Apr/2020 08:11:54] INFO [api.serializers:62] 
[28/Apr/2020 08:11:54] INFO [api.serializers:62] 
[28/Apr/2020 08:11:54] INFO [api.serializers:62] 
[28/Apr/2020 08:11:54] INFO [api.serializers:62] 3
[28/Apr/2020 08:11:54] INFO [api.serializers:62] 4
[28/Apr/2020 08:11:54] INFO [api.serializers:62] 
[28/Apr/2020 08:11:54] INFO [api.serializers:68] {"1": "21", "2": "22"}
[28/Apr/2020 08:11:54] INFO [api.serializers:55] {u'2text': u'', u'1text': u'', u'3text': u'', u'5text': u'', u'1': u'4', u'2': u'3', u'4text': u''}
[28/Apr/2020 08:11:54] INFO [api.serializers:59] {u'2text': u'', u'1text': u'', u'3text': u'', u'5text': u'', u'1': u'4', u'2': u'3', u'4text': u''}
[28/Apr/2020 08:11:54] INFO [api.serializers:62] 
[28/Apr/2020 08:11:54] INFO [api.serializers:62] 
[28/Apr/2020 08:11:54] INFO [api.serializers:62] 
[28/Apr/2020 08:11:54] INFO [api.serializers:62] 
[28/Apr/2020 08:11:54] INFO [api.serializers:62] 4
[28/Apr/2020 08:11:54] INFO [api.serializers:62] 3
[28/Apr/2020 08:11:54] INFO [api.serializers:62] 
[28/Apr/2020 08:11:54] INFO [api.serializers:68] {"1": "22", "2": "21"}
[28/Apr/2020 08:11:54] INFO [api.serializers:55] {u'2text': u'', u'1text': u'', u'3text': u'', u'5text': u'', u'1': u'4', u'4text': u''}
[28/Apr/2020 08:11:54] INFO [api.serializers:59] {u'2text': u'', u'1text': u'', u'3text': u'', u'5text': u'', u'1': u'4', u'4text': u''}
[28/Apr/2020 08:11:54] INFO [api.serializers:62] 
[28/Apr/2020 08:11:54] INFO [api.serializers:62] 
[28/Apr/2020 08:11:54] INFO [api.serializers:62] 
[28/Apr/2020 08:11:54] INFO [api.serializers:62] 
[28/Apr/2020 08:11:54] INFO [api.serializers:62] 4
[28/Apr/2020 08:11:54] INFO [api.serializers:62] 
[28/Apr/2020 08:11:54] INFO [api.serializers:68] {"1": "22"}
[28/Apr/2020 08:11:54] INFO [api.serializers:55] {u'2text': u'', u'1text': u'', u'3text': u'', u'5text': u'', u'1': u'3', u'2': u'4', u'4text': u''}
[28/Apr/2020 08:11:54] INFO [api.serializers:59] {u'2text': u'', u'1text': u'', u'3text': u'', u'5text': u'', u'1': u'3', u'2': u'4', u'4text': u''}
[28/Apr/2020 08:11:54] INFO [api.serializers:62] 
[28/Apr/2020 08:11:54] INFO [api.serializers:62] 
[28/Apr/2020 08:11:54] INFO [api.serializers:62] 
[28/Apr/2020 08:11:54] INFO [api.serializers:62] 
[28/Apr/2020 08:11:54] INFO [api.serializers:62] 3
[28/Apr/2020 08:11:54] INFO [api.serializers:62] 4
[28/Apr/2020 08:11:54] INFO [api.serializers:62] 
[28/Apr/2020 08:11:54] INFO [api.serializers:68] {"1": "21", "2": "22"}
[28/Apr/2020 08:11:54] INFO [api.serializers:55] {u'2text': u'', u'1text': u'', u'3text': u'', u'5text': u'', u'1': u'4', u'4text': u''}
[28/Apr/2020 08:11:54] INFO [api.serializers:59] {u'2text': u'', u'1text': u'', u'3text': u'', u'5text': u'', u'1': u'4', u'4text': u''}
[28/Apr/2020 08:11:54] INFO [api.serializers:62] 
[28/Apr/2020 08:11:54] INFO [api.serializers:62] 
[28/Apr/2020 08:11:54] INFO [api.serializers:62] 
[28/Apr/2020 08:11:54] INFO [api.serializers:62] 
[28/Apr/2020 08:11:54] INFO [api.serializers:62] 4
[28/Apr/2020 08:11:54] INFO [api.serializers:62] 
[28/Apr/2020 08:11:54] INFO [api.serializers:68] {"1": "22"}
[28/Apr/2020 08:11:54] INFO [api.serializers:55] {u'2text': u'', u'1text': u'', u'3text': u'', u'5text': u'', u'1': u'3', u'4text': u''}
[28/Apr/2020 08:11:54] INFO [api.serializers:59] {u'2text': u'', u'1text': u'', u'3text': u'', u'5text': u'', u'1': u'3', u'4text': u''}
[28/Apr/2020 08:11:54] INFO [api.serializers:62] 
[28/Apr/2020 08:11:54] INFO [api.serializers:62] 
[28/Apr/2020 08:11:54] INFO [api.serializers:62] 
[28/Apr/2020 08:11:54] INFO [api.serializers:62] 
[28/Apr/2020 08:11:54] INFO [api.serializers:62] 3
[28/Apr/2020 08:11:54] INFO [api.serializers:62] 
[28/Apr/2020 08:11:54] INFO [api.serializers:68] {"1": "21"}
[29/Apr/2020 10:58:54] ERROR [django.request:228] Internal Server Error: /usuarios/register/
Traceback (most recent call last):
  File "/usr/local/lib/python3.6/dist-packages/django/core/handlers/exception.py", line 34, in inner
    response = get_response(request)
  File "/usr/local/lib/python3.6/dist-packages/django/core/handlers/base.py", line 115, in _get_response
    response = self.process_exception_by_middleware(e, request)
  File "/usr/local/lib/python3.6/dist-packages/django/core/handlers/base.py", line 113, in _get_response
    response = wrapped_callback(request, *callback_args, **callback_kwargs)
  File "/atopa/atopaserver/usuarios/views.py", line 29, in register
    user.test = Test.objects.filter(nombre='Inicial')
  File "/usr/local/lib/python3.6/dist-packages/django/db/models/fields/related_descriptors.py", line 546, in __set__
    % self._get_set_deprecation_msg_params(),
TypeError: Direct assignment to the forward side of a many-to-many set is prohibited. Use test.set() instead.
[29/Apr/2020 11:30:32] WARNING [django.request:228] Bad Request: /api-token-auth/
[29/Apr/2020 11:31:30] WARNING [django.request:228] Bad Request: /api-token-auth/
[29/Apr/2020 11:36:19] ERROR [django.request:228] Internal Server Error: /api-token-auth/
Traceback (most recent call last):
  File "/usr/local/lib/python3.6/dist-packages/django/core/handlers/exception.py", line 34, in inner
    response = get_response(request)
  File "/usr/local/lib/python3.6/dist-packages/django/core/handlers/base.py", line 115, in _get_response
    response = self.process_exception_by_middleware(e, request)
  File "/usr/local/lib/python3.6/dist-packages/django/core/handlers/base.py", line 113, in _get_response
    response = wrapped_callback(request, *callback_args, **callback_kwargs)
  File "/usr/local/lib/python3.6/dist-packages/django/views/decorators/csrf.py", line 54, in wrapped_view
    return view_func(*args, **kwargs)
  File "/usr/local/lib/python3.6/dist-packages/django/views/generic/base.py", line 71, in view
    return self.dispatch(request, *args, **kwargs)
  File "/usr/local/lib/python3.6/dist-packages/rest_framework/views.py", line 505, in dispatch
    response = self.handle_exception(exc)
  File "/usr/local/lib/python3.6/dist-packages/rest_framework/views.py", line 465, in handle_exception
    self.raise_uncaught_exception(exc)
  File "/usr/local/lib/python3.6/dist-packages/rest_framework/views.py", line 476, in raise_uncaught_exception
    raise exc
  File "/usr/local/lib/python3.6/dist-packages/rest_framework/views.py", line 502, in dispatch
    response = handler(request, *args, **kwargs)
  File "/atopa/atopaserver/api/views.py", line 101, in post
    'token': unicode(token.key),
NameError: name 'unicode' is not defined
[29/Apr/2020 11:36:42] ERROR [django.request:228] Internal Server Error: /api-token-auth/
Traceback (most recent call last):
  File "/usr/local/lib/python3.6/dist-packages/django/core/handlers/exception.py", line 34, in inner
    response = get_response(request)
  File "/usr/local/lib/python3.6/dist-packages/django/core/handlers/base.py", line 115, in _get_response
    response = self.process_exception_by_middleware(e, request)
  File "/usr/local/lib/python3.6/dist-packages/django/core/handlers/base.py", line 113, in _get_response
    response = wrapped_callback(request, *callback_args, **callback_kwargs)
  File "/usr/local/lib/python3.6/dist-packages/django/views/decorators/csrf.py", line 54, in wrapped_view
    return view_func(*args, **kwargs)
  File "/usr/local/lib/python3.6/dist-packages/django/views/generic/base.py", line 71, in view
    return self.dispatch(request, *args, **kwargs)
  File "/usr/local/lib/python3.6/dist-packages/rest_framework/views.py", line 505, in dispatch
    response = self.handle_exception(exc)
  File "/usr/local/lib/python3.6/dist-packages/rest_framework/views.py", line 465, in handle_exception
    self.raise_uncaught_exception(exc)
  File "/usr/local/lib/python3.6/dist-packages/rest_framework/views.py", line 476, in raise_uncaught_exception
    raise exc
  File "/usr/local/lib/python3.6/dist-packages/rest_framework/views.py", line 502, in dispatch
    response = handler(request, *args, **kwargs)
  File "/atopa/atopaserver/api/views.py", line 101, in post
    'token': unicode(token.key),
NameError: name 'unicode' is not defined
[30/Apr/2020 09:56:37] WARNING [django.security.csrf:228] Forbidden (CSRF token missing or incorrect.): /usuarios/login/
[30/Apr/2020 09:56:45] ERROR [django.request:228] Internal Server Error: /
Traceback (most recent call last):
  File "/usr/local/lib/python3.6/dist-packages/django/core/handlers/exception.py", line 34, in inner
    response = get_response(request)
  File "/usr/local/lib/python3.6/dist-packages/django/core/handlers/base.py", line 115, in _get_response
    response = self.process_exception_by_middleware(e, request)
  File "/usr/local/lib/python3.6/dist-packages/django/core/handlers/base.py", line 113, in _get_response
    response = wrapped_callback(request, *callback_args, **callback_kwargs)
  File "/usr/local/lib/python3.6/dist-packages/django/contrib/auth/decorators.py", line 21, in _wrapped_view
    return view_func(request, *args, **kwargs)
  File "/atopa/atopaserver/cuestionarios/views.py", line 21, in show_test
    test = Test.objects.get(id=user.test.all())
  File "/usr/local/lib/python3.6/dist-packages/django/db/models/manager.py", line 82, in manager_method
    return getattr(self.get_queryset(), name)(*args, **kwargs)
  File "/usr/local/lib/python3.6/dist-packages/django/db/models/query.py", line 411, in get
    num = len(clone)
  File "/usr/local/lib/python3.6/dist-packages/django/db/models/query.py", line 258, in __len__
    self._fetch_all()
  File "/usr/local/lib/python3.6/dist-packages/django/db/models/query.py", line 1261, in _fetch_all
    self._result_cache = list(self._iterable_class(self))
  File "/usr/local/lib/python3.6/dist-packages/django/db/models/query.py", line 57, in __iter__
    results = compiler.execute_sql(chunked_fetch=self.chunked_fetch, chunk_size=self.chunk_size)
  File "/usr/local/lib/python3.6/dist-packages/django/db/models/sql/compiler.py", line 1138, in execute_sql
    sql, params = self.as_sql()
  File "/usr/local/lib/python3.6/dist-packages/django/db/models/sql/compiler.py", line 505, in as_sql
    where, w_params = self.compile(self.where) if self.where is not None else ("", [])
  File "/usr/local/lib/python3.6/dist-packages/django/db/models/sql/compiler.py", line 422, in compile
    sql, params = node.as_sql(self, self.connection)
  File "/usr/local/lib/python3.6/dist-packages/django/db/models/sql/where.py", line 81, in as_sql
    sql, params = compiler.compile(child)
  File "/usr/local/lib/python3.6/dist-packages/django/db/models/sql/compiler.py", line 422, in compile
    sql, params = node.as_sql(self, self.connection)
  File "/usr/local/lib/python3.6/dist-packages/django/db/models/lookups.py", line 177, in as_sql
    rhs_sql, rhs_params = self.process_rhs(compiler, connection)
  File "/usr/local/lib/python3.6/dist-packages/django/db/models/lookups.py", line 270, in process_rhs
    'The QuerySet value for an exact lookup must be limited to '
ValueError: The QuerySet value for an exact lookup must be limited to one result using slicing.
[05/May/2020 12:18:24] ERROR [django.request:228] Internal Server Error: /
Traceback (most recent call last):
  File "/usr/local/lib/python3.6/dist-packages/django/core/handlers/exception.py", line 34, in inner
    response = get_response(request)
  File "/usr/local/lib/python3.6/dist-packages/django/core/handlers/base.py", line 115, in _get_response
    response = self.process_exception_by_middleware(e, request)
  File "/usr/local/lib/python3.6/dist-packages/django/core/handlers/base.py", line 113, in _get_response
    response = wrapped_callback(request, *callback_args, **callback_kwargs)
  File "/usr/local/lib/python3.6/dist-packages/django/contrib/auth/decorators.py", line 21, in _wrapped_view
    return view_func(request, *args, **kwargs)
  File "/atopa/atopaserver/cuestionarios/views.py", line 21, in show_test
    test = Test.objects.get(id=user.test.all())
  File "/usr/local/lib/python3.6/dist-packages/django/db/models/manager.py", line 82, in manager_method
    return getattr(self.get_queryset(), name)(*args, **kwargs)
  File "/usr/local/lib/python3.6/dist-packages/django/db/models/query.py", line 411, in get
    num = len(clone)
  File "/usr/local/lib/python3.6/dist-packages/django/db/models/query.py", line 258, in __len__
    self._fetch_all()
  File "/usr/local/lib/python3.6/dist-packages/django/db/models/query.py", line 1261, in _fetch_all
    self._result_cache = list(self._iterable_class(self))
  File "/usr/local/lib/python3.6/dist-packages/django/db/models/query.py", line 57, in __iter__
    results = compiler.execute_sql(chunked_fetch=self.chunked_fetch, chunk_size=self.chunk_size)
  File "/usr/local/lib/python3.6/dist-packages/django/db/models/sql/compiler.py", line 1138, in execute_sql
    sql, params = self.as_sql()
  File "/usr/local/lib/python3.6/dist-packages/django/db/models/sql/compiler.py", line 505, in as_sql
    where, w_params = self.compile(self.where) if self.where is not None else ("", [])
  File "/usr/local/lib/python3.6/dist-packages/django/db/models/sql/compiler.py", line 422, in compile
    sql, params = node.as_sql(self, self.connection)
  File "/usr/local/lib/python3.6/dist-packages/django/db/models/sql/where.py", line 81, in as_sql
    sql, params = compiler.compile(child)
  File "/usr/local/lib/python3.6/dist-packages/django/db/models/sql/compiler.py", line 422, in compile
    sql, params = node.as_sql(self, self.connection)
  File "/usr/local/lib/python3.6/dist-packages/django/db/models/lookups.py", line 177, in as_sql
    rhs_sql, rhs_params = self.process_rhs(compiler, connection)
  File "/usr/local/lib/python3.6/dist-packages/django/db/models/lookups.py", line 270, in process_rhs
    'The QuerySet value for an exact lookup must be limited to '
ValueError: The QuerySet value for an exact lookup must be limited to one result using slicing.
[11/May/2020 10:23:47] WARNING [django.security.csrf:228] Forbidden (CSRF token missing or incorrect.): /usuarios/login/
[11/May/2020 10:24:00] ERROR [django.request:228] Internal Server Error: /
Traceback (most recent call last):
  File "/usr/local/lib/python3.6/dist-packages/django/core/handlers/exception.py", line 34, in inner
    response = get_response(request)
  File "/usr/local/lib/python3.6/dist-packages/django/core/handlers/base.py", line 115, in _get_response
    response = self.process_exception_by_middleware(e, request)
  File "/usr/local/lib/python3.6/dist-packages/django/core/handlers/base.py", line 113, in _get_response
    response = wrapped_callback(request, *callback_args, **callback_kwargs)
  File "/usr/local/lib/python3.6/dist-packages/django/contrib/auth/decorators.py", line 21, in _wrapped_view
    return view_func(request, *args, **kwargs)
  File "/atopa/atopaserver/cuestionarios/views.py", line 21, in show_test
    test = Test.objects.get(id=user.test.all())
  File "/usr/local/lib/python3.6/dist-packages/django/db/models/manager.py", line 82, in manager_method
    return getattr(self.get_queryset(), name)(*args, **kwargs)
  File "/usr/local/lib/python3.6/dist-packages/django/db/models/query.py", line 411, in get
    num = len(clone)
  File "/usr/local/lib/python3.6/dist-packages/django/db/models/query.py", line 258, in __len__
    self._fetch_all()
  File "/usr/local/lib/python3.6/dist-packages/django/db/models/query.py", line 1261, in _fetch_all
    self._result_cache = list(self._iterable_class(self))
  File "/usr/local/lib/python3.6/dist-packages/django/db/models/query.py", line 57, in __iter__
    results = compiler.execute_sql(chunked_fetch=self.chunked_fetch, chunk_size=self.chunk_size)
  File "/usr/local/lib/python3.6/dist-packages/django/db/models/sql/compiler.py", line 1138, in execute_sql
    sql, params = self.as_sql()
  File "/usr/local/lib/python3.6/dist-packages/django/db/models/sql/compiler.py", line 505, in as_sql
    where, w_params = self.compile(self.where) if self.where is not None else ("", [])
  File "/usr/local/lib/python3.6/dist-packages/django/db/models/sql/compiler.py", line 422, in compile
    sql, params = node.as_sql(self, self.connection)
  File "/usr/local/lib/python3.6/dist-packages/django/db/models/sql/where.py", line 81, in as_sql
    sql, params = compiler.compile(child)
  File "/usr/local/lib/python3.6/dist-packages/django/db/models/sql/compiler.py", line 422, in compile
    sql, params = node.as_sql(self, self.connection)
  File "/usr/local/lib/python3.6/dist-packages/django/db/models/lookups.py", line 177, in as_sql
    rhs_sql, rhs_params = self.process_rhs(compiler, connection)
  File "/usr/local/lib/python3.6/dist-packages/django/db/models/lookups.py", line 270, in process_rhs
    'The QuerySet value for an exact lookup must be limited to '
ValueError: The QuerySet value for an exact lookup must be limited to one result using slicing.
[11/May/2020 11:14:24] ERROR [django.request:228] Internal Server Error: /
Traceback (most recent call last):
  File "/usr/local/lib/python3.6/dist-packages/django/db/models/fields/__init__.py", line 1772, in get_prep_value
    return int(value)
TypeError: int() argument must be a string, a bytes-like object or a number, not 'Test'

The above exception was the direct cause of the following exception:

Traceback (most recent call last):
  File "/usr/local/lib/python3.6/dist-packages/django/core/handlers/exception.py", line 34, in inner
    response = get_response(request)
  File "/usr/local/lib/python3.6/dist-packages/django/core/handlers/base.py", line 115, in _get_response
    response = self.process_exception_by_middleware(e, request)
  File "/usr/local/lib/python3.6/dist-packages/django/core/handlers/base.py", line 113, in _get_response
    response = wrapped_callback(request, *callback_args, **callback_kwargs)
  File "/usr/local/lib/python3.6/dist-packages/django/contrib/auth/decorators.py", line 21, in _wrapped_view
    return view_func(request, *args, **kwargs)
  File "/atopa/atopaserver/cuestionarios/views.py", line 21, in show_test
    test = Test.objects.get(id=user.test.first())
  File "/usr/local/lib/python3.6/dist-packages/django/db/models/manager.py", line 82, in manager_method
    return getattr(self.get_queryset(), name)(*args, **kwargs)
  File "/usr/local/lib/python3.6/dist-packages/django/db/models/query.py", line 404, in get
    clone = self._chain() if self.query.combinator else self.filter(*args, **kwargs)
  File "/usr/local/lib/python3.6/dist-packages/django/db/models/query.py", line 904, in filter
    return self._filter_or_exclude(False, *args, **kwargs)
  File "/usr/local/lib/python3.6/dist-packages/django/db/models/query.py", line 923, in _filter_or_exclude
    clone.query.add_q(Q(*args, **kwargs))
  File "/usr/local/lib/python3.6/dist-packages/django/db/models/sql/query.py", line 1350, in add_q
    clause, _ = self._add_q(q_object, self.used_aliases)
  File "/usr/local/lib/python3.6/dist-packages/django/db/models/sql/query.py", line 1381, in _add_q
    check_filterable=check_filterable,
  File "/usr/local/lib/python3.6/dist-packages/django/db/models/sql/query.py", line 1311, in build_filter
    condition = self.build_lookup(lookups, col, value)
  File "/usr/local/lib/python3.6/dist-packages/django/db/models/sql/query.py", line 1165, in build_lookup
    lookup = lookup_class(lhs, rhs)
  File "/usr/local/lib/python3.6/dist-packages/django/db/models/lookups.py", line 22, in __init__
    self.rhs = self.get_prep_lookup()
  File "/usr/local/lib/python3.6/dist-packages/django/db/models/lookups.py", line 72, in get_prep_lookup
    return self.lhs.output_field.get_prep_value(self.rhs)
  File "/usr/local/lib/python3.6/dist-packages/django/db/models/fields/__init__.py", line 1776, in get_prep_value
    ) from e
TypeError: Field 'id' expected a number but got <Test: 2>.
[11/May/2020 11:14:25] ERROR [django.request:228] Internal Server Error: /
Traceback (most recent call last):
  File "/usr/local/lib/python3.6/dist-packages/django/db/models/fields/__init__.py", line 1772, in get_prep_value
    return int(value)
TypeError: int() argument must be a string, a bytes-like object or a number, not 'Test'

The above exception was the direct cause of the following exception:

Traceback (most recent call last):
  File "/usr/local/lib/python3.6/dist-packages/django/core/handlers/exception.py", line 34, in inner
    response = get_response(request)
  File "/usr/local/lib/python3.6/dist-packages/django/core/handlers/base.py", line 115, in _get_response
    response = self.process_exception_by_middleware(e, request)
  File "/usr/local/lib/python3.6/dist-packages/django/core/handlers/base.py", line 113, in _get_response
    response = wrapped_callback(request, *callback_args, **callback_kwargs)
  File "/usr/local/lib/python3.6/dist-packages/django/contrib/auth/decorators.py", line 21, in _wrapped_view
    return view_func(request, *args, **kwargs)
  File "/atopa/atopaserver/cuestionarios/views.py", line 21, in show_test
    test = Test.objects.get(id=user.test.first())
  File "/usr/local/lib/python3.6/dist-packages/django/db/models/manager.py", line 82, in manager_method
    return getattr(self.get_queryset(), name)(*args, **kwargs)
  File "/usr/local/lib/python3.6/dist-packages/django/db/models/query.py", line 404, in get
    clone = self._chain() if self.query.combinator else self.filter(*args, **kwargs)
  File "/usr/local/lib/python3.6/dist-packages/django/db/models/query.py", line 904, in filter
    return self._filter_or_exclude(False, *args, **kwargs)
  File "/usr/local/lib/python3.6/dist-packages/django/db/models/query.py", line 923, in _filter_or_exclude
    clone.query.add_q(Q(*args, **kwargs))
  File "/usr/local/lib/python3.6/dist-packages/django/db/models/sql/query.py", line 1350, in add_q
    clause, _ = self._add_q(q_object, self.used_aliases)
  File "/usr/local/lib/python3.6/dist-packages/django/db/models/sql/query.py", line 1381, in _add_q
    check_filterable=check_filterable,
  File "/usr/local/lib/python3.6/dist-packages/django/db/models/sql/query.py", line 1311, in build_filter
    condition = self.build_lookup(lookups, col, value)
  File "/usr/local/lib/python3.6/dist-packages/django/db/models/sql/query.py", line 1165, in build_lookup
    lookup = lookup_class(lhs, rhs)
  File "/usr/local/lib/python3.6/dist-packages/django/db/models/lookups.py", line 22, in __init__
    self.rhs = self.get_prep_lookup()
  File "/usr/local/lib/python3.6/dist-packages/django/db/models/lookups.py", line 72, in get_prep_lookup
    return self.lhs.output_field.get_prep_value(self.rhs)
  File "/usr/local/lib/python3.6/dist-packages/django/db/models/fields/__init__.py", line 1776, in get_prep_value
    ) from e
TypeError: Field 'id' expected a number but got <Test: 2>.
[11/May/2020 11:14:27] ERROR [django.request:228] Internal Server Error: /
Traceback (most recent call last):
  File "/usr/local/lib/python3.6/dist-packages/django/db/models/fields/__init__.py", line 1772, in get_prep_value
    return int(value)
TypeError: int() argument must be a string, a bytes-like object or a number, not 'Test'

The above exception was the direct cause of the following exception:

Traceback (most recent call last):
  File "/usr/local/lib/python3.6/dist-packages/django/core/handlers/exception.py", line 34, in inner
    response = get_response(request)
  File "/usr/local/lib/python3.6/dist-packages/django/core/handlers/base.py", line 115, in _get_response
    response = self.process_exception_by_middleware(e, request)
  File "/usr/local/lib/python3.6/dist-packages/django/core/handlers/base.py", line 113, in _get_response
    response = wrapped_callback(request, *callback_args, **callback_kwargs)
  File "/usr/local/lib/python3.6/dist-packages/django/contrib/auth/decorators.py", line 21, in _wrapped_view
    return view_func(request, *args, **kwargs)
  File "/atopa/atopaserver/cuestionarios/views.py", line 21, in show_test
    test = Test.objects.get(id=user.test.first())
  File "/usr/local/lib/python3.6/dist-packages/django/db/models/manager.py", line 82, in manager_method
    return getattr(self.get_queryset(), name)(*args, **kwargs)
  File "/usr/local/lib/python3.6/dist-packages/django/db/models/query.py", line 404, in get
    clone = self._chain() if self.query.combinator else self.filter(*args, **kwargs)
  File "/usr/local/lib/python3.6/dist-packages/django/db/models/query.py", line 904, in filter
    return self._filter_or_exclude(False, *args, **kwargs)
  File "/usr/local/lib/python3.6/dist-packages/django/db/models/query.py", line 923, in _filter_or_exclude
    clone.query.add_q(Q(*args, **kwargs))
  File "/usr/local/lib/python3.6/dist-packages/django/db/models/sql/query.py", line 1350, in add_q
    clause, _ = self._add_q(q_object, self.used_aliases)
  File "/usr/local/lib/python3.6/dist-packages/django/db/models/sql/query.py", line 1381, in _add_q
    check_filterable=check_filterable,
  File "/usr/local/lib/python3.6/dist-packages/django/db/models/sql/query.py", line 1311, in build_filter
    condition = self.build_lookup(lookups, col, value)
  File "/usr/local/lib/python3.6/dist-packages/django/db/models/sql/query.py", line 1165, in build_lookup
    lookup = lookup_class(lhs, rhs)
  File "/usr/local/lib/python3.6/dist-packages/django/db/models/lookups.py", line 22, in __init__
    self.rhs = self.get_prep_lookup()
  File "/usr/local/lib/python3.6/dist-packages/django/db/models/lookups.py", line 72, in get_prep_lookup
    return self.lhs.output_field.get_prep_value(self.rhs)
  File "/usr/local/lib/python3.6/dist-packages/django/db/models/fields/__init__.py", line 1776, in get_prep_value
    ) from e
TypeError: Field 'id' expected a number but got <Test: 2>.
[11/May/2020 11:14:28] ERROR [django.request:228] Internal Server Error: /
Traceback (most recent call last):
  File "/usr/local/lib/python3.6/dist-packages/django/db/models/fields/__init__.py", line 1772, in get_prep_value
    return int(value)
TypeError: int() argument must be a string, a bytes-like object or a number, not 'Test'

The above exception was the direct cause of the following exception:

Traceback (most recent call last):
  File "/usr/local/lib/python3.6/dist-packages/django/core/handlers/exception.py", line 34, in inner
    response = get_response(request)
  File "/usr/local/lib/python3.6/dist-packages/django/core/handlers/base.py", line 115, in _get_response
    response = self.process_exception_by_middleware(e, request)
  File "/usr/local/lib/python3.6/dist-packages/django/core/handlers/base.py", line 113, in _get_response
    response = wrapped_callback(request, *callback_args, **callback_kwargs)
  File "/usr/local/lib/python3.6/dist-packages/django/contrib/auth/decorators.py", line 21, in _wrapped_view
    return view_func(request, *args, **kwargs)
  File "/atopa/atopaserver/cuestionarios/views.py", line 21, in show_test
    test = Test.objects.get(id=user.test.first())
  File "/usr/local/lib/python3.6/dist-packages/django/db/models/manager.py", line 82, in manager_method
    return getattr(self.get_queryset(), name)(*args, **kwargs)
  File "/usr/local/lib/python3.6/dist-packages/django/db/models/query.py", line 404, in get
    clone = self._chain() if self.query.combinator else self.filter(*args, **kwargs)
  File "/usr/local/lib/python3.6/dist-packages/django/db/models/query.py", line 904, in filter
    return self._filter_or_exclude(False, *args, **kwargs)
  File "/usr/local/lib/python3.6/dist-packages/django/db/models/query.py", line 923, in _filter_or_exclude
    clone.query.add_q(Q(*args, **kwargs))
  File "/usr/local/lib/python3.6/dist-packages/django/db/models/sql/query.py", line 1350, in add_q
    clause, _ = self._add_q(q_object, self.used_aliases)
  File "/usr/local/lib/python3.6/dist-packages/django/db/models/sql/query.py", line 1381, in _add_q
    check_filterable=check_filterable,
  File "/usr/local/lib/python3.6/dist-packages/django/db/models/sql/query.py", line 1311, in build_filter
    condition = self.build_lookup(lookups, col, value)
  File "/usr/local/lib/python3.6/dist-packages/django/db/models/sql/query.py", line 1165, in build_lookup
    lookup = lookup_class(lhs, rhs)
  File "/usr/local/lib/python3.6/dist-packages/django/db/models/lookups.py", line 22, in __init__
    self.rhs = self.get_prep_lookup()
  File "/usr/local/lib/python3.6/dist-packages/django/db/models/lookups.py", line 72, in get_prep_lookup
    return self.lhs.output_field.get_prep_value(self.rhs)
  File "/usr/local/lib/python3.6/dist-packages/django/db/models/fields/__init__.py", line 1776, in get_prep_value
    ) from e
TypeError: Field 'id' expected a number but got <Test: 2>.
[11/May/2020 11:14:30] ERROR [django.request:228] Internal Server Error: /
Traceback (most recent call last):
  File "/usr/local/lib/python3.6/dist-packages/django/db/models/fields/__init__.py", line 1772, in get_prep_value
    return int(value)
TypeError: int() argument must be a string, a bytes-like object or a number, not 'Test'

The above exception was the direct cause of the following exception:

Traceback (most recent call last):
  File "/usr/local/lib/python3.6/dist-packages/django/core/handlers/exception.py", line 34, in inner
    response = get_response(request)
  File "/usr/local/lib/python3.6/dist-packages/django/core/handlers/base.py", line 115, in _get_response
    response = self.process_exception_by_middleware(e, request)
  File "/usr/local/lib/python3.6/dist-packages/django/core/handlers/base.py", line 113, in _get_response
    response = wrapped_callback(request, *callback_args, **callback_kwargs)
  File "/usr/local/lib/python3.6/dist-packages/django/contrib/auth/decorators.py", line 21, in _wrapped_view
    return view_func(request, *args, **kwargs)
  File "/atopa/atopaserver/cuestionarios/views.py", line 21, in show_test
    test = Test.objects.get(id=user.test.first())
  File "/usr/local/lib/python3.6/dist-packages/django/db/models/manager.py", line 82, in manager_method
    return getattr(self.get_queryset(), name)(*args, **kwargs)
  File "/usr/local/lib/python3.6/dist-packages/django/db/models/query.py", line 404, in get
    clone = self._chain() if self.query.combinator else self.filter(*args, **kwargs)
  File "/usr/local/lib/python3.6/dist-packages/django/db/models/query.py", line 904, in filter
    return self._filter_or_exclude(False, *args, **kwargs)
  File "/usr/local/lib/python3.6/dist-packages/django/db/models/query.py", line 923, in _filter_or_exclude
    clone.query.add_q(Q(*args, **kwargs))
  File "/usr/local/lib/python3.6/dist-packages/django/db/models/sql/query.py", line 1350, in add_q
    clause, _ = self._add_q(q_object, self.used_aliases)
  File "/usr/local/lib/python3.6/dist-packages/django/db/models/sql/query.py", line 1381, in _add_q
    check_filterable=check_filterable,
  File "/usr/local/lib/python3.6/dist-packages/django/db/models/sql/query.py", line 1311, in build_filter
    condition = self.build_lookup(lookups, col, value)
  File "/usr/local/lib/python3.6/dist-packages/django/db/models/sql/query.py", line 1165, in build_lookup
    lookup = lookup_class(lhs, rhs)
  File "/usr/local/lib/python3.6/dist-packages/django/db/models/lookups.py", line 22, in __init__
    self.rhs = self.get_prep_lookup()
  File "/usr/local/lib/python3.6/dist-packages/django/db/models/lookups.py", line 72, in get_prep_lookup
    return self.lhs.output_field.get_prep_value(self.rhs)
  File "/usr/local/lib/python3.6/dist-packages/django/db/models/fields/__init__.py", line 1776, in get_prep_value
    ) from e
TypeError: Field 'id' expected a number but got <Test: 2>.
[11/May/2020 11:14:39] ERROR [django.request:228] Internal Server Error: /
Traceback (most recent call last):
  File "/usr/local/lib/python3.6/dist-packages/django/db/models/fields/__init__.py", line 1772, in get_prep_value
    return int(value)
TypeError: int() argument must be a string, a bytes-like object or a number, not 'Test'

The above exception was the direct cause of the following exception:

Traceback (most recent call last):
  File "/usr/local/lib/python3.6/dist-packages/django/core/handlers/exception.py", line 34, in inner
    response = get_response(request)
  File "/usr/local/lib/python3.6/dist-packages/django/core/handlers/base.py", line 115, in _get_response
    response = self.process_exception_by_middleware(e, request)
  File "/usr/local/lib/python3.6/dist-packages/django/core/handlers/base.py", line 113, in _get_response
    response = wrapped_callback(request, *callback_args, **callback_kwargs)
  File "/usr/local/lib/python3.6/dist-packages/django/contrib/auth/decorators.py", line 21, in _wrapped_view
    return view_func(request, *args, **kwargs)
  File "/atopa/atopaserver/cuestionarios/views.py", line 21, in show_test
    test = Test.objects.get(id=user.test.first())
  File "/usr/local/lib/python3.6/dist-packages/django/db/models/manager.py", line 82, in manager_method
    return getattr(self.get_queryset(), name)(*args, **kwargs)
  File "/usr/local/lib/python3.6/dist-packages/django/db/models/query.py", line 404, in get
    clone = self._chain() if self.query.combinator else self.filter(*args, **kwargs)
  File "/usr/local/lib/python3.6/dist-packages/django/db/models/query.py", line 904, in filter
    return self._filter_or_exclude(False, *args, **kwargs)
  File "/usr/local/lib/python3.6/dist-packages/django/db/models/query.py", line 923, in _filter_or_exclude
    clone.query.add_q(Q(*args, **kwargs))
  File "/usr/local/lib/python3.6/dist-packages/django/db/models/sql/query.py", line 1350, in add_q
    clause, _ = self._add_q(q_object, self.used_aliases)
  File "/usr/local/lib/python3.6/dist-packages/django/db/models/sql/query.py", line 1381, in _add_q
    check_filterable=check_filterable,
  File "/usr/local/lib/python3.6/dist-packages/django/db/models/sql/query.py", line 1311, in build_filter
    condition = self.build_lookup(lookups, col, value)
  File "/usr/local/lib/python3.6/dist-packages/django/db/models/sql/query.py", line 1165, in build_lookup
    lookup = lookup_class(lhs, rhs)
  File "/usr/local/lib/python3.6/dist-packages/django/db/models/lookups.py", line 22, in __init__
    self.rhs = self.get_prep_lookup()
  File "/usr/local/lib/python3.6/dist-packages/django/db/models/lookups.py", line 72, in get_prep_lookup
    return self.lhs.output_field.get_prep_value(self.rhs)
  File "/usr/local/lib/python3.6/dist-packages/django/db/models/fields/__init__.py", line 1776, in get_prep_value
    ) from e
TypeError: Field 'id' expected a number but got <Test: 2>.
[11/May/2020 11:16:36] ERROR [django.request:228] Internal Server Error: /recoger_respuestas
Traceback (most recent call last):
  File "/usr/local/lib/python3.6/dist-packages/django/core/handlers/exception.py", line 34, in inner
    response = get_response(request)
  File "/usr/local/lib/python3.6/dist-packages/django/core/handlers/base.py", line 115, in _get_response
    response = self.process_exception_by_middleware(e, request)
  File "/usr/local/lib/python3.6/dist-packages/django/core/handlers/base.py", line 113, in _get_response
    response = wrapped_callback(request, *callback_args, **callback_kwargs)
  File "/usr/local/lib/python3.6/dist-packages/django/contrib/auth/decorators.py", line 21, in _wrapped_view
    return view_func(request, *args, **kwargs)
  File "/atopa/atopaserver/cuestionarios/views.py", line 41, in recoger_respuestas
    test = Test.objects.get(id=user.test.all())
  File "/usr/local/lib/python3.6/dist-packages/django/db/models/manager.py", line 82, in manager_method
    return getattr(self.get_queryset(), name)(*args, **kwargs)
  File "/usr/local/lib/python3.6/dist-packages/django/db/models/query.py", line 411, in get
    num = len(clone)
  File "/usr/local/lib/python3.6/dist-packages/django/db/models/query.py", line 258, in __len__
    self._fetch_all()
  File "/usr/local/lib/python3.6/dist-packages/django/db/models/query.py", line 1261, in _fetch_all
    self._result_cache = list(self._iterable_class(self))
  File "/usr/local/lib/python3.6/dist-packages/django/db/models/query.py", line 57, in __iter__
    results = compiler.execute_sql(chunked_fetch=self.chunked_fetch, chunk_size=self.chunk_size)
  File "/usr/local/lib/python3.6/dist-packages/django/db/models/sql/compiler.py", line 1138, in execute_sql
    sql, params = self.as_sql()
  File "/usr/local/lib/python3.6/dist-packages/django/db/models/sql/compiler.py", line 505, in as_sql
    where, w_params = self.compile(self.where) if self.where is not None else ("", [])
  File "/usr/local/lib/python3.6/dist-packages/django/db/models/sql/compiler.py", line 422, in compile
    sql, params = node.as_sql(self, self.connection)
  File "/usr/local/lib/python3.6/dist-packages/django/db/models/sql/where.py", line 81, in as_sql
    sql, params = compiler.compile(child)
  File "/usr/local/lib/python3.6/dist-packages/django/db/models/sql/compiler.py", line 422, in compile
    sql, params = node.as_sql(self, self.connection)
  File "/usr/local/lib/python3.6/dist-packages/django/db/models/lookups.py", line 177, in as_sql
    rhs_sql, rhs_params = self.process_rhs(compiler, connection)
  File "/usr/local/lib/python3.6/dist-packages/django/db/models/lookups.py", line 270, in process_rhs
    'The QuerySet value for an exact lookup must be limited to '
ValueError: The QuerySet value for an exact lookup must be limited to one result using slicing.
[11/May/2020 11:18:18] ERROR [django.request:228] Internal Server Error: /recoger_respuestas
Traceback (most recent call last):
  File "/usr/local/lib/python3.6/dist-packages/django/core/handlers/exception.py", line 34, in inner
    response = get_response(request)
  File "/usr/local/lib/python3.6/dist-packages/django/core/handlers/base.py", line 126, in _get_response
    "returned None instead." % (callback.__module__, view_name)
ValueError: The view cuestionarios.views.recoger_respuestas didn't return an HttpResponse object. It returned None instead.
[11/May/2020 11:18:20] ERROR [django.request:228] Internal Server Error: /recoger_respuestas
Traceback (most recent call last):
  File "/usr/local/lib/python3.6/dist-packages/django/core/handlers/exception.py", line 34, in inner
    response = get_response(request)
  File "/usr/local/lib/python3.6/dist-packages/django/core/handlers/base.py", line 126, in _get_response
    "returned None instead." % (callback.__module__, view_name)
ValueError: The view cuestionarios.views.recoger_respuestas didn't return an HttpResponse object. It returned None instead.
[11/May/2020 11:19:30] INFO [api.serializers:55] {'1': '5', '2': '6', '1text': '', '2text': '', '3text': '', '4text': '', '5text': ''}
[11/May/2020 11:19:30] INFO [api.serializers:59] {'1': '5', '2': '6', '1text': '', '2text': '', '3text': '', '4text': '', '5text': ''}
[11/May/2020 11:19:30] INFO [api.serializers:62] 5
[11/May/2020 11:19:30] INFO [api.serializers:62] 6
[11/May/2020 11:19:30] INFO [api.serializers:62] 
[11/May/2020 11:19:30] INFO [api.serializers:62] 
[11/May/2020 11:19:30] INFO [api.serializers:62] 
[11/May/2020 11:19:30] INFO [api.serializers:62] 
[11/May/2020 11:19:30] INFO [api.serializers:62] 
[11/May/2020 11:19:30] INFO [api.serializers:68] {"1": "22", "2": "23"}
[11/May/2020 11:19:30] INFO [api.serializers:55] {'1': '6', '1text': '', '2text': '', '3text': '', '4text': '', '5text': ''}
[11/May/2020 11:19:30] INFO [api.serializers:59] {'1': '6', '1text': '', '2text': '', '3text': '', '4text': '', '5text': ''}
[11/May/2020 11:19:30] INFO [api.serializers:62] 6
[11/May/2020 11:19:30] INFO [api.serializers:62] 
[11/May/2020 11:19:30] INFO [api.serializers:62] 
[11/May/2020 11:19:30] INFO [api.serializers:62] 
[11/May/2020 11:19:30] INFO [api.serializers:62] 
[11/May/2020 11:19:30] INFO [api.serializers:62] 
[11/May/2020 11:19:30] INFO [api.serializers:68] {"1": "23"}
[11/May/2020 11:19:30] INFO [api.serializers:55] {'1': '6', '2': '5', '1text': '', '2text': '', '3text': '', '4text': '', '5text': ''}
[11/May/2020 11:19:30] INFO [api.serializers:59] {'1': '6', '2': '5', '1text': '', '2text': '', '3text': '', '4text': '', '5text': ''}
[11/May/2020 11:19:30] INFO [api.serializers:62] 6
[11/May/2020 11:19:30] INFO [api.serializers:62] 5
[11/May/2020 11:19:30] INFO [api.serializers:62] 
[11/May/2020 11:19:30] INFO [api.serializers:62] 
[11/May/2020 11:19:30] INFO [api.serializers:62] 
[11/May/2020 11:19:30] INFO [api.serializers:62] 
[11/May/2020 11:19:30] INFO [api.serializers:62] 
[11/May/2020 11:19:30] INFO [api.serializers:68] {"1": "23", "2": "22"}
[11/May/2020 11:19:30] INFO [api.serializers:55] {'1': '6', '1text': '', '2text': '', '3text': '', '4text': '', '5text': ''}
[11/May/2020 11:19:30] INFO [api.serializers:59] {'1': '6', '1text': '', '2text': '', '3text': '', '4text': '', '5text': ''}
[11/May/2020 11:19:30] INFO [api.serializers:62] 6
[11/May/2020 11:19:30] INFO [api.serializers:62] 
[11/May/2020 11:19:30] INFO [api.serializers:62] 
[11/May/2020 11:19:30] INFO [api.serializers:62] 
[11/May/2020 11:19:30] INFO [api.serializers:62] 
[11/May/2020 11:19:30] INFO [api.serializers:62] 
[11/May/2020 11:19:30] INFO [api.serializers:68] {"1": "23"}
[11/May/2020 11:19:30] INFO [api.serializers:55] {'1': '5', '1text': '', '2text': '', '3text': '', '4text': '', '5text': ''}
[11/May/2020 11:19:30] INFO [api.serializers:59] {'1': '5', '1text': '', '2text': '', '3text': '', '4text': '', '5text': ''}
[11/May/2020 11:19:30] INFO [api.serializers:62] 5
[11/May/2020 11:19:30] INFO [api.serializers:62] 
[11/May/2020 11:19:30] INFO [api.serializers:62] 
[11/May/2020 11:19:30] INFO [api.serializers:62] 
[11/May/2020 11:19:30] INFO [api.serializers:62] 
[11/May/2020 11:19:30] INFO [api.serializers:62] 
[11/May/2020 11:19:30] INFO [api.serializers:68] {"1": "22"}
[11/May/2020 11:19:30] INFO [api.serializers:55] {'1': '6', '1text': '', '2text': '', '3text': '', '4text': '', '5text': ''}
[11/May/2020 11:19:30] INFO [api.serializers:59] {'1': '6', '1text': '', '2text': '', '3text': '', '4text': '', '5text': ''}
[11/May/2020 11:19:30] INFO [api.serializers:62] 6
[11/May/2020 11:19:30] INFO [api.serializers:62] 
[11/May/2020 11:19:30] INFO [api.serializers:62] 
[11/May/2020 11:19:30] INFO [api.serializers:62] 
[11/May/2020 11:19:30] INFO [api.serializers:62] 
[11/May/2020 11:19:30] INFO [api.serializers:62] 
[11/May/2020 11:19:30] INFO [api.serializers:68] {"1": "23"}
[18/May/2020 09:39:23] WARNING [django.request:228] Bad Request: /api-token-auth/
[18/May/2020 09:41:58] WARNING [django.security.csrf:228] Forbidden (CSRF token missing or incorrect.): /usuarios/login/
[18/May/2020 09:43:14] INFO [api.serializers:55] {'1': '5', '2': '4', '1text': '', '2text': '', '3text': '', '4text': '', '5text': ''}
[18/May/2020 09:43:14] INFO [api.serializers:59] {'1': '5', '2': '4', '1text': '', '2text': '', '3text': '', '4text': '', '5text': ''}
[18/May/2020 09:43:14] INFO [api.serializers:62] 5
[18/May/2020 09:43:14] INFO [api.serializers:62] 4
[18/May/2020 09:43:14] INFO [api.serializers:62] 
[18/May/2020 09:43:14] INFO [api.serializers:62] 
[18/May/2020 09:43:14] INFO [api.serializers:62] 
[18/May/2020 09:43:14] INFO [api.serializers:62] 
[18/May/2020 09:43:14] INFO [api.serializers:62] 
[18/May/2020 09:43:14] INFO [api.serializers:68] {"1": "23", "2": "22"}
[18/May/2020 09:43:14] INFO [api.serializers:55] {'1': '4', '2': '5', '1text': '', '2text': '', '3text': '', '4text': '', '5text': ''}
[18/May/2020 09:43:14] INFO [api.serializers:59] {'1': '4', '2': '5', '1text': '', '2text': '', '3text': '', '4text': '', '5text': ''}
[18/May/2020 09:43:14] INFO [api.serializers:62] 4
[18/May/2020 09:43:14] INFO [api.serializers:62] 5
[18/May/2020 09:43:14] INFO [api.serializers:62] 
[18/May/2020 09:43:14] INFO [api.serializers:62] 
[18/May/2020 09:43:14] INFO [api.serializers:62] 
[18/May/2020 09:43:14] INFO [api.serializers:62] 
[18/May/2020 09:43:14] INFO [api.serializers:62] 
[18/May/2020 09:43:14] INFO [api.serializers:68] {"1": "22", "2": "23"}
[18/May/2020 09:43:14] INFO [api.serializers:55] {'1': '5', '2': '4', '1text': '', '2text': '', '3text': '', '4text': '', '5text': ''}
[18/May/2020 09:43:14] INFO [api.serializers:59] {'1': '5', '2': '4', '1text': '', '2text': '', '3text': '', '4text': '', '5text': ''}
[18/May/2020 09:43:14] INFO [api.serializers:62] 5
[18/May/2020 09:43:14] INFO [api.serializers:62] 4
[18/May/2020 09:43:14] INFO [api.serializers:62] 
[18/May/2020 09:43:14] INFO [api.serializers:62] 
[18/May/2020 09:43:14] INFO [api.serializers:62] 
[18/May/2020 09:43:14] INFO [api.serializers:62] 
[18/May/2020 09:43:14] INFO [api.serializers:62] 
[18/May/2020 09:43:14] INFO [api.serializers:68] {"1": "23", "2": "22"}
[18/May/2020 09:43:14] INFO [api.serializers:55] {'1': '5', '2': '4', '1text': '', '2text': '', '3text': '', '4text': '', '5text': ''}
[18/May/2020 09:43:14] INFO [api.serializers:59] {'1': '5', '2': '4', '1text': '', '2text': '', '3text': '', '4text': '', '5text': ''}
[18/May/2020 09:43:14] INFO [api.serializers:62] 5
[18/May/2020 09:43:14] INFO [api.serializers:62] 4
[18/May/2020 09:43:14] INFO [api.serializers:62] 
[18/May/2020 09:43:14] INFO [api.serializers:62] 
[18/May/2020 09:43:14] INFO [api.serializers:62] 
[18/May/2020 09:43:14] INFO [api.serializers:62] 
[18/May/2020 09:43:14] INFO [api.serializers:62] 
[18/May/2020 09:43:14] INFO [api.serializers:68] {"1": "23", "2": "22"}
[18/May/2020 09:43:14] INFO [api.serializers:55] {'1': '5', '2': '4', '1text': '', '2text': '', '3text': '', '4text': '', '5text': ''}
[18/May/2020 09:43:14] INFO [api.serializers:59] {'1': '5', '2': '4', '1text': '', '2text': '', '3text': '', '4text': '', '5text': ''}
[18/May/2020 09:43:14] INFO [api.serializers:62] 5
[18/May/2020 09:43:14] INFO [api.serializers:62] 4
[18/May/2020 09:43:14] INFO [api.serializers:62] 
[18/May/2020 09:43:14] INFO [api.serializers:62] 
[18/May/2020 09:43:14] INFO [api.serializers:62] 
[18/May/2020 09:43:14] INFO [api.serializers:62] 
[18/May/2020 09:43:14] INFO [api.serializers:62] 
[18/May/2020 09:43:14] INFO [api.serializers:68] {"1": "23", "2": "22"}
[18/May/2020 09:43:14] INFO [api.serializers:55] {'1': '5', '2': '4', '1text': '', '2text': '', '3text': '', '4text': '', '5text': ''}
[18/May/2020 09:43:14] INFO [api.serializers:59] {'1': '5', '2': '4', '1text': '', '2text': '', '3text': '', '4text': '', '5text': ''}
[18/May/2020 09:43:14] INFO [api.serializers:62] 5
[18/May/2020 09:43:14] INFO [api.serializers:62] 4
[18/May/2020 09:43:14] INFO [api.serializers:62] 
[18/May/2020 09:43:14] INFO [api.serializers:62] 
[18/May/2020 09:43:14] INFO [api.serializers:62] 
[18/May/2020 09:43:14] INFO [api.serializers:62] 
[18/May/2020 09:43:14] INFO [api.serializers:62] 
[18/May/2020 09:43:14] INFO [api.serializers:68] {"1": "23", "2": "22"}
[19/May/2020 08:06:26] WARNING [django.security.csrf:228] Forbidden (CSRF token missing or incorrect.): /usuarios/login/
[19/May/2020 08:07:42] INFO [api.serializers:55] {'1': '5', '2': '4', '1text': '', '2text': '', '3text': '', '4text': '', '5text': ''}
[19/May/2020 08:07:42] INFO [api.serializers:59] {'1': '5', '2': '4', '1text': '', '2text': '', '3text': '', '4text': '', '5text': ''}
[19/May/2020 08:07:42] INFO [api.serializers:62] 5
[19/May/2020 08:07:42] INFO [api.serializers:62] 4
[19/May/2020 08:07:42] INFO [api.serializers:62] 
[19/May/2020 08:07:42] INFO [api.serializers:62] 
[19/May/2020 08:07:42] INFO [api.serializers:62] 
[19/May/2020 08:07:42] INFO [api.serializers:62] 
[19/May/2020 08:07:42] INFO [api.serializers:62] 
[19/May/2020 08:07:42] INFO [api.serializers:68] {"1": "23", "2": "22"}
[19/May/2020 08:07:42] INFO [api.serializers:55] {'1': '4', '2': '5', '1text': '', '2text': '', '3text': '', '4text': '', '5text': ''}
[19/May/2020 08:07:42] INFO [api.serializers:59] {'1': '4', '2': '5', '1text': '', '2text': '', '3text': '', '4text': '', '5text': ''}
[19/May/2020 08:07:42] INFO [api.serializers:62] 4
[19/May/2020 08:07:42] INFO [api.serializers:62] 5
[19/May/2020 08:07:42] INFO [api.serializers:62] 
[19/May/2020 08:07:42] INFO [api.serializers:62] 
[19/May/2020 08:07:42] INFO [api.serializers:62] 
[19/May/2020 08:07:42] INFO [api.serializers:62] 
[19/May/2020 08:07:42] INFO [api.serializers:62] 
[19/May/2020 08:07:42] INFO [api.serializers:68] {"1": "22", "2": "23"}
[19/May/2020 08:07:42] INFO [api.serializers:55] {'1': '5', '2': '4', '1text': '', '2text': '', '3text': '', '4text': '', '5text': ''}
[19/May/2020 08:07:42] INFO [api.serializers:59] {'1': '5', '2': '4', '1text': '', '2text': '', '3text': '', '4text': '', '5text': ''}
[19/May/2020 08:07:42] INFO [api.serializers:62] 5
[19/May/2020 08:07:42] INFO [api.serializers:62] 4
[19/May/2020 08:07:42] INFO [api.serializers:62] 
[19/May/2020 08:07:42] INFO [api.serializers:62] 
[19/May/2020 08:07:42] INFO [api.serializers:62] 
[19/May/2020 08:07:42] INFO [api.serializers:62] 
[19/May/2020 08:07:42] INFO [api.serializers:62] 
[19/May/2020 08:07:42] INFO [api.serializers:68] {"1": "23", "2": "22"}
[19/May/2020 08:07:42] INFO [api.serializers:55] {'1': '5', '2': '4', '1text': '', '2text': '', '3text': '', '4text': '', '5text': ''}
[19/May/2020 08:07:42] INFO [api.serializers:59] {'1': '5', '2': '4', '1text': '', '2text': '', '3text': '', '4text': '', '5text': ''}
[19/May/2020 08:07:42] INFO [api.serializers:62] 5
[19/May/2020 08:07:42] INFO [api.serializers:62] 4
[19/May/2020 08:07:42] INFO [api.serializers:62] 
[19/May/2020 08:07:42] INFO [api.serializers:62] 
[19/May/2020 08:07:42] INFO [api.serializers:62] 
[19/May/2020 08:07:42] INFO [api.serializers:62] 
[19/May/2020 08:07:42] INFO [api.serializers:62] 
[19/May/2020 08:07:42] INFO [api.serializers:68] {"1": "23", "2": "22"}
[19/May/2020 08:07:42] INFO [api.serializers:55] {'1': '5', '2': '4', '1text': '', '2text': '', '3text': '', '4text': '', '5text': ''}
[19/May/2020 08:07:42] INFO [api.serializers:59] {'1': '5', '2': '4', '1text': '', '2text': '', '3text': '', '4text': '', '5text': ''}
[19/May/2020 08:07:42] INFO [api.serializers:62] 5
[19/May/2020 08:07:42] INFO [api.serializers:62] 4
[19/May/2020 08:07:42] INFO [api.serializers:62] 
[19/May/2020 08:07:42] INFO [api.serializers:62] 
[19/May/2020 08:07:42] INFO [api.serializers:62] 
[19/May/2020 08:07:42] INFO [api.serializers:62] 
[19/May/2020 08:07:42] INFO [api.serializers:62] 
[19/May/2020 08:07:42] INFO [api.serializers:68] {"1": "23", "2": "22"}
[19/May/2020 08:07:42] INFO [api.serializers:55] {'1': '5', '2': '4', '1text': '', '2text': '', '3text': '', '4text': '', '5text': ''}
[19/May/2020 08:07:42] INFO [api.serializers:59] {'1': '5', '2': '4', '1text': '', '2text': '', '3text': '', '4text': '', '5text': ''}
[19/May/2020 08:07:42] INFO [api.serializers:62] 5
[19/May/2020 08:07:42] INFO [api.serializers:62] 4
[19/May/2020 08:07:42] INFO [api.serializers:62] 
[19/May/2020 08:07:42] INFO [api.serializers:62] 
[19/May/2020 08:07:42] INFO [api.serializers:62] 
[19/May/2020 08:07:42] INFO [api.serializers:62] 
[19/May/2020 08:07:42] INFO [api.serializers:62] 
[19/May/2020 08:07:42] INFO [api.serializers:68] {"1": "23", "2": "22"}
[19/May/2020 08:07:42] INFO [api.serializers:55] {'1': '3', '2': '5', '1text': '', '2text': '', '3text': '', '4text': '', '5text': ''}
[19/May/2020 08:07:42] INFO [api.serializers:59] {'1': '3', '2': '5', '1text': '', '2text': '', '3text': '', '4text': '', '5text': ''}
[19/May/2020 08:07:42] INFO [api.serializers:62] 3
[19/May/2020 08:07:42] INFO [api.serializers:62] 5
[19/May/2020 08:07:42] INFO [api.serializers:62] 
[19/May/2020 08:07:42] INFO [api.serializers:62] 
[19/May/2020 08:07:42] INFO [api.serializers:62] 
[19/May/2020 08:07:42] INFO [api.serializers:62] 
[19/May/2020 08:07:42] INFO [api.serializers:62] 
[19/May/2020 08:07:42] INFO [api.serializers:68] {"1": "21", "2": "23"}
[19/May/2020 08:07:42] INFO [api.serializers:55] {'1': '5', '1text': '', '2text': '', '3text': '', '4text': '', '5text': ''}
[19/May/2020 08:07:42] INFO [api.serializers:59] {'1': '5', '1text': '', '2text': '', '3text': '', '4text': '', '5text': ''}
[19/May/2020 08:07:42] INFO [api.serializers:62] 5
[19/May/2020 08:07:42] INFO [api.serializers:62] 
[19/May/2020 08:07:42] INFO [api.serializers:62] 
[19/May/2020 08:07:42] INFO [api.serializers:62] 
[19/May/2020 08:07:42] INFO [api.serializers:62] 
[19/May/2020 08:07:42] INFO [api.serializers:62] 
[19/May/2020 08:07:42] INFO [api.serializers:68] {"1": "23"}
[19/May/2020 08:07:42] INFO [api.serializers:55] {'1': '3', '1text': '', '2text': '', '3text': '', '4text': '', '5text': ''}
[19/May/2020 08:07:42] INFO [api.serializers:59] {'1': '3', '1text': '', '2text': '', '3text': '', '4text': '', '5text': ''}
[19/May/2020 08:07:42] INFO [api.serializers:62] 3
[19/May/2020 08:07:42] INFO [api.serializers:62] 
[19/May/2020 08:07:42] INFO [api.serializers:62] 
[19/May/2020 08:07:42] INFO [api.serializers:62] 
[19/May/2020 08:07:42] INFO [api.serializers:62] 
[19/May/2020 08:07:42] INFO [api.serializers:62] 
[19/May/2020 08:07:42] INFO [api.serializers:68] {"1": "21"}
[19/May/2020 08:07:42] INFO [api.serializers:55] {'1': '5', '1text': '', '2text': '', '3text': '', '4text': '', '5text': ''}
[19/May/2020 08:07:42] INFO [api.serializers:59] {'1': '5', '1text': '', '2text': '', '3text': '', '4text': '', '5text': ''}
[19/May/2020 08:07:42] INFO [api.serializers:62] 5
[19/May/2020 08:07:42] INFO [api.serializers:62] 
[19/May/2020 08:07:42] INFO [api.serializers:62] 
[19/May/2020 08:07:42] INFO [api.serializers:62] 
[19/May/2020 08:07:42] INFO [api.serializers:62] 
[19/May/2020 08:07:42] INFO [api.serializers:62] 
[19/May/2020 08:07:42] INFO [api.serializers:68] {"1": "23"}
[19/May/2020 08:07:42] INFO [api.serializers:55] {'1': '3', '2': '5', '1text': '', '2text': '', '3text': '', '4text': '', '5text': ''}
[19/May/2020 08:07:42] INFO [api.serializers:59] {'1': '3', '2': '5', '1text': '', '2text': '', '3text': '', '4text': '', '5text': ''}
[19/May/2020 08:07:42] INFO [api.serializers:62] 3
[19/May/2020 08:07:42] INFO [api.serializers:62] 5
[19/May/2020 08:07:42] INFO [api.serializers:62] 
[19/May/2020 08:07:42] INFO [api.serializers:62] 
[19/May/2020 08:07:42] INFO [api.serializers:62] 
[19/May/2020 08:07:42] INFO [api.serializers:62] 
[19/May/2020 08:07:42] INFO [api.serializers:62] 
[19/May/2020 08:07:42] INFO [api.serializers:68] {"1": "21", "2": "23"}
[19/May/2020 08:07:42] INFO [api.serializers:55] {'1': '5', '1text': '', '2text': '', '3text': '', '4text': '', '5text': ''}
[19/May/2020 08:07:42] INFO [api.serializers:59] {'1': '5', '1text': '', '2text': '', '3text': '', '4text': '', '5text': ''}
[19/May/2020 08:07:42] INFO [api.serializers:62] 5
[19/May/2020 08:07:42] INFO [api.serializers:62] 
[19/May/2020 08:07:42] INFO [api.serializers:62] 
[19/May/2020 08:07:42] INFO [api.serializers:62] 
[19/May/2020 08:07:42] INFO [api.serializers:62] 
[19/May/2020 08:07:42] INFO [api.serializers:62] 
[19/May/2020 08:07:42] INFO [api.serializers:68] {"1": "23"}
[19/May/2020 08:07:42] INFO [api.serializers:55] {'1': '3', '2': '4', '1text': '', '2text': '', '3text': '', '4text': '', '5text': ''}
[19/May/2020 08:07:42] INFO [api.serializers:59] {'1': '3', '2': '4', '1text': '', '2text': '', '3text': '', '4text': '', '5text': ''}
[19/May/2020 08:07:42] INFO [api.serializers:62] 3
[19/May/2020 08:07:42] INFO [api.serializers:62] 4
[19/May/2020 08:07:42] INFO [api.serializers:62] 
[19/May/2020 08:07:42] INFO [api.serializers:62] 
[19/May/2020 08:07:42] INFO [api.serializers:62] 
[19/May/2020 08:07:42] INFO [api.serializers:62] 
[19/May/2020 08:07:42] INFO [api.serializers:62] 
[19/May/2020 08:07:42] INFO [api.serializers:68] {"1": "21", "2": "22"}
[19/May/2020 08:07:42] INFO [api.serializers:55] {'1': '4', '2': '3', '1text': '', '2text': '', '3text': '', '4text': '', '5text': ''}
[19/May/2020 08:07:42] INFO [api.serializers:59] {'1': '4', '2': '3', '1text': '', '2text': '', '3text': '', '4text': '', '5text': ''}
[19/May/2020 08:07:42] INFO [api.serializers:62] 4
[19/May/2020 08:07:42] INFO [api.serializers:62] 3
[19/May/2020 08:07:42] INFO [api.serializers:62] 
[19/May/2020 08:07:42] INFO [api.serializers:62] 
[19/May/2020 08:07:42] INFO [api.serializers:62] 
[19/May/2020 08:07:42] INFO [api.serializers:62] 
[19/May/2020 08:07:42] INFO [api.serializers:62] 
[19/May/2020 08:07:42] INFO [api.serializers:68] {"1": "22", "2": "21"}
[19/May/2020 08:07:42] INFO [api.serializers:55] {'1': '4', '1text': '', '2text': '', '3text': '', '4text': '', '5text': ''}
[19/May/2020 08:07:42] INFO [api.serializers:59] {'1': '4', '1text': '', '2text': '', '3text': '', '4text': '', '5text': ''}
[19/May/2020 08:07:42] INFO [api.serializers:62] 4
[19/May/2020 08:07:42] INFO [api.serializers:62] 
[19/May/2020 08:07:42] INFO [api.serializers:62] 
[19/May/2020 08:07:42] INFO [api.serializers:62] 
[19/May/2020 08:07:42] INFO [api.serializers:62] 
[19/May/2020 08:07:42] INFO [api.serializers:62] 
[19/May/2020 08:07:42] INFO [api.serializers:68] {"1": "22"}
[19/May/2020 08:07:42] INFO [api.serializers:55] {'1': '3', '1text': '', '2text': '', '3text': '', '4text': '', '5text': ''}
[19/May/2020 08:07:42] INFO [api.serializers:59] {'1': '3', '1text': '', '2text': '', '3text': '', '4text': '', '5text': ''}
[19/May/2020 08:07:42] INFO [api.serializers:62] 3
[19/May/2020 08:07:42] INFO [api.serializers:62] 
[19/May/2020 08:07:42] INFO [api.serializers:62] 
[19/May/2020 08:07:42] INFO [api.serializers:62] 
[19/May/2020 08:07:42] INFO [api.serializers:62] 
[19/May/2020 08:07:42] INFO [api.serializers:62] 
[19/May/2020 08:07:42] INFO [api.serializers:68] {"1": "21"}
[19/May/2020 08:07:42] INFO [api.serializers:55] {'1': '4', '1text': '', '2text': '', '3text': '', '4text': '', '5text': ''}
[19/May/2020 08:07:42] INFO [api.serializers:59] {'1': '4', '1text': '', '2text': '', '3text': '', '4text': '', '5text': ''}
[19/May/2020 08:07:42] INFO [api.serializers:62] 4
[19/May/2020 08:07:42] INFO [api.serializers:62] 
[19/May/2020 08:07:42] INFO [api.serializers:62] 
[19/May/2020 08:07:42] INFO [api.serializers:62] 
[19/May/2020 08:07:42] INFO [api.serializers:62] 
[19/May/2020 08:07:42] INFO [api.serializers:62] 
[19/May/2020 08:07:42] INFO [api.serializers:68] {"1": "22"}
[19/May/2020 08:07:42] INFO [api.serializers:55] {'1': '3', '1text': '', '2text': '', '3text': '', '4text': '', '5text': ''}
[19/May/2020 08:07:42] INFO [api.serializers:59] {'1': '3', '1text': '', '2text': '', '3text': '', '4text': '', '5text': ''}
[19/May/2020 08:07:42] INFO [api.serializers:62] 3
[19/May/2020 08:07:42] INFO [api.serializers:62] 
[19/May/2020 08:07:42] INFO [api.serializers:62] 
[19/May/2020 08:07:42] INFO [api.serializers:62] 
[19/May/2020 08:07:42] INFO [api.serializers:62] 
[19/May/2020 08:07:42] INFO [api.serializers:62] 
[19/May/2020 08:07:42] INFO [api.serializers:68] {"1": "21"}
[19/May/2020 08:45:47] WARNING [django.security.csrf:228] Forbidden (CSRF token missing or incorrect.): /usuarios/login/
[19/May/2020 08:47:31] INFO [api.serializers:55] {'1': '4', '1text': '', '2text': '', '3text': '', '4text': '', '5text': ''}
[19/May/2020 08:47:31] INFO [api.serializers:59] {'1': '4', '1text': '', '2text': '', '3text': '', '4text': '', '5text': ''}
[19/May/2020 08:47:31] INFO [api.serializers:62] 4
[19/May/2020 08:47:31] INFO [api.serializers:62] 
[19/May/2020 08:47:31] INFO [api.serializers:62] 
[19/May/2020 08:47:31] INFO [api.serializers:62] 
[19/May/2020 08:47:31] INFO [api.serializers:62] 
[19/May/2020 08:47:31] INFO [api.serializers:62] 
[19/May/2020 08:47:31] INFO [api.serializers:68] {"1": "22"}
[19/May/2020 08:47:31] INFO [api.serializers:55] {'1': '5', '1text': '', '2text': '', '3text': '', '4text': '', '5text': ''}
[19/May/2020 08:47:31] INFO [api.serializers:59] {'1': '5', '1text': '', '2text': '', '3text': '', '4text': '', '5text': ''}
[19/May/2020 08:47:31] INFO [api.serializers:62] 5
[19/May/2020 08:47:31] INFO [api.serializers:62] 
[19/May/2020 08:47:31] INFO [api.serializers:62] 
[19/May/2020 08:47:31] INFO [api.serializers:62] 
[19/May/2020 08:47:31] INFO [api.serializers:62] 
[19/May/2020 08:47:31] INFO [api.serializers:62] 
[19/May/2020 08:47:31] INFO [api.serializers:68] {"1": "23"}
[19/May/2020 08:47:31] INFO [api.serializers:55] {'1': '4', '1text': '', '2text': '', '3text': '', '4text': '', '5text': ''}
[19/May/2020 08:47:31] INFO [api.serializers:59] {'1': '4', '1text': '', '2text': '', '3text': '', '4text': '', '5text': ''}
[19/May/2020 08:47:31] INFO [api.serializers:62] 4
[19/May/2020 08:47:31] INFO [api.serializers:62] 
[19/May/2020 08:47:31] INFO [api.serializers:62] 
[19/May/2020 08:47:31] INFO [api.serializers:62] 
[19/May/2020 08:47:31] INFO [api.serializers:62] 
[19/May/2020 08:47:31] INFO [api.serializers:62] 
[19/May/2020 08:47:31] INFO [api.serializers:68] {"1": "22"}
[19/May/2020 08:47:31] INFO [api.serializers:55] {'1': '5', '1text': '', '2text': '', '3text': '', '4text': '', '5text': ''}
[19/May/2020 08:47:31] INFO [api.serializers:59] {'1': '5', '1text': '', '2text': '', '3text': '', '4text': '', '5text': ''}
[19/May/2020 08:47:31] INFO [api.serializers:62] 5
[19/May/2020 08:47:31] INFO [api.serializers:62] 
[19/May/2020 08:47:31] INFO [api.serializers:62] 
[19/May/2020 08:47:31] INFO [api.serializers:62] 
[19/May/2020 08:47:31] INFO [api.serializers:62] 
[19/May/2020 08:47:31] INFO [api.serializers:62] 
[19/May/2020 08:47:31] INFO [api.serializers:68] {"1": "23"}
[19/May/2020 08:47:31] INFO [api.serializers:55] {'1': '5', '1text': '', '2text': '', '3text': '', '4text': '', '5text': ''}
[19/May/2020 08:47:31] INFO [api.serializers:59] {'1': '5', '1text': '', '2text': '', '3text': '', '4text': '', '5text': ''}
[19/May/2020 08:47:31] INFO [api.serializers:62] 5
[19/May/2020 08:47:31] INFO [api.serializers:62] 
[19/May/2020 08:47:31] INFO [api.serializers:62] 
[19/May/2020 08:47:31] INFO [api.serializers:62] 
[19/May/2020 08:47:31] INFO [api.serializers:62] 
[19/May/2020 08:47:31] INFO [api.serializers:62] 
[19/May/2020 08:47:31] INFO [api.serializers:68] {"1": "23"}
[19/May/2020 08:47:31] INFO [api.serializers:55] {'1': '4', '1text': '', '2text': '', '3text': '', '4text': '', '5text': ''}
[19/May/2020 08:47:31] INFO [api.serializers:59] {'1': '4', '1text': '', '2text': '', '3text': '', '4text': '', '5text': ''}
[19/May/2020 08:47:31] INFO [api.serializers:62] 4
[19/May/2020 08:47:31] INFO [api.serializers:62] 
[19/May/2020 08:47:31] INFO [api.serializers:62] 
[19/May/2020 08:47:31] INFO [api.serializers:62] 
[19/May/2020 08:47:31] INFO [api.serializers:62] 
[19/May/2020 08:47:31] INFO [api.serializers:62] 
[19/May/2020 08:47:31] INFO [api.serializers:68] {"1": "22"}
[19/May/2020 08:47:31] INFO [api.serializers:55] {'1': '5', '1text': '', '2text': '', '3text': '', '4text': '', '5text': ''}
[19/May/2020 08:47:31] INFO [api.serializers:59] {'1': '5', '1text': '', '2text': '', '3text': '', '4text': '', '5text': ''}
[19/May/2020 08:47:31] INFO [api.serializers:62] 5
[19/May/2020 08:47:31] INFO [api.serializers:62] 
[19/May/2020 08:47:31] INFO [api.serializers:62] 
[19/May/2020 08:47:31] INFO [api.serializers:62] 
[19/May/2020 08:47:31] INFO [api.serializers:62] 
[19/May/2020 08:47:31] INFO [api.serializers:62] 
[19/May/2020 08:47:31] INFO [api.serializers:68] {"1": "23"}
[19/May/2020 08:47:31] INFO [api.serializers:55] {'1': '3', '1text': '', '2text': '', '3text': '', '4text': '', '5text': ''}
[19/May/2020 08:47:31] INFO [api.serializers:59] {'1': '3', '1text': '', '2text': '', '3text': '', '4text': '', '5text': ''}
[19/May/2020 08:47:31] INFO [api.serializers:62] 3
[19/May/2020 08:47:31] INFO [api.serializers:62] 
[19/May/2020 08:47:31] INFO [api.serializers:62] 
[19/May/2020 08:47:31] INFO [api.serializers:62] 
[19/May/2020 08:47:31] INFO [api.serializers:62] 
[19/May/2020 08:47:31] INFO [api.serializers:62] 
[19/May/2020 08:47:31] INFO [api.serializers:68] {"1": "21"}
[19/May/2020 08:47:31] INFO [api.serializers:55] {'1': '5', '1text': '', '2text': '', '3text': '', '4text': '', '5text': ''}
[19/May/2020 08:47:31] INFO [api.serializers:59] {'1': '5', '1text': '', '2text': '', '3text': '', '4text': '', '5text': ''}
[19/May/2020 08:47:31] INFO [api.serializers:62] 5
[19/May/2020 08:47:31] INFO [api.serializers:62] 
[19/May/2020 08:47:31] INFO [api.serializers:62] 
[19/May/2020 08:47:31] INFO [api.serializers:62] 
[19/May/2020 08:47:31] INFO [api.serializers:62] 
[19/May/2020 08:47:31] INFO [api.serializers:62] 
[19/May/2020 08:47:31] INFO [api.serializers:68] {"1": "23"}
[19/May/2020 08:47:31] INFO [api.serializers:55] {'1': '3', '1text': '', '2text': '', '3text': '', '4text': '', '5text': ''}
[19/May/2020 08:47:31] INFO [api.serializers:59] {'1': '3', '1text': '', '2text': '', '3text': '', '4text': '', '5text': ''}
[19/May/2020 08:47:31] INFO [api.serializers:62] 3
[19/May/2020 08:47:31] INFO [api.serializers:62] 
[19/May/2020 08:47:31] INFO [api.serializers:62] 
[19/May/2020 08:47:31] INFO [api.serializers:62] 
[19/May/2020 08:47:31] INFO [api.serializers:62] 
[19/May/2020 08:47:31] INFO [api.serializers:62] 
[19/May/2020 08:47:31] INFO [api.serializers:68] {"1": "21"}
[19/May/2020 08:47:31] INFO [api.serializers:55] {'1': '5', '1text': '', '2text': '', '3text': '', '4text': '', '5text': ''}
[19/May/2020 08:47:31] INFO [api.serializers:59] {'1': '5', '1text': '', '2text': '', '3text': '', '4text': '', '5text': ''}
[19/May/2020 08:47:31] INFO [api.serializers:62] 5
[19/May/2020 08:47:31] INFO [api.serializers:62] 
[19/May/2020 08:47:31] INFO [api.serializers:62] 
[19/May/2020 08:47:31] INFO [api.serializers:62] 
[19/May/2020 08:47:31] INFO [api.serializers:62] 
[19/May/2020 08:47:31] INFO [api.serializers:62] 
[19/May/2020 08:47:31] INFO [api.serializers:68] {"1": "23"}
[19/May/2020 08:47:31] INFO [api.serializers:55] {'1': '3', '1text': '', '2text': '', '3text': '', '4text': '', '5text': ''}
[19/May/2020 08:47:31] INFO [api.serializers:59] {'1': '3', '1text': '', '2text': '', '3text': '', '4text': '', '5text': ''}
[19/May/2020 08:47:31] INFO [api.serializers:62] 3
[19/May/2020 08:47:31] INFO [api.serializers:62] 
[19/May/2020 08:47:31] INFO [api.serializers:62] 
[19/May/2020 08:47:31] INFO [api.serializers:62] 
[19/May/2020 08:47:31] INFO [api.serializers:62] 
[19/May/2020 08:47:31] INFO [api.serializers:62] 
[19/May/2020 08:47:31] INFO [api.serializers:68] {"1": "21"}
[19/May/2020 08:47:31] INFO [api.serializers:55] {'1': '4', '1text': '', '2text': '', '3text': '', '4text': '', '5text': ''}
[19/May/2020 08:47:31] INFO [api.serializers:59] {'1': '4', '1text': '', '2text': '', '3text': '', '4text': '', '5text': ''}
[19/May/2020 08:47:31] INFO [api.serializers:62] 4
[19/May/2020 08:47:31] INFO [api.serializers:62] 
[19/May/2020 08:47:31] INFO [api.serializers:62] 
[19/May/2020 08:47:31] INFO [api.serializers:62] 
[19/May/2020 08:47:31] INFO [api.serializers:62] 
[19/May/2020 08:47:31] INFO [api.serializers:62] 
[19/May/2020 08:47:31] INFO [api.serializers:68] {"1": "22"}
[19/May/2020 08:47:31] INFO [api.serializers:55] {'1': '3', '1text': '', '2text': '', '3text': '', '4text': '', '5text': ''}
[19/May/2020 08:47:31] INFO [api.serializers:59] {'1': '3', '1text': '', '2text': '', '3text': '', '4text': '', '5text': ''}
[19/May/2020 08:47:31] INFO [api.serializers:62] 3
[19/May/2020 08:47:31] INFO [api.serializers:62] 
[19/May/2020 08:47:31] INFO [api.serializers:62] 
[19/May/2020 08:47:31] INFO [api.serializers:62] 
[19/May/2020 08:47:31] INFO [api.serializers:62] 
[19/May/2020 08:47:31] INFO [api.serializers:62] 
[19/May/2020 08:47:31] INFO [api.serializers:68] {"1": "21"}
[19/May/2020 08:47:31] INFO [api.serializers:55] {'1': '4', '1text': '', '2text': '', '3text': '', '4text': '', '5text': ''}
[19/May/2020 08:47:31] INFO [api.serializers:59] {'1': '4', '1text': '', '2text': '', '3text': '', '4text': '', '5text': ''}
[19/May/2020 08:47:31] INFO [api.serializers:62] 4
[19/May/2020 08:47:31] INFO [api.serializers:62] 
[19/May/2020 08:47:31] INFO [api.serializers:62] 
[19/May/2020 08:47:31] INFO [api.serializers:62] 
[19/May/2020 08:47:31] INFO [api.serializers:62] 
[19/May/2020 08:47:31] INFO [api.serializers:62] 
[19/May/2020 08:47:31] INFO [api.serializers:68] {"1": "22"}
[19/May/2020 08:47:31] INFO [api.serializers:55] {'1': '3', '1text': '', '2text': '', '3text': '', '4text': '', '5text': ''}
[19/May/2020 08:47:31] INFO [api.serializers:59] {'1': '3', '1text': '', '2text': '', '3text': '', '4text': '', '5text': ''}
[19/May/2020 08:47:31] INFO [api.serializers:62] 3
[19/May/2020 08:47:31] INFO [api.serializers:62] 
[19/May/2020 08:47:31] INFO [api.serializers:62] 
[19/May/2020 08:47:31] INFO [api.serializers:62] 
[19/May/2020 08:47:31] INFO [api.serializers:62] 
[19/May/2020 08:47:31] INFO [api.serializers:62] 
[19/May/2020 08:47:31] INFO [api.serializers:68] {"1": "21"}
[19/May/2020 08:47:31] INFO [api.serializers:55] {'1': '3', '2': '4', '1text': '', '2text': '', '3text': '', '4text': '', '5text': ''}
[19/May/2020 08:47:31] INFO [api.serializers:59] {'1': '3', '2': '4', '1text': '', '2text': '', '3text': '', '4text': '', '5text': ''}
[19/May/2020 08:47:31] INFO [api.serializers:62] 3
[19/May/2020 08:47:31] INFO [api.serializers:62] 4
[19/May/2020 08:47:31] INFO [api.serializers:62] 
[19/May/2020 08:47:31] INFO [api.serializers:62] 
[19/May/2020 08:47:31] INFO [api.serializers:62] 
[19/May/2020 08:47:31] INFO [api.serializers:62] 
[19/May/2020 08:47:31] INFO [api.serializers:62] 
[19/May/2020 08:47:31] INFO [api.serializers:68] {"1": "21", "2": "22"}
[19/May/2020 08:47:31] INFO [api.serializers:55] {'1': '4', '1text': '', '2text': '', '3text': '', '4text': '', '5text': ''}
[19/May/2020 08:47:31] INFO [api.serializers:59] {'1': '4', '1text': '', '2text': '', '3text': '', '4text': '', '5text': ''}
[19/May/2020 08:47:31] INFO [api.serializers:62] 4
[19/May/2020 08:47:31] INFO [api.serializers:62] 
[19/May/2020 08:47:31] INFO [api.serializers:62] 
[19/May/2020 08:47:31] INFO [api.serializers:62] 
[19/May/2020 08:47:31] INFO [api.serializers:62] 
[19/May/2020 08:47:31] INFO [api.serializers:62] 
[19/May/2020 08:47:31] INFO [api.serializers:68] {"1": "22"}
[19/May/2020 11:54:55] INFO [api.serializers:55] {'1': '8', '1text': '', '2text': '', '3text': '', '4text': '', '5text': ''}
[19/May/2020 11:54:55] INFO [api.serializers:59] {'1': '8', '1text': '', '2text': '', '3text': '', '4text': '', '5text': ''}
[19/May/2020 11:54:55] INFO [api.serializers:62] 8
[19/May/2020 11:54:55] INFO [api.serializers:62] 
[19/May/2020 11:54:55] INFO [api.serializers:62] 
[19/May/2020 11:54:55] INFO [api.serializers:62] 
[19/May/2020 11:54:55] INFO [api.serializers:62] 
[19/May/2020 11:54:55] INFO [api.serializers:62] 
[19/May/2020 11:54:55] INFO [api.serializers:68] {"1": "3-3"}
[19/May/2020 11:54:55] INFO [api.serializers:55] {'1': '7', '1text': '', '2text': '', '3text': '', '4text': '', '5text': ''}
[19/May/2020 11:54:55] INFO [api.serializers:59] {'1': '7', '1text': '', '2text': '', '3text': '', '4text': '', '5text': ''}
[19/May/2020 11:54:55] INFO [api.serializers:62] 7
[19/May/2020 11:54:55] INFO [api.serializers:62] 
[19/May/2020 11:54:55] INFO [api.serializers:62] 
[19/May/2020 11:54:55] INFO [api.serializers:62] 
[19/May/2020 11:54:55] INFO [api.serializers:62] 
[19/May/2020 11:54:55] INFO [api.serializers:62] 
[19/May/2020 11:54:55] INFO [api.serializers:68] {"1": "3-2"}
[19/May/2020 11:54:55] INFO [api.serializers:55] {'1': '8', '1text': '', '2text': '', '3text': '', '4text': '', '5text': ''}
[19/May/2020 11:54:55] INFO [api.serializers:59] {'1': '8', '1text': '', '2text': '', '3text': '', '4text': '', '5text': ''}
[19/May/2020 11:54:55] INFO [api.serializers:62] 8
[19/May/2020 11:54:55] INFO [api.serializers:62] 
[19/May/2020 11:54:55] INFO [api.serializers:62] 
[19/May/2020 11:54:55] INFO [api.serializers:62] 
[19/May/2020 11:54:55] INFO [api.serializers:62] 
[19/May/2020 11:54:55] INFO [api.serializers:62] 
[19/May/2020 11:54:55] INFO [api.serializers:68] {"1": "3-3"}
[19/May/2020 11:54:55] INFO [api.serializers:55] {'1': '7', '1text': '', '2text': '', '3text': '', '4text': '', '5text': ''}
[19/May/2020 11:54:55] INFO [api.serializers:59] {'1': '7', '1text': '', '2text': '', '3text': '', '4text': '', '5text': ''}
[19/May/2020 11:54:55] INFO [api.serializers:62] 7
[19/May/2020 11:54:55] INFO [api.serializers:62] 
[19/May/2020 11:54:55] INFO [api.serializers:62] 
[19/May/2020 11:54:55] INFO [api.serializers:62] 
[19/May/2020 11:54:55] INFO [api.serializers:62] 
[19/May/2020 11:54:55] INFO [api.serializers:62] 
[19/May/2020 11:54:55] INFO [api.serializers:68] {"1": "3-2"}
[19/May/2020 11:54:55] INFO [api.serializers:55] {'1': '7', '2': '8', '1text': '', '2text': '', '3text': '', '4text': '', '5text': ''}
[19/May/2020 11:54:55] INFO [api.serializers:59] {'1': '7', '2': '8', '1text': '', '2text': '', '3text': '', '4text': '', '5text': ''}
[19/May/2020 11:54:55] INFO [api.serializers:62] 7
[19/May/2020 11:54:55] INFO [api.serializers:62] 8
[19/May/2020 11:54:55] INFO [api.serializers:62] 
[19/May/2020 11:54:55] INFO [api.serializers:62] 
[19/May/2020 11:54:55] INFO [api.serializers:62] 
[19/May/2020 11:54:55] INFO [api.serializers:62] 
[19/May/2020 11:54:55] INFO [api.serializers:62] 
[19/May/2020 11:54:55] INFO [api.serializers:68] {"1": "3-2", "2": "3-3"}
[19/May/2020 11:54:55] INFO [api.serializers:55] {'1': '8', '1text': '', '2text': '', '3text': '', '4text': '', '5text': ''}
[19/May/2020 11:54:55] INFO [api.serializers:59] {'1': '8', '1text': '', '2text': '', '3text': '', '4text': '', '5text': ''}
[19/May/2020 11:54:55] INFO [api.serializers:62] 8
[19/May/2020 11:54:55] INFO [api.serializers:62] 
[19/May/2020 11:54:55] INFO [api.serializers:62] 
[19/May/2020 11:54:55] INFO [api.serializers:62] 
[19/May/2020 11:54:55] INFO [api.serializers:62] 
[19/May/2020 11:54:55] INFO [api.serializers:62] 
[19/May/2020 11:54:55] INFO [api.serializers:68] {"1": "3-3"}
[19/May/2020 11:54:55] INFO [api.serializers:55] {'1': '8', '1text': '', '2text': '', '3text': '', '4text': '', '5text': ''}
[19/May/2020 11:54:55] INFO [api.serializers:59] {'1': '8', '1text': '', '2text': '', '3text': '', '4text': '', '5text': ''}
[19/May/2020 11:54:55] INFO [api.serializers:62] 8
[19/May/2020 11:54:55] INFO [api.serializers:62] 
[19/May/2020 11:54:55] INFO [api.serializers:62] 
[19/May/2020 11:54:55] INFO [api.serializers:62] 
[19/May/2020 11:54:55] INFO [api.serializers:62] 
[19/May/2020 11:54:55] INFO [api.serializers:62] 
[19/May/2020 11:54:55] INFO [api.serializers:68] {"1": "3-3"}
[19/May/2020 11:54:55] INFO [api.serializers:55] {'1': '6', '1text': '', '2text': '', '3text': '', '4text': '', '5text': ''}
[19/May/2020 11:54:55] INFO [api.serializers:59] {'1': '6', '1text': '', '2text': '', '3text': '', '4text': '', '5text': ''}
[19/May/2020 11:54:55] INFO [api.serializers:62] 6
[19/May/2020 11:54:55] INFO [api.serializers:62] 
[19/May/2020 11:54:55] INFO [api.serializers:62] 
[19/May/2020 11:54:55] INFO [api.serializers:62] 
[19/May/2020 11:54:55] INFO [api.serializers:62] 
[19/May/2020 11:54:55] INFO [api.serializers:62] 
[19/May/2020 11:54:55] INFO [api.serializers:68] {"1": "3-1"}
[19/May/2020 11:54:55] INFO [api.serializers:55] {'1': '8', '1text': '', '2text': '', '3text': '', '4text': '', '5text': ''}
[19/May/2020 11:54:55] INFO [api.serializers:59] {'1': '8', '1text': '', '2text': '', '3text': '', '4text': '', '5text': ''}
[19/May/2020 11:54:55] INFO [api.serializers:62] 8
[19/May/2020 11:54:55] INFO [api.serializers:62] 
[19/May/2020 11:54:55] INFO [api.serializers:62] 
[19/May/2020 11:54:55] INFO [api.serializers:62] 
[19/May/2020 11:54:55] INFO [api.serializers:62] 
[19/May/2020 11:54:55] INFO [api.serializers:62] 
[19/May/2020 11:54:55] INFO [api.serializers:68] {"1": "3-3"}
[19/May/2020 11:54:55] INFO [api.serializers:55] {'1': '6', '1text': '', '2text': '', '3text': '', '4text': '', '5text': ''}
[19/May/2020 11:54:55] INFO [api.serializers:59] {'1': '6', '1text': '', '2text': '', '3text': '', '4text': '', '5text': ''}
[19/May/2020 11:54:55] INFO [api.serializers:62] 6
[19/May/2020 11:54:55] INFO [api.serializers:62] 
[19/May/2020 11:54:55] INFO [api.serializers:62] 
[19/May/2020 11:54:55] INFO [api.serializers:62] 
[19/May/2020 11:54:55] INFO [api.serializers:62] 
[19/May/2020 11:54:55] INFO [api.serializers:62] 
[19/May/2020 11:54:55] INFO [api.serializers:68] {"1": "3-1"}
[19/May/2020 11:54:55] INFO [api.serializers:55] {'1': '6', '1text': '', '2text': '', '3text': '', '4text': '', '5text': ''}
[19/May/2020 11:54:55] INFO [api.serializers:59] {'1': '6', '1text': '', '2text': '', '3text': '', '4text': '', '5text': ''}
[19/May/2020 11:54:55] INFO [api.serializers:62] 6
[19/May/2020 11:54:55] INFO [api.serializers:62] 
[19/May/2020 11:54:55] INFO [api.serializers:62] 
[19/May/2020 11:54:55] INFO [api.serializers:62] 
[19/May/2020 11:54:55] INFO [api.serializers:62] 
[19/May/2020 11:54:55] INFO [api.serializers:62] 
[19/May/2020 11:54:55] INFO [api.serializers:68] {"1": "3-1"}
[19/May/2020 11:54:55] INFO [api.serializers:55] {'1': '8', '1text': '', '2text': '', '3text': '', '4text': '', '5text': ''}
[19/May/2020 11:54:55] INFO [api.serializers:59] {'1': '8', '1text': '', '2text': '', '3text': '', '4text': '', '5text': ''}
[19/May/2020 11:54:55] INFO [api.serializers:62] 8
[19/May/2020 11:54:55] INFO [api.serializers:62] 
[19/May/2020 11:54:55] INFO [api.serializers:62] 
[19/May/2020 11:54:55] INFO [api.serializers:62] 
[19/May/2020 11:54:55] INFO [api.serializers:62] 
[19/May/2020 11:54:55] INFO [api.serializers:62] 
[19/May/2020 11:54:55] INFO [api.serializers:68] {"1": "3-3"}
[19/May/2020 11:54:55] INFO [api.serializers:55] {'1': '6', '1text': '', '2text': '', '3text': '', '4text': '', '5text': ''}
[19/May/2020 11:54:55] INFO [api.serializers:59] {'1': '6', '1text': '', '2text': '', '3text': '', '4text': '', '5text': ''}
[19/May/2020 11:54:55] INFO [api.serializers:62] 6
[19/May/2020 11:54:55] INFO [api.serializers:62] 
[19/May/2020 11:54:55] INFO [api.serializers:62] 
[19/May/2020 11:54:55] INFO [api.serializers:62] 
[19/May/2020 11:54:55] INFO [api.serializers:62] 
[19/May/2020 11:54:55] INFO [api.serializers:62] 
[19/May/2020 11:54:55] INFO [api.serializers:68] {"1": "3-1"}
[19/May/2020 11:54:55] INFO [api.serializers:55] {'1': '7', '1text': '', '2text': '', '3text': '', '4text': '', '5text': ''}
[19/May/2020 11:54:55] INFO [api.serializers:59] {'1': '7', '1text': '', '2text': '', '3text': '', '4text': '', '5text': ''}
[19/May/2020 11:54:55] INFO [api.serializers:62] 7
[19/May/2020 11:54:55] INFO [api.serializers:62] 
[19/May/2020 11:54:55] INFO [api.serializers:62] 
[19/May/2020 11:54:55] INFO [api.serializers:62] 
[19/May/2020 11:54:55] INFO [api.serializers:62] 
[19/May/2020 11:54:55] INFO [api.serializers:62] 
[19/May/2020 11:54:55] INFO [api.serializers:68] {"1": "3-2"}
[19/May/2020 11:54:55] INFO [api.serializers:55] {'1': '6', '2': '7', '1text': '', '2text': '', '3text': '', '4text': '', '5text': ''}
[19/May/2020 11:54:55] INFO [api.serializers:59] {'1': '6', '2': '7', '1text': '', '2text': '', '3text': '', '4text': '', '5text': ''}
[19/May/2020 11:54:55] INFO [api.serializers:62] 6
[19/May/2020 11:54:55] INFO [api.serializers:62] 7
[19/May/2020 11:54:55] INFO [api.serializers:62] 
[19/May/2020 11:54:55] INFO [api.serializers:62] 
[19/May/2020 11:54:55] INFO [api.serializers:62] 
[19/May/2020 11:54:55] INFO [api.serializers:62] 
[19/May/2020 11:54:55] INFO [api.serializers:62] 
[19/May/2020 11:54:55] INFO [api.serializers:68] {"1": "3-1", "2": "3-2"}
[19/May/2020 11:54:55] INFO [api.serializers:55] {'1': '7', '1text': '', '2text': '', '3text': '', '4text': '', '5text': ''}
[19/May/2020 11:54:55] INFO [api.serializers:59] {'1': '7', '1text': '', '2text': '', '3text': '', '4text': '', '5text': ''}
[19/May/2020 11:54:55] INFO [api.serializers:62] 7
[19/May/2020 11:54:55] INFO [api.serializers:62] 
[19/May/2020 11:54:55] INFO [api.serializers:62] 
[19/May/2020 11:54:55] INFO [api.serializers:62] 
[19/May/2020 11:54:55] INFO [api.serializers:62] 
[19/May/2020 11:54:55] INFO [api.serializers:62] 
[19/May/2020 11:54:55] INFO [api.serializers:68] {"1": "3-2"}
[19/May/2020 11:54:55] INFO [api.serializers:55] {'1': '6', '1text': '', '2text': '', '3text': '', '4text': '', '5text': ''}
[19/May/2020 11:54:55] INFO [api.serializers:59] {'1': '6', '1text': '', '2text': '', '3text': '', '4text': '', '5text': ''}
[19/May/2020 11:54:55] INFO [api.serializers:62] 6
[19/May/2020 11:54:55] INFO [api.serializers:62] 
[19/May/2020 11:54:55] INFO [api.serializers:62] 
[19/May/2020 11:54:55] INFO [api.serializers:62] 
[19/May/2020 11:54:55] INFO [api.serializers:62] 
[19/May/2020 11:54:55] INFO [api.serializers:62] 
[19/May/2020 11:54:55] INFO [api.serializers:68] {"1": "3-1"}
[19/May/2020 11:54:55] INFO [api.serializers:55] {'1': '7', '1text': '', '2text': '', '3text': '', '4text': '', '5text': ''}
[19/May/2020 11:54:55] INFO [api.serializers:59] {'1': '7', '1text': '', '2text': '', '3text': '', '4text': '', '5text': ''}
[19/May/2020 11:54:55] INFO [api.serializers:62] 7
[19/May/2020 11:54:55] INFO [api.serializers:62] 
[19/May/2020 11:54:55] INFO [api.serializers:62] 
[19/May/2020 11:54:55] INFO [api.serializers:62] 
[19/May/2020 11:54:55] INFO [api.serializers:62] 
[19/May/2020 11:54:55] INFO [api.serializers:62] 
[19/May/2020 11:54:55] INFO [api.serializers:68] {"1": "3-2"}
[20/May/2020 23:50:52] WARNING [django.request:228] Bad Request: /api-token-auth/
[20/May/2020 23:51:51] WARNING [django.request:228] Bad Request: /api-token-auth/
[20/May/2020 23:52:24] WARNING [django.request:228] Bad Request: /api/preguntastests/
[20/May/2020 23:52:24] WARNING [django.request:228] Bad Request: /api/preguntastests/
[20/May/2020 23:52:24] WARNING [django.request:228] Bad Request: /api/preguntastests/
[20/May/2020 23:52:24] WARNING [django.request:228] Bad Request: /api/preguntastests/
[20/May/2020 23:52:24] WARNING [django.request:228] Bad Request: /api/preguntastests/
[20/May/2020 23:52:24] WARNING [django.request:228] Bad Request: /api/preguntastests/
[20/May/2020 23:53:14] ERROR [django.request:228] Internal Server Error: /api/test/Test 1 - Seguimiento/
Traceback (most recent call last):
  File "/usr/local/lib/python3.6/dist-packages/django/db/backends/utils.py", line 86, in _execute
    return self.cursor.execute(sql, params)
  File "/usr/local/lib/python3.6/dist-packages/django/db/backends/mysql/base.py", line 74, in execute
    return self.cursor.execute(query, args)
  File "/usr/local/lib/python3.6/dist-packages/MySQLdb/cursors.py", line 209, in execute
    res = self._query(query)
  File "/usr/local/lib/python3.6/dist-packages/MySQLdb/cursors.py", line 315, in _query
    db.query(q)
  File "/usr/local/lib/python3.6/dist-packages/MySQLdb/connections.py", line 239, in query
    _mysql.connection.query(self, query)
MySQLdb._exceptions.ProgrammingError: (1146, "Table 'atopa_app.resultados_respuesta' doesn't exist")

The above exception was the direct cause of the following exception:

Traceback (most recent call last):
  File "/usr/local/lib/python3.6/dist-packages/django/core/handlers/exception.py", line 34, in inner
    response = get_response(request)
  File "/usr/local/lib/python3.6/dist-packages/django/core/handlers/base.py", line 115, in _get_response
    response = self.process_exception_by_middleware(e, request)
  File "/usr/local/lib/python3.6/dist-packages/django/core/handlers/base.py", line 113, in _get_response
    response = wrapped_callback(request, *callback_args, **callback_kwargs)
  File "/usr/local/lib/python3.6/dist-packages/django/views/decorators/csrf.py", line 54, in wrapped_view
    return view_func(*args, **kwargs)
  File "/usr/local/lib/python3.6/dist-packages/django/views/generic/base.py", line 71, in view
    return self.dispatch(request, *args, **kwargs)
  File "/usr/local/lib/python3.6/dist-packages/rest_framework/views.py", line 505, in dispatch
    response = self.handle_exception(exc)
  File "/usr/local/lib/python3.6/dist-packages/rest_framework/views.py", line 465, in handle_exception
    self.raise_uncaught_exception(exc)
  File "/usr/local/lib/python3.6/dist-packages/rest_framework/views.py", line 476, in raise_uncaught_exception
    raise exc
  File "/usr/local/lib/python3.6/dist-packages/rest_framework/views.py", line 502, in dispatch
    response = handler(request, *args, **kwargs)
  File "/atopa/atopaserver/api/views.py", line 79, in delete
    student.delete()
  File "/usr/local/lib/python3.6/dist-packages/django/db/models/base.py", line 938, in delete
    return collector.delete()
  File "/usr/local/lib/python3.6/dist-packages/django/db/models/deletion.py", line 314, in delete
    count = qs._raw_delete(using=self.using)
  File "/usr/local/lib/python3.6/dist-packages/django/db/models/query.py", line 736, in _raw_delete
    return sql.DeleteQuery(self.model).delete_qs(self, using)
  File "/usr/local/lib/python3.6/dist-packages/django/db/models/sql/subqueries.py", line 75, in delete_qs
    cursor = self.get_compiler(using).execute_sql(CURSOR)
  File "/usr/local/lib/python3.6/dist-packages/django/db/models/sql/compiler.py", line 1151, in execute_sql
    cursor.execute(sql, params)
  File "/usr/local/lib/python3.6/dist-packages/django/db/backends/utils.py", line 68, in execute
    return self._execute_with_wrappers(sql, params, many=False, executor=self._execute)
  File "/usr/local/lib/python3.6/dist-packages/django/db/backends/utils.py", line 77, in _execute_with_wrappers
    return executor(sql, params, many, context)
  File "/usr/local/lib/python3.6/dist-packages/django/db/backends/utils.py", line 86, in _execute
    return self.cursor.execute(sql, params)
  File "/usr/local/lib/python3.6/dist-packages/django/db/utils.py", line 90, in __exit__
    raise dj_exc_value.with_traceback(traceback) from exc_value
  File "/usr/local/lib/python3.6/dist-packages/django/db/backends/utils.py", line 86, in _execute
    return self.cursor.execute(sql, params)
  File "/usr/local/lib/python3.6/dist-packages/django/db/backends/mysql/base.py", line 74, in execute
    return self.cursor.execute(query, args)
  File "/usr/local/lib/python3.6/dist-packages/MySQLdb/cursors.py", line 209, in execute
    res = self._query(query)
  File "/usr/local/lib/python3.6/dist-packages/MySQLdb/cursors.py", line 315, in _query
    db.query(q)
  File "/usr/local/lib/python3.6/dist-packages/MySQLdb/connections.py", line 239, in query
    _mysql.connection.query(self, query)
django.db.utils.ProgrammingError: (1146, "Table 'atopa_app.resultados_respuesta' doesn't exist")
[20/May/2020 23:59:56] WARNING [django.request:228] Bad Request: /api/preguntastests/
[20/May/2020 23:59:56] WARNING [django.request:228] Bad Request: /api/preguntastests/
[20/May/2020 23:59:56] WARNING [django.request:228] Bad Request: /api/preguntastests/
[20/May/2020 23:59:56] WARNING [django.request:228] Bad Request: /api/preguntastests/
[20/May/2020 23:59:56] WARNING [django.request:228] Bad Request: /api/preguntastests/
[20/May/2020 23:59:56] WARNING [django.request:228] Bad Request: /api/preguntastests/
[21/May/2020 00:00:19] ERROR [django.request:228] Internal Server Error: /api/test/Test 1 - Seguimiento/
Traceback (most recent call last):
  File "/usr/local/lib/python3.6/dist-packages/django/core/handlers/exception.py", line 34, in inner
    response = get_response(request)
  File "/usr/local/lib/python3.6/dist-packages/django/core/handlers/base.py", line 115, in _get_response
    response = self.process_exception_by_middleware(e, request)
  File "/usr/local/lib/python3.6/dist-packages/django/core/handlers/base.py", line 113, in _get_response
    response = wrapped_callback(request, *callback_args, **callback_kwargs)
  File "/usr/local/lib/python3.6/dist-packages/django/views/decorators/csrf.py", line 54, in wrapped_view
    return view_func(*args, **kwargs)
  File "/usr/local/lib/python3.6/dist-packages/django/views/generic/base.py", line 71, in view
    return self.dispatch(request, *args, **kwargs)
  File "/usr/local/lib/python3.6/dist-packages/rest_framework/views.py", line 505, in dispatch
    response = self.handle_exception(exc)
  File "/usr/local/lib/python3.6/dist-packages/rest_framework/views.py", line 465, in handle_exception
    self.raise_uncaught_exception(exc)
  File "/usr/local/lib/python3.6/dist-packages/rest_framework/views.py", line 476, in raise_uncaught_exception
    raise exc
  File "/usr/local/lib/python3.6/dist-packages/rest_framework/views.py", line 502, in dispatch
    response = handler(request, *args, **kwargs)
  File "/atopa/atopaserver/api/views.py", line 75, in delete
    test = get_object_or_404(Test.objects.all(), nombre=name)
  File "/usr/local/lib/python3.6/dist-packages/rest_framework/generics.py", line 19, in get_object_or_404
    return _get_object_or_404(queryset, *filter_args, **filter_kwargs)
  File "/usr/local/lib/python3.6/dist-packages/django/shortcuts.py", line 76, in get_object_or_404
    return queryset.get(*args, **kwargs)
  File "/usr/local/lib/python3.6/dist-packages/django/db/models/query.py", line 422, in get
    num if not limit or num < limit else 'more than %s' % (limit - 1),
cuestionarios.models.Test.MultipleObjectsReturned: get() returned more than one Test -- it returned 2!
[21/May/2020 00:09:54] WARNING [django.request:228] Not Found: /api/test/Test 1 - Seguimiento/
[21/May/2020 00:11:31] WARNING [django.request:228] Not Found: /api/test/Test 1 - Seguimiento/
[21/May/2020 00:20:16] WARNING [django.request:228] Not Found: /api/test/Test 1/0
[21/May/2020 00:20:16] WARNING [django.request:228] Bad Request: /api/preguntastests/
[21/May/2020 00:20:16] WARNING [django.request:228] Bad Request: /api/preguntastests/
[21/May/2020 00:20:16] WARNING [django.request:228] Bad Request: /api/preguntastests/
[21/May/2020 00:20:16] WARNING [django.request:228] Bad Request: /api/preguntastests/
[21/May/2020 00:20:16] WARNING [django.request:228] Bad Request: /api/preguntastests/
[21/May/2020 00:20:16] WARNING [django.request:228] Bad Request: /api/preguntastests/
[21/May/2020 00:24:12] WARNING [django.request:228] Method Not Allowed: /api/test/Test 1/0/
[21/May/2020 00:24:12] WARNING [django.request:228] Bad Request: /api/preguntastests/
[21/May/2020 00:24:12] WARNING [django.request:228] Bad Request: /api/preguntastests/
[21/May/2020 00:24:12] WARNING [django.request:228] Bad Request: /api/preguntastests/
[21/May/2020 00:24:12] WARNING [django.request:228] Bad Request: /api/preguntastests/
[21/May/2020 00:24:12] WARNING [django.request:228] Bad Request: /api/preguntastests/
[21/May/2020 00:24:12] WARNING [django.request:228] Bad Request: /api/preguntastests/
[21/May/2020 00:24:12] WARNING [django.request:228] Bad Request: /api/users/
[21/May/2020 00:24:12] WARNING [django.request:228] Bad Request: /api/users/
[21/May/2020 00:24:12] WARNING [django.request:228] Bad Request: /api/users/
[21/May/2020 00:28:28] WARNING [django.request:228] Method Not Allowed: /api/test/Test 1/0/
[21/May/2020 00:28:28] WARNING [django.request:228] Bad Request: /api/preguntastests/
[21/May/2020 00:28:28] WARNING [django.request:228] Bad Request: /api/preguntastests/
[21/May/2020 00:28:28] WARNING [django.request:228] Bad Request: /api/preguntastests/
[21/May/2020 00:28:29] WARNING [django.request:228] Bad Request: /api/preguntastests/
[21/May/2020 00:28:29] WARNING [django.request:228] Bad Request: /api/preguntastests/
[21/May/2020 00:28:29] WARNING [django.request:228] Bad Request: /api/preguntastests/
[21/May/2020 00:28:29] WARNING [django.request:228] Bad Request: /api/users/
[21/May/2020 00:28:29] WARNING [django.request:228] Bad Request: /api/users/
[21/May/2020 00:28:29] WARNING [django.request:228] Bad Request: /api/users/
[21/May/2020 00:36:12] WARNING [django.request:228] Method Not Allowed: /api/test/Test 1/0/
[21/May/2020 00:36:12] WARNING [django.request:228] Bad Request: /api/preguntastests/
[21/May/2020 00:36:12] WARNING [django.request:228] Bad Request: /api/preguntastests/
[21/May/2020 00:36:12] WARNING [django.request:228] Bad Request: /api/preguntastests/
[21/May/2020 00:36:12] WARNING [django.request:228] Bad Request: /api/preguntastests/
[21/May/2020 00:36:12] WARNING [django.request:228] Bad Request: /api/preguntastests/
[21/May/2020 00:36:12] WARNING [django.request:228] Bad Request: /api/preguntastests/
[21/May/2020 00:36:12] WARNING [django.request:228] Bad Request: /api/users/
[21/May/2020 00:36:12] WARNING [django.request:228] Bad Request: /api/users/
[21/May/2020 00:36:13] WARNING [django.request:228] Bad Request: /api/users/
[21/May/2020 00:43:43] WARNING [django.request:228] Bad Request: /api/test/
[21/May/2020 00:43:43] WARNING [django.request:228] Bad Request: /api/preguntastests/
[21/May/2020 00:43:43] WARNING [django.request:228] Bad Request: /api/preguntastests/
[21/May/2020 00:43:43] WARNING [django.request:228] Bad Request: /api/preguntastests/
[21/May/2020 00:43:43] WARNING [django.request:228] Bad Request: /api/preguntastests/
[21/May/2020 00:43:43] WARNING [django.request:228] Bad Request: /api/preguntastests/
[21/May/2020 00:43:43] WARNING [django.request:228] Bad Request: /api/preguntastests/
[21/May/2020 00:43:43] WARNING [django.request:228] Bad Request: /api/users/
[21/May/2020 00:43:43] WARNING [django.request:228] Bad Request: /api/users/
[21/May/2020 00:43:43] WARNING [django.request:228] Bad Request: /api/users/
[21/May/2020 00:46:31] WARNING [django.request:228] Bad Request: /api/test/
[21/May/2020 00:46:31] WARNING [django.request:228] Bad Request: /api/preguntastests/
[21/May/2020 00:46:31] WARNING [django.request:228] Bad Request: /api/preguntastests/
[21/May/2020 00:46:31] WARNING [django.request:228] Bad Request: /api/preguntastests/
[21/May/2020 00:46:31] WARNING [django.request:228] Bad Request: /api/preguntastests/
[21/May/2020 00:46:31] WARNING [django.request:228] Bad Request: /api/preguntastests/
[21/May/2020 00:46:31] WARNING [django.request:228] Bad Request: /api/preguntastests/
[21/May/2020 00:46:32] WARNING [django.request:228] Bad Request: /api/users/
[21/May/2020 00:46:32] WARNING [django.request:228] Bad Request: /api/users/
[21/May/2020 00:46:32] WARNING [django.request:228] Bad Request: /api/users/
[21/May/2020 00:50:16] WARNING [django.request:228] Method Not Allowed: /api-token-auth/
[21/May/2020 00:52:31] WARNING [django.request:228] Unauthorized: /api/test/
[21/May/2020 00:52:53] WARNING [django.request:228] Method Not Allowed: /api/test/
[21/May/2020 00:53:08] WARNING [django.request:228] Method Not Allowed: /api/test/
[21/May/2020 00:54:45] WARNING [django.request:228] Bad Request: /api/test/
[21/May/2020 00:56:44] WARNING [django.request:228] Bad Request: /api/test/
[21/May/2020 00:56:46] WARNING [django.request:228] Bad Request: /api/test/
[21/May/2020 00:56:49] WARNING [django.request:228] Bad Request: /api/test/
[21/May/2020 00:57:43] WARNING [django.request:228] Bad Request: /api/test/
[21/May/2020 00:57:44] WARNING [django.request:228] Bad Request: /api/test/
[21/May/2020 01:00:03] ERROR [django.request:228] Internal Server Error: /api/test/
Traceback (most recent call last):
  File "/usr/local/lib/python3.6/dist-packages/django/core/handlers/exception.py", line 34, in inner
    response = get_response(request)
  File "/usr/local/lib/python3.6/dist-packages/django/core/handlers/base.py", line 115, in _get_response
    response = self.process_exception_by_middleware(e, request)
  File "/usr/local/lib/python3.6/dist-packages/django/core/handlers/base.py", line 113, in _get_response
    response = wrapped_callback(request, *callback_args, **callback_kwargs)
  File "/usr/local/lib/python3.6/dist-packages/django/views/decorators/csrf.py", line 54, in wrapped_view
    return view_func(*args, **kwargs)
  File "/usr/local/lib/python3.6/dist-packages/django/views/generic/base.py", line 71, in view
    return self.dispatch(request, *args, **kwargs)
  File "/usr/local/lib/python3.6/dist-packages/rest_framework/views.py", line 505, in dispatch
    response = self.handle_exception(exc)
  File "/usr/local/lib/python3.6/dist-packages/rest_framework/views.py", line 465, in handle_exception
    self.raise_uncaught_exception(exc)
  File "/usr/local/lib/python3.6/dist-packages/rest_framework/views.py", line 476, in raise_uncaught_exception
    raise exc
  File "/usr/local/lib/python3.6/dist-packages/rest_framework/views.py", line 502, in dispatch
    response = handler(request, *args, **kwargs)
  File "/atopa/atopaserver/api/views.py", line 76, in post
    name = request.data.nombre
AttributeError: 'QueryDict' object has no attribute 'nombre'
[21/May/2020 01:00:51] INFO [api.views:76] <QueryDict: {'nombre': ['Test 1'], 'first': ['0']}>
[21/May/2020 01:00:51] ERROR [django.request:228] Internal Server Error: /api/test/
Traceback (most recent call last):
  File "/usr/local/lib/python3.6/dist-packages/django/core/handlers/exception.py", line 34, in inner
    response = get_response(request)
  File "/usr/local/lib/python3.6/dist-packages/django/core/handlers/base.py", line 115, in _get_response
    response = self.process_exception_by_middleware(e, request)
  File "/usr/local/lib/python3.6/dist-packages/django/core/handlers/base.py", line 113, in _get_response
    response = wrapped_callback(request, *callback_args, **callback_kwargs)
  File "/usr/local/lib/python3.6/dist-packages/django/views/decorators/csrf.py", line 54, in wrapped_view
    return view_func(*args, **kwargs)
  File "/usr/local/lib/python3.6/dist-packages/django/views/generic/base.py", line 71, in view
    return self.dispatch(request, *args, **kwargs)
  File "/usr/local/lib/python3.6/dist-packages/rest_framework/views.py", line 505, in dispatch
    response = self.handle_exception(exc)
  File "/usr/local/lib/python3.6/dist-packages/rest_framework/views.py", line 465, in handle_exception
    self.raise_uncaught_exception(exc)
  File "/usr/local/lib/python3.6/dist-packages/rest_framework/views.py", line 476, in raise_uncaught_exception
    raise exc
  File "/usr/local/lib/python3.6/dist-packages/rest_framework/views.py", line 502, in dispatch
    response = handler(request, *args, **kwargs)
  File "/atopa/atopaserver/api/views.py", line 78, in post
    first = request.data.first
AttributeError: 'QueryDict' object has no attribute 'first'
[21/May/2020 01:02:11] INFO [api.views:76] <QueryDict: {'nombre': ['Test 1'], 'first': ['0']}>
[21/May/2020 01:02:11] WARNING [django.request:228] Not Found: /api/test/
[21/May/2020 01:03:35] INFO [api.views:76] <QueryDict: {'nombre': ['Test 1'], 'first': ['0']}>
[21/May/2020 07:58:09] INFO [api.views:78] <QueryDict: {'nombre': ['Test 1 - Seguimiento'], 'first': ['1']}>
[21/May/2020 07:58:09] WARNING [django.request:228] Not Found: /api/test/
[21/May/2020 07:58:09] WARNING [django.request:228] Bad Request: /api/preguntastests/
[21/May/2020 07:58:09] WARNING [django.request:228] Bad Request: /api/preguntastests/
[21/May/2020 07:58:09] WARNING [django.request:228] Bad Request: /api/preguntastests/
[21/May/2020 07:58:09] WARNING [django.request:228] Bad Request: /api/preguntastests/
[21/May/2020 07:58:09] WARNING [django.request:228] Bad Request: /api/preguntastests/
[21/May/2020 07:58:09] WARNING [django.request:228] Bad Request: /api/preguntastests/
[21/May/2020 07:58:09] WARNING [django.request:228] Bad Request: /api/users/
[21/May/2020 07:58:09] WARNING [django.request:228] Bad Request: /api/users/
[21/May/2020 07:58:09] WARNING [django.request:228] Bad Request: /api/users/
[21/May/2020 08:06:05] INFO [api.views:78] <QueryDict: {'nombre': ['Test 1'], 'first': ['0']}>
[21/May/2020 08:06:05] WARNING [django.request:228] Bad Request: /api/preguntastests/
[21/May/2020 08:06:05] WARNING [django.request:228] Bad Request: /api/preguntastests/
[21/May/2020 08:06:05] WARNING [django.request:228] Bad Request: /api/preguntastests/
[21/May/2020 08:06:05] WARNING [django.request:228] Bad Request: /api/preguntastests/
[21/May/2020 08:06:05] WARNING [django.request:228] Bad Request: /api/preguntastests/
[21/May/2020 08:06:05] WARNING [django.request:228] Bad Request: /api/preguntastests/
[21/May/2020 08:06:05] WARNING [django.request:228] Bad Request: /api/users/
[21/May/2020 08:06:06] WARNING [django.request:228] Bad Request: /api/users/
[21/May/2020 08:06:06] WARNING [django.request:228] Bad Request: /api/users/
[21/May/2020 08:06:45] INFO [api.views:78] <QueryDict: {'nombre': ['Test 1 - Seguimiento'], 'first': ['1']}>
[21/May/2020 08:06:45] WARNING [django.request:228] Not Found: /api/test/
[21/May/2020 08:06:45] WARNING [django.request:228] Bad Request: /api/preguntastests/
[21/May/2020 08:06:45] WARNING [django.request:228] Bad Request: /api/preguntastests/
[21/May/2020 08:06:45] WARNING [django.request:228] Bad Request: /api/preguntastests/
[21/May/2020 08:06:45] WARNING [django.request:228] Bad Request: /api/preguntastests/
[21/May/2020 08:06:45] WARNING [django.request:228] Bad Request: /api/preguntastests/
[21/May/2020 08:06:45] WARNING [django.request:228] Bad Request: /api/preguntastests/
[21/May/2020 08:06:45] WARNING [django.request:228] Bad Request: /api/users/
[21/May/2020 08:06:45] WARNING [django.request:228] Bad Request: /api/users/
[21/May/2020 08:06:45] WARNING [django.request:228] Bad Request: /api/users/
[21/May/2020 08:21:19] INFO [api.views:78] <QueryDict: {'nombre': ['Test 3'], 'first': ['0']}>
[21/May/2020 08:21:19] WARNING [django.request:228] Bad Request: /api/preguntastests/
[21/May/2020 08:21:19] WARNING [django.request:228] Bad Request: /api/preguntastests/
[21/May/2020 08:21:19] WARNING [django.request:228] Bad Request: /api/preguntastests/
[21/May/2020 08:21:19] WARNING [django.request:228] Bad Request: /api/preguntastests/
[21/May/2020 08:21:19] WARNING [django.request:228] Bad Request: /api/preguntastests/
[21/May/2020 08:21:19] WARNING [django.request:228] Bad Request: /api/preguntastests/
[21/May/2020 08:21:19] WARNING [django.request:228] Bad Request: /api/users/
[21/May/2020 08:21:19] WARNING [django.request:228] Bad Request: /api/users/
[21/May/2020 08:21:19] WARNING [django.request:228] Bad Request: /api/users/
[21/May/2020 08:22:30] WARNING [django.request:228] Bad Request: /api/test/Test 3
[21/May/2020 08:25:37] INFO [api.views:78] <QueryDict: {'nombre': ['Test 3'], 'first': ['0']}>
[21/May/2020 08:25:37] WARNING [django.request:228] Bad Request: /api/preguntastests/
[21/May/2020 08:25:37] WARNING [django.request:228] Bad Request: /api/preguntastests/
[21/May/2020 08:25:37] WARNING [django.request:228] Bad Request: /api/preguntastests/
[21/May/2020 08:25:37] WARNING [django.request:228] Bad Request: /api/preguntastests/
[21/May/2020 08:25:37] WARNING [django.request:228] Bad Request: /api/preguntastests/
[21/May/2020 08:25:37] WARNING [django.request:228] Bad Request: /api/preguntastests/
[21/May/2020 08:25:38] WARNING [django.request:228] Bad Request: /api/users/
[21/May/2020 08:25:38] WARNING [django.request:228] Bad Request: /api/users/
[21/May/2020 08:25:38] WARNING [django.request:228] Bad Request: /api/users/
[21/May/2020 08:26:41] WARNING [django.request:228] Bad Request: /api/test/Test 3
[21/May/2020 08:43:02] INFO [api.views:78] <QueryDict: {'nombre': ['Test 3'], 'first': ['0']}>
[21/May/2020 08:43:02] WARNING [django.request:228] Bad Request: /api/preguntastests/
[21/May/2020 08:43:02] WARNING [django.request:228] Bad Request: /api/preguntastests/
[21/May/2020 08:43:02] WARNING [django.request:228] Bad Request: /api/preguntastests/
[21/May/2020 08:43:02] WARNING [django.request:228] Bad Request: /api/preguntastests/
[21/May/2020 08:43:02] WARNING [django.request:228] Bad Request: /api/preguntastests/
[21/May/2020 08:43:02] WARNING [django.request:228] Bad Request: /api/preguntastests/
[21/May/2020 08:43:02] WARNING [django.request:228] Bad Request: /api/users/
[21/May/2020 08:43:02] WARNING [django.request:228] Bad Request: /api/users/
[21/May/2020 08:43:02] WARNING [django.request:228] Bad Request: /api/users/
[21/May/2020 08:44:14] WARNING [django.request:228] Bad Request: /api/test/Test 3
[21/May/2020 08:44:38] INFO [api.views:78] <QueryDict: {'nombre': ['Test 3'], 'first': ['0']}>
[21/May/2020 08:44:38] WARNING [django.request:228] Bad Request: /api/preguntastests/
[21/May/2020 08:44:38] WARNING [django.request:228] Bad Request: /api/preguntastests/
[21/May/2020 08:44:38] WARNING [django.request:228] Bad Request: /api/preguntastests/
[21/May/2020 08:44:38] WARNING [django.request:228] Bad Request: /api/preguntastests/
[21/May/2020 08:44:38] WARNING [django.request:228] Bad Request: /api/preguntastests/
[21/May/2020 08:44:38] WARNING [django.request:228] Bad Request: /api/preguntastests/
[21/May/2020 08:44:38] WARNING [django.request:228] Bad Request: /api/users/
[21/May/2020 08:44:38] WARNING [django.request:228] Bad Request: /api/users/
[21/May/2020 08:44:38] WARNING [django.request:228] Bad Request: /api/users/
[21/May/2020 08:46:41] WARNING [django.request:228] Bad Request: /api/test/Test 3
[21/May/2020 08:47:27] ERROR [django.request:228] Internal Server Error: /api/test/
Traceback (most recent call last):
  File "/usr/local/lib/python3.6/dist-packages/django/core/handlers/exception.py", line 34, in inner
    response = get_response(request)
  File "/usr/local/lib/python3.6/dist-packages/django/core/handlers/base.py", line 115, in _get_response
    response = self.process_exception_by_middleware(e, request)
  File "/usr/local/lib/python3.6/dist-packages/django/core/handlers/base.py", line 113, in _get_response
    response = wrapped_callback(request, *callback_args, **callback_kwargs)
  File "/usr/local/lib/python3.6/dist-packages/django/views/decorators/csrf.py", line 54, in wrapped_view
    return view_func(*args, **kwargs)
  File "/usr/local/lib/python3.6/dist-packages/django/views/generic/base.py", line 71, in view
    return self.dispatch(request, *args, **kwargs)
  File "/usr/local/lib/python3.6/dist-packages/rest_framework/views.py", line 505, in dispatch
    response = self.handle_exception(exc)
  File "/usr/local/lib/python3.6/dist-packages/rest_framework/views.py", line 465, in handle_exception
    self.raise_uncaught_exception(exc)
  File "/usr/local/lib/python3.6/dist-packages/rest_framework/views.py", line 476, in raise_uncaught_exception
    raise exc
  File "/usr/local/lib/python3.6/dist-packages/rest_framework/views.py", line 502, in dispatch
    response = handler(request, *args, **kwargs)
  File "/atopa/atopaserver/api/views.py", line 97, in delete
    test =  User_test.objects.filter(user_id=request.user).annotate(name_test=F('test').name).filter(name_test=name)
  File "/usr/local/lib/python3.6/dist-packages/django/db/models/query.py", line 1042, in annotate
    self._validate_values_are_expressions(args + tuple(kwargs.values()), method_name='annotate')
  File "/usr/local/lib/python3.6/dist-packages/django/db/models/query.py", line 1329, in _validate_values_are_expressions
    ', '.join(invalid_args),
TypeError: QuerySet.annotate() received non-expression(s): test.
[21/May/2020 20:22:55] INFO [api.views:78] <QueryDict: {'nombre': ['Test 1 - Seguimiento'], 'first': ['1']}>
[21/May/2020 20:22:56] WARNING [django.request:228] Not Found: /api/test/
[21/May/2020 20:22:56] WARNING [django.request:228] Bad Request: /api/preguntastests/
[21/May/2020 20:22:56] WARNING [django.request:228] Bad Request: /api/preguntastests/
[21/May/2020 20:22:56] WARNING [django.request:228] Bad Request: /api/preguntastests/
[21/May/2020 20:22:56] WARNING [django.request:228] Bad Request: /api/preguntastests/
[21/May/2020 20:22:56] WARNING [django.request:228] Bad Request: /api/preguntastests/
[21/May/2020 20:22:56] WARNING [django.request:228] Bad Request: /api/preguntastests/
[21/May/2020 20:22:56] WARNING [django.request:228] Bad Request: /api/users/
[21/May/2020 20:22:56] WARNING [django.request:228] Bad Request: /api/users/
[21/May/2020 20:22:56] WARNING [django.request:228] Bad Request: /api/users/
[21/May/2020 20:27:41] INFO [api.views:97] andrea
[21/May/2020 20:27:41] ERROR [django.request:228] Internal Server Error: /api/test/
Traceback (most recent call last):
  File "/usr/local/lib/python3.6/dist-packages/django/core/handlers/exception.py", line 34, in inner
    response = get_response(request)
  File "/usr/local/lib/python3.6/dist-packages/django/core/handlers/base.py", line 115, in _get_response
    response = self.process_exception_by_middleware(e, request)
  File "/usr/local/lib/python3.6/dist-packages/django/core/handlers/base.py", line 113, in _get_response
    response = wrapped_callback(request, *callback_args, **callback_kwargs)
  File "/usr/local/lib/python3.6/dist-packages/django/views/decorators/csrf.py", line 54, in wrapped_view
    return view_func(*args, **kwargs)
  File "/usr/local/lib/python3.6/dist-packages/django/views/generic/base.py", line 71, in view
    return self.dispatch(request, *args, **kwargs)
  File "/usr/local/lib/python3.6/dist-packages/rest_framework/views.py", line 505, in dispatch
    response = self.handle_exception(exc)
  File "/usr/local/lib/python3.6/dist-packages/rest_framework/views.py", line 465, in handle_exception
    self.raise_uncaught_exception(exc)
  File "/usr/local/lib/python3.6/dist-packages/rest_framework/views.py", line 476, in raise_uncaught_exception
    raise exc
  File "/usr/local/lib/python3.6/dist-packages/rest_framework/views.py", line 502, in dispatch
    response = handler(request, *args, **kwargs)
  File "/atopa/atopaserver/api/views.py", line 98, in delete
    test =  User_test.objects.filter(user_id=request.user).annotate(name_test=F('test').name).filter(name_test=name)
  File "/usr/local/lib/python3.6/dist-packages/django/db/models/query.py", line 1042, in annotate
    self._validate_values_are_expressions(args + tuple(kwargs.values()), method_name='annotate')
  File "/usr/local/lib/python3.6/dist-packages/django/db/models/query.py", line 1329, in _validate_values_are_expressions
    ', '.join(invalid_args),
TypeError: QuerySet.annotate() received non-expression(s): test.
[21/May/2020 20:29:14] INFO [api.views:78] <QueryDict: {'nombre': ['Test 3'], 'first': ['0']}>
[21/May/2020 20:29:14] WARNING [django.request:228] Bad Request: /api/preguntastests/
[21/May/2020 20:29:14] WARNING [django.request:228] Bad Request: /api/preguntastests/
[21/May/2020 20:29:14] WARNING [django.request:228] Bad Request: /api/preguntastests/
[21/May/2020 20:29:14] WARNING [django.request:228] Bad Request: /api/preguntastests/
[21/May/2020 20:29:14] WARNING [django.request:228] Bad Request: /api/preguntastests/
[21/May/2020 20:29:14] WARNING [django.request:228] Bad Request: /api/preguntastests/
[21/May/2020 20:47:47] INFO [api.views:97] andrea
[21/May/2020 20:47:47] ERROR [django.request:228] Internal Server Error: /api/test/
Traceback (most recent call last):
  File "/usr/local/lib/python3.6/dist-packages/django/core/handlers/exception.py", line 34, in inner
    response = get_response(request)
  File "/usr/local/lib/python3.6/dist-packages/django/core/handlers/base.py", line 115, in _get_response
    response = self.process_exception_by_middleware(e, request)
  File "/usr/local/lib/python3.6/dist-packages/django/core/handlers/base.py", line 113, in _get_response
    response = wrapped_callback(request, *callback_args, **callback_kwargs)
  File "/usr/local/lib/python3.6/dist-packages/django/views/decorators/csrf.py", line 54, in wrapped_view
    return view_func(*args, **kwargs)
  File "/usr/local/lib/python3.6/dist-packages/django/views/generic/base.py", line 71, in view
    return self.dispatch(request, *args, **kwargs)
  File "/usr/local/lib/python3.6/dist-packages/rest_framework/views.py", line 505, in dispatch
    response = self.handle_exception(exc)
  File "/usr/local/lib/python3.6/dist-packages/rest_framework/views.py", line 465, in handle_exception
    self.raise_uncaught_exception(exc)
  File "/usr/local/lib/python3.6/dist-packages/rest_framework/views.py", line 476, in raise_uncaught_exception
    raise exc
  File "/usr/local/lib/python3.6/dist-packages/rest_framework/views.py", line 502, in dispatch
    response = handler(request, *args, **kwargs)
  File "/atopa/atopaserver/api/views.py", line 98, in delete
    test = Test.objects.get(user__username=request.user, nombre=name)
  File "/usr/local/lib/python3.6/dist-packages/django/db/models/manager.py", line 82, in manager_method
    return getattr(self.get_queryset(), name)(*args, **kwargs)
  File "/usr/local/lib/python3.6/dist-packages/django/db/models/query.py", line 404, in get
    clone = self._chain() if self.query.combinator else self.filter(*args, **kwargs)
  File "/usr/local/lib/python3.6/dist-packages/django/db/models/query.py", line 904, in filter
    return self._filter_or_exclude(False, *args, **kwargs)
  File "/usr/local/lib/python3.6/dist-packages/django/db/models/query.py", line 923, in _filter_or_exclude
    clone.query.add_q(Q(*args, **kwargs))
  File "/usr/local/lib/python3.6/dist-packages/django/db/models/sql/query.py", line 1351, in add_q
    clause, _ = self._add_q(q_object, self.used_aliases)
  File "/usr/local/lib/python3.6/dist-packages/django/db/models/sql/query.py", line 1382, in _add_q
    check_filterable=check_filterable,
  File "/usr/local/lib/python3.6/dist-packages/django/db/models/sql/query.py", line 1251, in build_filter
    lookups, parts, reffed_expression = self.solve_lookup_type(arg)
  File "/usr/local/lib/python3.6/dist-packages/django/db/models/sql/query.py", line 1088, in solve_lookup_type
    _, field, _, lookup_parts = self.names_to_path(lookup_splitted, self.get_meta())
  File "/usr/local/lib/python3.6/dist-packages/django/db/models/sql/query.py", line 1484, in names_to_path
    "Choices are: %s" % (name, ", ".join(available)))
django.core.exceptions.FieldError: Cannot resolve keyword 'user' into field. Choices are: first, first_id, id, nombre, preguntas_test, test, tests, user_test
[21/May/2020 20:50:01] INFO [api.views:97] andrea
[21/May/2020 20:50:01] ERROR [django.request:228] Internal Server Error: /api/test/
Traceback (most recent call last):
  File "/usr/local/lib/python3.6/dist-packages/django/core/handlers/exception.py", line 34, in inner
    response = get_response(request)
  File "/usr/local/lib/python3.6/dist-packages/django/core/handlers/base.py", line 115, in _get_response
    response = self.process_exception_by_middleware(e, request)
  File "/usr/local/lib/python3.6/dist-packages/django/core/handlers/base.py", line 113, in _get_response
    response = wrapped_callback(request, *callback_args, **callback_kwargs)
  File "/usr/local/lib/python3.6/dist-packages/django/views/decorators/csrf.py", line 54, in wrapped_view
    return view_func(*args, **kwargs)
  File "/usr/local/lib/python3.6/dist-packages/django/views/generic/base.py", line 71, in view
    return self.dispatch(request, *args, **kwargs)
  File "/usr/local/lib/python3.6/dist-packages/rest_framework/views.py", line 505, in dispatch
    response = self.handle_exception(exc)
  File "/usr/local/lib/python3.6/dist-packages/rest_framework/views.py", line 465, in handle_exception
    self.raise_uncaught_exception(exc)
  File "/usr/local/lib/python3.6/dist-packages/rest_framework/views.py", line 476, in raise_uncaught_exception
    raise exc
  File "/usr/local/lib/python3.6/dist-packages/rest_framework/views.py", line 502, in dispatch
    response = handler(request, *args, **kwargs)
  File "/atopa/atopaserver/api/views.py", line 98, in delete
    test = Test.objects.get(user_test__user__username=request.user, nombre=name)
  File "/usr/local/lib/python3.6/dist-packages/django/db/models/manager.py", line 82, in manager_method
    return getattr(self.get_queryset(), name)(*args, **kwargs)
  File "/usr/local/lib/python3.6/dist-packages/django/db/models/query.py", line 417, in get
    self.model._meta.object_name
cuestionarios.models.Test.DoesNotExist: Test matching query does not exist.
[21/May/2020 22:48:31] INFO [api.views:97] andrea
[21/May/2020 22:48:31] ERROR [django.request:228] Internal Server Error: /api/test/
Traceback (most recent call last):
  File "/usr/local/lib/python3.6/dist-packages/django/core/handlers/exception.py", line 34, in inner
    response = get_response(request)
  File "/usr/local/lib/python3.6/dist-packages/django/core/handlers/base.py", line 115, in _get_response
    response = self.process_exception_by_middleware(e, request)
  File "/usr/local/lib/python3.6/dist-packages/django/core/handlers/base.py", line 113, in _get_response
    response = wrapped_callback(request, *callback_args, **callback_kwargs)
  File "/usr/local/lib/python3.6/dist-packages/django/views/decorators/csrf.py", line 54, in wrapped_view
    return view_func(*args, **kwargs)
  File "/usr/local/lib/python3.6/dist-packages/django/views/generic/base.py", line 71, in view
    return self.dispatch(request, *args, **kwargs)
  File "/usr/local/lib/python3.6/dist-packages/rest_framework/views.py", line 505, in dispatch
    response = self.handle_exception(exc)
  File "/usr/local/lib/python3.6/dist-packages/rest_framework/views.py", line 465, in handle_exception
    self.raise_uncaught_exception(exc)
  File "/usr/local/lib/python3.6/dist-packages/rest_framework/views.py", line 476, in raise_uncaught_exception
    raise exc
  File "/usr/local/lib/python3.6/dist-packages/rest_framework/views.py", line 502, in dispatch
    response = handler(request, *args, **kwargs)
  File "/atopa/atopaserver/api/views.py", line 99, in delete
    test =  user.test_set.get(nombre=name)
AttributeError: 'User' object has no attribute 'test_set'
[21/May/2020 22:54:50] INFO [api.views:97] andrea
[21/May/2020 22:54:50] ERROR [django.request:228] Internal Server Error: /api/test/
Traceback (most recent call last):
  File "/usr/local/lib/python3.6/dist-packages/django/core/handlers/exception.py", line 34, in inner
    response = get_response(request)
  File "/usr/local/lib/python3.6/dist-packages/django/core/handlers/base.py", line 115, in _get_response
    response = self.process_exception_by_middleware(e, request)
  File "/usr/local/lib/python3.6/dist-packages/django/core/handlers/base.py", line 113, in _get_response
    response = wrapped_callback(request, *callback_args, **callback_kwargs)
  File "/usr/local/lib/python3.6/dist-packages/django/views/decorators/csrf.py", line 54, in wrapped_view
    return view_func(*args, **kwargs)
  File "/usr/local/lib/python3.6/dist-packages/django/views/generic/base.py", line 71, in view
    return self.dispatch(request, *args, **kwargs)
  File "/usr/local/lib/python3.6/dist-packages/rest_framework/views.py", line 505, in dispatch
    response = self.handle_exception(exc)
  File "/usr/local/lib/python3.6/dist-packages/rest_framework/views.py", line 465, in handle_exception
    self.raise_uncaught_exception(exc)
  File "/usr/local/lib/python3.6/dist-packages/rest_framework/views.py", line 476, in raise_uncaught_exception
    raise exc
  File "/usr/local/lib/python3.6/dist-packages/rest_framework/views.py", line 502, in dispatch
    response = handler(request, *args, **kwargs)
  File "/atopa/atopaserver/api/views.py", line 99, in delete
    for u in usersTest:
AttributeError: 'User' object has no attribute 'test_set'
[21/May/2020 22:58:41] WARNING [django.request:228] Bad Request: /api-token-auth/
[21/May/2020 22:58:47] WARNING [django.request:228] Bad Request: /api-token-auth/
[21/May/2020 22:59:17] WARNING [django.request:228] Bad Request: /api-token-auth/
[21/May/2020 23:00:34] WARNING [django.request:228] Bad Request: /api-token-auth/
[22/May/2020 08:34:54] WARNING [django.request:228] Bad Request: /api-token-auth/
[22/May/2020 08:35:19] WARNING [django.request:228] Bad Request: /api/preguntastests/
[22/May/2020 08:35:19] WARNING [django.request:228] Bad Request: /api/preguntastests/
[22/May/2020 08:35:19] WARNING [django.request:228] Bad Request: /api/preguntastests/
[22/May/2020 08:35:19] WARNING [django.request:228] Bad Request: /api/preguntastests/
[22/May/2020 08:35:19] WARNING [django.request:228] Bad Request: /api/preguntastests/
[22/May/2020 08:35:19] WARNING [django.request:228] Bad Request: /api/preguntastests/
[22/May/2020 08:40:38] WARNING [django.request:228] Bad Request: /api/preguntastests/
[22/May/2020 08:54:11] WARNING [django.request:228] Bad Request: /api-token-auth/
[22/May/2020 08:56:15] WARNING [django.request:228] Not Found: /api/test/
[22/May/2020 08:56:15] WARNING [django.request:228] Bad Request: /api/preguntastests/
[22/May/2020 08:56:15] WARNING [django.request:228] Bad Request: /api/preguntastests/
[22/May/2020 08:56:16] WARNING [django.request:228] Bad Request: /api/preguntastests/
[22/May/2020 08:56:16] WARNING [django.request:228] Bad Request: /api/preguntastests/
[22/May/2020 08:56:16] WARNING [django.request:228] Bad Request: /api/preguntastests/
[22/May/2020 08:56:16] WARNING [django.request:228] Bad Request: /api/preguntastests/
[22/May/2020 11:54:42] INFO [api.serializers:55] {'1': '10', '1text': '', '2text': '', '3text': '', '4text': '', '5text': ''}
[22/May/2020 11:54:42] INFO [api.serializers:59] {'1': '10', '1text': '', '2text': '', '3text': '', '4text': '', '5text': ''}
[22/May/2020 11:54:42] INFO [api.serializers:62] 10
[22/May/2020 11:54:42] INFO [api.serializers:62] 
[22/May/2020 11:54:42] INFO [api.serializers:62] 
[22/May/2020 11:54:42] INFO [api.serializers:62] 
[22/May/2020 11:54:42] INFO [api.serializers:62] 
[22/May/2020 11:54:42] INFO [api.serializers:62] 
[22/May/2020 11:54:42] INFO [api.serializers:68] {"1": "3-2"}
[22/May/2020 11:54:42] INFO [api.serializers:55] {'1': '11', '1text': '', '2text': '', '3text': '', '4text': '', '5text': ''}
[22/May/2020 11:54:42] INFO [api.serializers:59] {'1': '11', '1text': '', '2text': '', '3text': '', '4text': '', '5text': ''}
[22/May/2020 11:54:42] INFO [api.serializers:62] 11
[22/May/2020 11:54:42] INFO [api.serializers:62] 
[22/May/2020 11:54:42] INFO [api.serializers:62] 
[22/May/2020 11:54:42] INFO [api.serializers:62] 
[22/May/2020 11:54:42] INFO [api.serializers:62] 
[22/May/2020 11:54:42] INFO [api.serializers:62] 
[22/May/2020 11:54:42] INFO [api.serializers:68] {"1": "3-3"}
[22/May/2020 11:54:42] INFO [api.serializers:55] {'1': '10', '1text': '', '2text': '', '3text': '', '4text': '', '5text': ''}
[22/May/2020 11:54:42] INFO [api.serializers:59] {'1': '10', '1text': '', '2text': '', '3text': '', '4text': '', '5text': ''}
[22/May/2020 11:54:42] INFO [api.serializers:62] 10
[22/May/2020 11:54:42] INFO [api.serializers:62] 
[22/May/2020 11:54:42] INFO [api.serializers:62] 
[22/May/2020 11:54:42] INFO [api.serializers:62] 
[22/May/2020 11:54:42] INFO [api.serializers:62] 
[22/May/2020 11:54:42] INFO [api.serializers:62] 
[22/May/2020 11:54:42] INFO [api.serializers:68] {"1": "3-2"}
[22/May/2020 11:54:42] INFO [api.serializers:55] {'1': '11', '1text': 'fghj', '2text': '', '3text': '', '4text': '', '5text': ''}
[22/May/2020 11:54:42] INFO [api.serializers:59] {'1': '11', '1text': 'fghj', '2text': '', '3text': '', '4text': '', '5text': ''}
[22/May/2020 11:54:42] INFO [api.serializers:62] 11
[22/May/2020 11:54:42] INFO [api.serializers:62] fghj
[22/May/2020 11:54:42] INFO [api.serializers:62] 
[22/May/2020 11:54:42] INFO [api.serializers:62] 
[22/May/2020 11:54:42] INFO [api.serializers:62] 
[22/May/2020 11:54:42] INFO [api.serializers:62] 
[22/May/2020 11:54:42] INFO [api.serializers:68] {"1": "3-3", "1text": "fghj"}
[22/May/2020 11:54:42] INFO [api.serializers:55] {'1': '11', '1text': '', '2text': '', '3text': '', '4text': '', '5text': ''}
[22/May/2020 11:54:42] INFO [api.serializers:59] {'1': '11', '1text': '', '2text': '', '3text': '', '4text': '', '5text': ''}
[22/May/2020 11:54:42] INFO [api.serializers:62] 11
[22/May/2020 11:54:42] INFO [api.serializers:62] 
[22/May/2020 11:54:42] INFO [api.serializers:62] 
[22/May/2020 11:54:42] INFO [api.serializers:62] 
[22/May/2020 11:54:42] INFO [api.serializers:62] 
[22/May/2020 11:54:42] INFO [api.serializers:62] 
[22/May/2020 11:54:42] INFO [api.serializers:68] {"1": "3-3"}
[22/May/2020 11:54:42] INFO [api.serializers:55] {'1': '10', '1text': 'dy', '2text': '', '3text': '', '4text': '', '5text': ''}
[22/May/2020 11:54:42] INFO [api.serializers:59] {'1': '10', '1text': 'dy', '2text': '', '3text': '', '4text': '', '5text': ''}
[22/May/2020 11:54:42] INFO [api.serializers:62] 10
[22/May/2020 11:54:42] INFO [api.serializers:62] dy
[22/May/2020 11:54:42] INFO [api.serializers:62] 
[22/May/2020 11:54:42] INFO [api.serializers:62] 
[22/May/2020 11:54:42] INFO [api.serializers:62] 
[22/May/2020 11:54:42] INFO [api.serializers:62] 
[22/May/2020 11:54:42] INFO [api.serializers:68] {"1": "3-2", "1text": "dy"}
[23/May/2020 16:28:48] WARNING [django.request:228] Not Found: /api/test/
[23/May/2020 16:28:49] WARNING [django.request:228] Bad Request: /api/preguntastests/
[23/May/2020 16:28:49] WARNING [django.request:228] Bad Request: /api/preguntastests/
[23/May/2020 16:28:49] WARNING [django.request:228] Bad Request: /api/preguntastests/
[23/May/2020 16:28:49] WARNING [django.request:228] Bad Request: /api/preguntastests/
[23/May/2020 16:28:49] WARNING [django.request:228] Bad Request: /api/preguntastests/
[23/May/2020 16:28:49] WARNING [django.request:228] Bad Request: /api/preguntastests/
[23/May/2020 16:30:30] ERROR [django.request:228] Internal Server Error: /api/test/
Traceback (most recent call last):
  File "/usr/local/lib/python3.6/dist-packages/django/core/handlers/exception.py", line 34, in inner
    response = get_response(request)
  File "/usr/local/lib/python3.6/dist-packages/django/core/handlers/base.py", line 115, in _get_response
    response = self.process_exception_by_middleware(e, request)
  File "/usr/local/lib/python3.6/dist-packages/django/core/handlers/base.py", line 113, in _get_response
    response = wrapped_callback(request, *callback_args, **callback_kwargs)
  File "/usr/local/lib/python3.6/dist-packages/django/views/decorators/csrf.py", line 54, in wrapped_view
    return view_func(*args, **kwargs)
  File "/usr/local/lib/python3.6/dist-packages/django/views/generic/base.py", line 71, in view
    return self.dispatch(request, *args, **kwargs)
  File "/usr/local/lib/python3.6/dist-packages/rest_framework/views.py", line 505, in dispatch
    response = self.handle_exception(exc)
  File "/usr/local/lib/python3.6/dist-packages/rest_framework/views.py", line 465, in handle_exception
    self.raise_uncaught_exception(exc)
  File "/usr/local/lib/python3.6/dist-packages/rest_framework/views.py", line 476, in raise_uncaught_exception
    raise exc
  File "/usr/local/lib/python3.6/dist-packages/rest_framework/views.py", line 502, in dispatch
    response = handler(request, *args, **kwargs)
  File "/atopa/atopaserver/api/views.py", line 100, in delete
    test =  Test.objects.get(user_test__user__username=request.user, nombre=name)
  File "/usr/local/lib/python3.6/dist-packages/django/db/models/manager.py", line 82, in manager_method
    return getattr(self.get_queryset(), name)(*args, **kwargs)
  File "/usr/local/lib/python3.6/dist-packages/django/db/models/query.py", line 417, in get
    self.model._meta.object_name
cuestionarios.models.Test.DoesNotExist: Test matching query does not exist.
[23/May/2020 16:34:47] ERROR [django.request:228] Internal Server Error: /api/test/
Traceback (most recent call last):
  File "/usr/local/lib/python3.6/dist-packages/django/core/handlers/exception.py", line 34, in inner
    response = get_response(request)
  File "/usr/local/lib/python3.6/dist-packages/django/core/handlers/base.py", line 115, in _get_response
    response = self.process_exception_by_middleware(e, request)
  File "/usr/local/lib/python3.6/dist-packages/django/core/handlers/base.py", line 113, in _get_response
    response = wrapped_callback(request, *callback_args, **callback_kwargs)
  File "/usr/local/lib/python3.6/dist-packages/django/views/decorators/csrf.py", line 54, in wrapped_view
    return view_func(*args, **kwargs)
  File "/usr/local/lib/python3.6/dist-packages/django/views/generic/base.py", line 71, in view
    return self.dispatch(request, *args, **kwargs)
  File "/usr/local/lib/python3.6/dist-packages/rest_framework/views.py", line 505, in dispatch
    response = self.handle_exception(exc)
  File "/usr/local/lib/python3.6/dist-packages/rest_framework/views.py", line 465, in handle_exception
    self.raise_uncaught_exception(exc)
  File "/usr/local/lib/python3.6/dist-packages/rest_framework/views.py", line 476, in raise_uncaught_exception
    raise exc
  File "/usr/local/lib/python3.6/dist-packages/rest_framework/views.py", line 502, in dispatch
    response = handler(request, *args, **kwargs)
  File "/atopa/atopaserver/api/views.py", line 100, in delete
    test =  Test.objects.get(user_test__user__username=request.user, nombre=name)
  File "/usr/local/lib/python3.6/dist-packages/django/db/models/manager.py", line 82, in manager_method
    return getattr(self.get_queryset(), name)(*args, **kwargs)
  File "/usr/local/lib/python3.6/dist-packages/django/db/models/query.py", line 417, in get
    self.model._meta.object_name
cuestionarios.models.Test.DoesNotExist: Test matching query does not exist.
[23/May/2020 16:37:48] WARNING [django.request:228] Not Found: /api/test/
[23/May/2020 16:37:48] WARNING [django.request:228] Bad Request: /api/preguntastests/
[23/May/2020 16:37:48] WARNING [django.request:228] Bad Request: /api/preguntastests/
[23/May/2020 16:37:48] WARNING [django.request:228] Bad Request: /api/preguntastests/
[23/May/2020 16:37:48] WARNING [django.request:228] Bad Request: /api/preguntastests/
[23/May/2020 16:37:48] WARNING [django.request:228] Bad Request: /api/preguntastests/
[23/May/2020 16:37:48] WARNING [django.request:228] Bad Request: /api/preguntastests/
[23/May/2020 16:37:48] WARNING [django.request:228] Bad Request: /api/users/
[23/May/2020 16:37:48] WARNING [django.request:228] Bad Request: /api/users/
[23/May/2020 16:37:49] WARNING [django.request:228] Bad Request: /api/users/
[23/May/2020 16:40:50] ERROR [django.request:228] Internal Server Error: /api/test/
Traceback (most recent call last):
  File "/usr/local/lib/python3.6/dist-packages/django/core/handlers/exception.py", line 34, in inner
    response = get_response(request)
  File "/usr/local/lib/python3.6/dist-packages/django/core/handlers/base.py", line 115, in _get_response
    response = self.process_exception_by_middleware(e, request)
  File "/usr/local/lib/python3.6/dist-packages/django/core/handlers/base.py", line 113, in _get_response
    response = wrapped_callback(request, *callback_args, **callback_kwargs)
  File "/usr/local/lib/python3.6/dist-packages/django/views/decorators/csrf.py", line 54, in wrapped_view
    return view_func(*args, **kwargs)
  File "/usr/local/lib/python3.6/dist-packages/django/views/generic/base.py", line 71, in view
    return self.dispatch(request, *args, **kwargs)
  File "/usr/local/lib/python3.6/dist-packages/rest_framework/views.py", line 505, in dispatch
    response = self.handle_exception(exc)
  File "/usr/local/lib/python3.6/dist-packages/rest_framework/views.py", line 465, in handle_exception
    self.raise_uncaught_exception(exc)
  File "/usr/local/lib/python3.6/dist-packages/rest_framework/views.py", line 476, in raise_uncaught_exception
    raise exc
  File "/usr/local/lib/python3.6/dist-packages/rest_framework/views.py", line 502, in dispatch
    response = handler(request, *args, **kwargs)
  File "/atopa/atopaserver/api/views.py", line 99, in delete
    test =  Test.objects.get(user_test__user__username=request.user, nombre=name)
  File "/usr/local/lib/python3.6/dist-packages/django/db/models/manager.py", line 82, in manager_method
    return getattr(self.get_queryset(), name)(*args, **kwargs)
  File "/usr/local/lib/python3.6/dist-packages/django/db/models/query.py", line 417, in get
    self.model._meta.object_name
cuestionarios.models.Test.DoesNotExist: Test matching query does not exist.
[24/May/2020 21:00:48] INFO [api.serializers:55] {'1': '47', '1text': '', '2text': '', '3text': '', '4text': '', '5text': ''}
[24/May/2020 21:00:48] INFO [api.serializers:59] {'1': '47', '1text': '', '2text': '', '3text': '', '4text': '', '5text': ''}
[24/May/2020 21:00:48] INFO [api.serializers:62] 47
[24/May/2020 21:00:48] INFO [api.serializers:62] 
[24/May/2020 21:00:48] INFO [api.serializers:62] 
[24/May/2020 21:00:48] INFO [api.serializers:62] 
[24/May/2020 21:00:48] INFO [api.serializers:62] 
[24/May/2020 21:00:48] INFO [api.serializers:62] 
[24/May/2020 21:00:48] INFO [api.serializers:68] {"1": "14-3"}
[24/May/2020 21:00:48] INFO [api.serializers:55] {'1': '46', '1text': '', '2text': '', '3text': '', '4text': '', '5text': ''}
[24/May/2020 21:00:48] INFO [api.serializers:59] {'1': '46', '1text': '', '2text': '', '3text': '', '4text': '', '5text': ''}
[24/May/2020 21:00:48] INFO [api.serializers:62] 46
[24/May/2020 21:00:48] INFO [api.serializers:62] 
[24/May/2020 21:00:48] INFO [api.serializers:62] 
[24/May/2020 21:00:48] INFO [api.serializers:62] 
[24/May/2020 21:00:48] INFO [api.serializers:62] 
[24/May/2020 21:00:48] INFO [api.serializers:62] 
[24/May/2020 21:00:48] INFO [api.serializers:68] {"1": "14-2"}
[24/May/2020 21:00:48] INFO [api.serializers:55] {'1': '47', '1text': '', '2text': '', '3text': '', '4text': '', '5text': ''}
[24/May/2020 21:00:48] INFO [api.serializers:59] {'1': '47', '1text': '', '2text': '', '3text': '', '4text': '', '5text': ''}
[24/May/2020 21:00:48] INFO [api.serializers:62] 47
[24/May/2020 21:00:48] INFO [api.serializers:62] 
[24/May/2020 21:00:48] INFO [api.serializers:62] 
[24/May/2020 21:00:48] INFO [api.serializers:62] 
[24/May/2020 21:00:48] INFO [api.serializers:62] 
[24/May/2020 21:00:48] INFO [api.serializers:62] 
[24/May/2020 21:00:48] INFO [api.serializers:68] {"1": "14-3"}
[24/May/2020 21:00:48] INFO [api.serializers:55] {'1': '46', '1text': '', '2text': '', '3text': '', '4text': '', '5text': ''}
[24/May/2020 21:00:48] INFO [api.serializers:59] {'1': '46', '1text': '', '2text': '', '3text': '', '4text': '', '5text': ''}
[24/May/2020 21:00:48] INFO [api.serializers:62] 46
[24/May/2020 21:00:48] INFO [api.serializers:62] 
[24/May/2020 21:00:48] INFO [api.serializers:62] 
[24/May/2020 21:00:48] INFO [api.serializers:62] 
[24/May/2020 21:00:48] INFO [api.serializers:62] 
[24/May/2020 21:00:48] INFO [api.serializers:62] 
[24/May/2020 21:00:48] INFO [api.serializers:68] {"1": "14-2"}
[24/May/2020 21:00:48] INFO [api.serializers:55] {'1': '47', '1text': '', '2text': '', '3text': '', '4text': '', '5text': ''}
[24/May/2020 21:00:48] INFO [api.serializers:59] {'1': '47', '1text': '', '2text': '', '3text': '', '4text': '', '5text': ''}
[24/May/2020 21:00:48] INFO [api.serializers:62] 47
[24/May/2020 21:00:48] INFO [api.serializers:62] 
[24/May/2020 21:00:48] INFO [api.serializers:62] 
[24/May/2020 21:00:48] INFO [api.serializers:62] 
[24/May/2020 21:00:48] INFO [api.serializers:62] 
[24/May/2020 21:00:48] INFO [api.serializers:62] 
[24/May/2020 21:00:48] INFO [api.serializers:68] {"1": "14-3"}
[24/May/2020 21:00:48] INFO [api.serializers:55] {'1': '47', '1text': '', '2text': '', '3text': '', '4text': '', '5text': ''}
[24/May/2020 21:00:48] INFO [api.serializers:59] {'1': '47', '1text': '', '2text': '', '3text': '', '4text': '', '5text': ''}
[24/May/2020 21:00:48] INFO [api.serializers:62] 47
[24/May/2020 21:00:48] INFO [api.serializers:62] 
[24/May/2020 21:00:48] INFO [api.serializers:62] 
[24/May/2020 21:00:48] INFO [api.serializers:62] 
[24/May/2020 21:00:48] INFO [api.serializers:62] 
[24/May/2020 21:00:48] INFO [api.serializers:62] 
[24/May/2020 21:00:48] INFO [api.serializers:68] {"1": "14-3"}
[26/May/2020 07:08:44] INFO [api.serializers:55] {'1': '47', '1text': '', '2text': '', '3text': '', '4text': '', '5text': ''}
[26/May/2020 07:08:44] INFO [api.serializers:59] {'1': '47', '1text': '', '2text': '', '3text': '', '4text': '', '5text': ''}
[26/May/2020 07:08:44] INFO [api.serializers:62] 47
[26/May/2020 07:08:44] INFO [api.serializers:62] 
[26/May/2020 07:08:44] INFO [api.serializers:62] 
[26/May/2020 07:08:44] INFO [api.serializers:62] 
[26/May/2020 07:08:44] INFO [api.serializers:62] 
[26/May/2020 07:08:44] INFO [api.serializers:62] 
[26/May/2020 07:08:44] INFO [api.serializers:68] {"1": "14-3"}
[26/May/2020 07:08:44] INFO [api.serializers:55] {'1': '46', '1text': '', '2text': '', '3text': '', '4text': '', '5text': ''}
[26/May/2020 07:08:44] INFO [api.serializers:59] {'1': '46', '1text': '', '2text': '', '3text': '', '4text': '', '5text': ''}
[26/May/2020 07:08:44] INFO [api.serializers:62] 46
[26/May/2020 07:08:44] INFO [api.serializers:62] 
[26/May/2020 07:08:44] INFO [api.serializers:62] 
[26/May/2020 07:08:44] INFO [api.serializers:62] 
[26/May/2020 07:08:44] INFO [api.serializers:62] 
[26/May/2020 07:08:44] INFO [api.serializers:62] 
[26/May/2020 07:08:44] INFO [api.serializers:68] {"1": "14-2"}
[26/May/2020 07:08:44] INFO [api.serializers:55] {'1': '47', '1text': '', '2text': '', '3text': '', '4text': '', '5text': ''}
[26/May/2020 07:08:45] INFO [api.serializers:59] {'1': '47', '1text': '', '2text': '', '3text': '', '4text': '', '5text': ''}
[26/May/2020 07:08:45] INFO [api.serializers:62] 47
[26/May/2020 07:08:45] INFO [api.serializers:62] 
[26/May/2020 07:08:45] INFO [api.serializers:62] 
[26/May/2020 07:08:45] INFO [api.serializers:62] 
[26/May/2020 07:08:45] INFO [api.serializers:62] 
[26/May/2020 07:08:45] INFO [api.serializers:62] 
[26/May/2020 07:08:45] INFO [api.serializers:68] {"1": "14-3"}
[26/May/2020 07:08:45] INFO [api.serializers:55] {'1': '46', '1text': '', '2text': '', '3text': '', '4text': '', '5text': ''}
[26/May/2020 07:08:45] INFO [api.serializers:59] {'1': '46', '1text': '', '2text': '', '3text': '', '4text': '', '5text': ''}
[26/May/2020 07:08:45] INFO [api.serializers:62] 46
[26/May/2020 07:08:45] INFO [api.serializers:62] 
[26/May/2020 07:08:45] INFO [api.serializers:62] 
[26/May/2020 07:08:45] INFO [api.serializers:62] 
[26/May/2020 07:08:45] INFO [api.serializers:62] 
[26/May/2020 07:08:45] INFO [api.serializers:62] 
[26/May/2020 07:08:45] INFO [api.serializers:68] {"1": "14-2"}
[26/May/2020 07:08:45] INFO [api.serializers:55] {'1': '47', '1text': '', '2text': '', '3text': '', '4text': '', '5text': ''}
[26/May/2020 07:08:45] INFO [api.serializers:59] {'1': '47', '1text': '', '2text': '', '3text': '', '4text': '', '5text': ''}
[26/May/2020 07:08:45] INFO [api.serializers:62] 47
[26/May/2020 07:08:45] INFO [api.serializers:62] 
[26/May/2020 07:08:45] INFO [api.serializers:62] 
[26/May/2020 07:08:45] INFO [api.serializers:62] 
[26/May/2020 07:08:45] INFO [api.serializers:62] 
[26/May/2020 07:08:45] INFO [api.serializers:62] 
[26/May/2020 07:08:45] INFO [api.serializers:68] {"1": "14-3"}
[26/May/2020 07:08:45] INFO [api.serializers:55] {'1': '46', '1text': '', '2text': '', '3text': '', '4text': '', '5text': ''}
[26/May/2020 07:08:45] INFO [api.serializers:59] {'1': '46', '1text': '', '2text': '', '3text': '', '4text': '', '5text': ''}
[26/May/2020 07:08:45] INFO [api.serializers:62] 46
[26/May/2020 07:08:45] INFO [api.serializers:62] 
[26/May/2020 07:08:45] INFO [api.serializers:62] 
[26/May/2020 07:08:45] INFO [api.serializers:62] 
[26/May/2020 07:08:45] INFO [api.serializers:62] 
[26/May/2020 07:08:45] INFO [api.serializers:62] 
[26/May/2020 07:08:45] INFO [api.serializers:68] {"1": "14-2"}
[26/May/2020 15:17:42] ERROR [django.request:228] Internal Server Error: /api/test/
Traceback (most recent call last):
  File "/usr/local/lib/python3.6/dist-packages/django/core/handlers/exception.py", line 34, in inner
    response = get_response(request)
  File "/usr/local/lib/python3.6/dist-packages/django/core/handlers/base.py", line 115, in _get_response
    response = self.process_exception_by_middleware(e, request)
  File "/usr/local/lib/python3.6/dist-packages/django/core/handlers/base.py", line 113, in _get_response
    response = wrapped_callback(request, *callback_args, **callback_kwargs)
  File "/usr/local/lib/python3.6/dist-packages/django/views/decorators/csrf.py", line 54, in wrapped_view
    return view_func(*args, **kwargs)
  File "/usr/local/lib/python3.6/dist-packages/django/views/generic/base.py", line 71, in view
    return self.dispatch(request, *args, **kwargs)
  File "/usr/local/lib/python3.6/dist-packages/rest_framework/views.py", line 505, in dispatch
    response = self.handle_exception(exc)
  File "/usr/local/lib/python3.6/dist-packages/rest_framework/views.py", line 465, in handle_exception
    self.raise_uncaught_exception(exc)
  File "/usr/local/lib/python3.6/dist-packages/rest_framework/views.py", line 476, in raise_uncaught_exception
    raise exc
  File "/usr/local/lib/python3.6/dist-packages/rest_framework/views.py", line 502, in dispatch
    response = handler(request, *args, **kwargs)
  File "/atopa/atopaserver/api/views.py", line 130, in delete
    answer_users = Respuesta.objects.fiter(alumno=student)
AttributeError: 'ManagerFromQuerySet' object has no attribute 'fiter'
[26/May/2020 15:20:18] ERROR [django.request:228] Internal Server Error: /api/test/
Traceback (most recent call last):
  File "/usr/local/lib/python3.6/dist-packages/django/core/handlers/exception.py", line 34, in inner
    response = get_response(request)
  File "/usr/local/lib/python3.6/dist-packages/django/core/handlers/base.py", line 115, in _get_response
    response = self.process_exception_by_middleware(e, request)
  File "/usr/local/lib/python3.6/dist-packages/django/core/handlers/base.py", line 113, in _get_response
    response = wrapped_callback(request, *callback_args, **callback_kwargs)
  File "/usr/local/lib/python3.6/dist-packages/django/views/decorators/csrf.py", line 54, in wrapped_view
    return view_func(*args, **kwargs)
  File "/usr/local/lib/python3.6/dist-packages/django/views/generic/base.py", line 71, in view
    return self.dispatch(request, *args, **kwargs)
  File "/usr/local/lib/python3.6/dist-packages/rest_framework/views.py", line 505, in dispatch
    response = self.handle_exception(exc)
  File "/usr/local/lib/python3.6/dist-packages/rest_framework/views.py", line 465, in handle_exception
    self.raise_uncaught_exception(exc)
  File "/usr/local/lib/python3.6/dist-packages/rest_framework/views.py", line 476, in raise_uncaught_exception
    raise exc
  File "/usr/local/lib/python3.6/dist-packages/rest_framework/views.py", line 502, in dispatch
    response = handler(request, *args, **kwargs)
  File "/atopa/atopaserver/api/views.py", line 130, in delete
    answer_users = Respuesta.objects.fiter(alumno=student)
AttributeError: 'ManagerFromQuerySet' object has no attribute 'fiter'
[26/May/2020 15:22:54] INFO [api.views:135] {'1': '47', '1text': '', '2text': '', '3text': '', '4text': '', '5text': ''}
[26/May/2020 15:22:54] INFO [api.views:135] {'1': '46', '1text': '', '2text': '', '3text': '', '4text': '', '5text': ''}
[26/May/2020 15:22:54] INFO [api.views:135] {'1': '47', '1text': '', '2text': '', '3text': '', '4text': '', '5text': ''}
[26/May/2020 15:22:54] INFO [api.views:135] {'1': '46', '1text': '', '2text': '', '3text': '', '4text': '', '5text': ''}
[26/May/2020 15:22:54] INFO [api.views:135] {'1': '47', '1text': '', '2text': '', '3text': '', '4text': '', '5text': ''}
[26/May/2020 15:22:54] INFO [api.views:135] {'1': '46', '1text': '', '2text': '', '3text': '', '4text': '', '5text': ''}
[26/May/2020 15:22:54] INFO [api.views:135] {'1text': '', '2text': '', '3text': '', '4text': '', '5text': ''}
[26/May/2020 15:22:54] INFO [api.views:135] {'1': '47', '1text': '', '2text': '', '3text': '', '4text': '', '5text': ''}
[26/May/2020 15:22:54] INFO [api.views:135] {'1': '47', '1text': '', '2text': '', '3text': '', '4text': '', '5text': ''}
[26/May/2020 15:22:54] INFO [api.views:135] {'1text': '', '2text': '', '3text': '', '4text': '', '5text': ''}
[26/May/2020 15:22:54] INFO [api.views:135] {'1': '47', '1text': '', '2text': '', '3text': '', '4text': '', '5text': ''}
[26/May/2020 15:22:54] INFO [api.views:135] {'1': '47', '1text': '', '2text': '', '3text': '', '4text': '', '5text': ''}
[26/May/2020 15:27:27] ERROR [django.request:228] Internal Server Error: /api/test/
Traceback (most recent call last):
  File "/usr/local/lib/python3.6/dist-packages/django/core/handlers/exception.py", line 34, in inner
    response = get_response(request)
  File "/usr/local/lib/python3.6/dist-packages/django/core/handlers/base.py", line 115, in _get_response
    response = self.process_exception_by_middleware(e, request)
  File "/usr/local/lib/python3.6/dist-packages/django/core/handlers/base.py", line 113, in _get_response
    response = wrapped_callback(request, *callback_args, **callback_kwargs)
  File "/usr/local/lib/python3.6/dist-packages/django/views/decorators/csrf.py", line 54, in wrapped_view
    return view_func(*args, **kwargs)
  File "/usr/local/lib/python3.6/dist-packages/django/views/generic/base.py", line 71, in view
    return self.dispatch(request, *args, **kwargs)
  File "/usr/local/lib/python3.6/dist-packages/rest_framework/views.py", line 505, in dispatch
    response = self.handle_exception(exc)
  File "/usr/local/lib/python3.6/dist-packages/rest_framework/views.py", line 465, in handle_exception
    self.raise_uncaught_exception(exc)
  File "/usr/local/lib/python3.6/dist-packages/rest_framework/views.py", line 476, in raise_uncaught_exception
    raise exc
  File "/usr/local/lib/python3.6/dist-packages/rest_framework/views.py", line 502, in dispatch
    response = handler(request, *args, **kwargs)
  File "/atopa/atopaserver/api/views.py", line 100, in delete
    test =  Test.objects.get(user_test__user__username=request.user, nombre=name)
  File "/usr/local/lib/python3.6/dist-packages/django/db/models/manager.py", line 82, in manager_method
    return getattr(self.get_queryset(), name)(*args, **kwargs)
  File "/usr/local/lib/python3.6/dist-packages/django/db/models/query.py", line 417, in get
    self.model._meta.object_name
cuestionarios.models.Test.DoesNotExist: Test matching query does not exist.
[26/May/2020 15:35:29] INFO [api.serializers:55] {'1': '43', '1text': '', '2text': '', '3text': '', '4text': '', '5text': ''}
[26/May/2020 15:35:29] INFO [api.serializers:59] {'1': '43', '1text': '', '2text': '', '3text': '', '4text': '', '5text': ''}
[26/May/2020 15:35:29] INFO [api.serializers:62] 43
[26/May/2020 15:35:29] INFO [api.serializers:62] 
[26/May/2020 15:35:29] INFO [api.serializers:62] 
[26/May/2020 15:35:29] INFO [api.serializers:62] 
[26/May/2020 15:35:29] INFO [api.serializers:62] 
[26/May/2020 15:35:29] INFO [api.serializers:62] 
[26/May/2020 15:35:29] INFO [api.serializers:68] {"1": "13-2"}
[26/May/2020 15:35:29] INFO [api.serializers:55] {'1': '44', '1text': '', '2text': '', '3text': '', '4text': '', '5text': ''}
[26/May/2020 15:35:29] INFO [api.serializers:59] {'1': '44', '1text': '', '2text': '', '3text': '', '4text': '', '5text': ''}
[26/May/2020 15:35:29] INFO [api.serializers:62] 44
[26/May/2020 15:35:29] INFO [api.serializers:62] 
[26/May/2020 15:35:29] INFO [api.serializers:62] 
[26/May/2020 15:35:29] INFO [api.serializers:62] 
[26/May/2020 15:35:29] INFO [api.serializers:62] 
[26/May/2020 15:35:29] INFO [api.serializers:62] 
[26/May/2020 15:35:29] INFO [api.serializers:68] {"1": "13-3"}
[26/May/2020 15:35:29] INFO [api.serializers:55] {'1': '43', '1text': '', '2text': '', '3text': '', '4text': '', '5text': ''}
[26/May/2020 15:35:29] INFO [api.serializers:59] {'1': '43', '1text': '', '2text': '', '3text': '', '4text': '', '5text': ''}
[26/May/2020 15:35:29] INFO [api.serializers:62] 43
[26/May/2020 15:35:29] INFO [api.serializers:62] 
[26/May/2020 15:35:29] INFO [api.serializers:62] 
[26/May/2020 15:35:29] INFO [api.serializers:62] 
[26/May/2020 15:35:29] INFO [api.serializers:62] 
[26/May/2020 15:35:29] INFO [api.serializers:62] 
[26/May/2020 15:35:29] INFO [api.serializers:68] {"1": "13-2"}
[26/May/2020 15:35:29] INFO [api.serializers:55] {'1': '44', '1text': '', '2text': '', '3text': '', '4text': '', '5text': ''}
[26/May/2020 15:35:29] INFO [api.serializers:59] {'1': '44', '1text': '', '2text': '', '3text': '', '4text': '', '5text': ''}
[26/May/2020 15:35:29] INFO [api.serializers:62] 44
[26/May/2020 15:35:29] INFO [api.serializers:62] 
[26/May/2020 15:35:29] INFO [api.serializers:62] 
[26/May/2020 15:35:29] INFO [api.serializers:62] 
[26/May/2020 15:35:29] INFO [api.serializers:62] 
[26/May/2020 15:35:29] INFO [api.serializers:62] 
[26/May/2020 15:35:29] INFO [api.serializers:68] {"1": "13-3"}
[26/May/2020 15:35:29] INFO [api.serializers:55] {'1': '43', '1text': '', '2text': '', '3text': '', '4text': '', '5text': ''}
[26/May/2020 15:35:29] INFO [api.serializers:59] {'1': '43', '1text': '', '2text': '', '3text': '', '4text': '', '5text': ''}
[26/May/2020 15:35:29] INFO [api.serializers:62] 43
[26/May/2020 15:35:29] INFO [api.serializers:62] 
[26/May/2020 15:35:29] INFO [api.serializers:62] 
[26/May/2020 15:35:29] INFO [api.serializers:62] 
[26/May/2020 15:35:29] INFO [api.serializers:62] 
[26/May/2020 15:35:29] INFO [api.serializers:62] 
[26/May/2020 15:35:29] INFO [api.serializers:68] {"1": "13-2"}
[26/May/2020 15:35:29] INFO [api.serializers:55] {'1': '44', '1text': '', '2text': '', '3text': '', '4text': '', '5text': ''}
[26/May/2020 15:35:29] INFO [api.serializers:59] {'1': '44', '1text': '', '2text': '', '3text': '', '4text': '', '5text': ''}
[26/May/2020 15:35:29] INFO [api.serializers:62] 44
[26/May/2020 15:35:29] INFO [api.serializers:62] 
[26/May/2020 15:35:29] INFO [api.serializers:62] 
[26/May/2020 15:35:29] INFO [api.serializers:62] 
[26/May/2020 15:35:29] INFO [api.serializers:62] 
[26/May/2020 15:35:29] INFO [api.serializers:62] 
[26/May/2020 15:35:29] INFO [api.serializers:68] {"1": "13-3"}
[26/May/2020 15:35:29] INFO [api.serializers:55] {'1': '44', '1text': '', '2text': '', '3text': '', '4text': '', '5text': ''}
[26/May/2020 15:35:29] INFO [api.serializers:59] {'1': '44', '1text': '', '2text': '', '3text': '', '4text': '', '5text': ''}
[26/May/2020 15:35:29] INFO [api.serializers:62] 44
[26/May/2020 15:35:29] INFO [api.serializers:62] 
[26/May/2020 15:35:29] INFO [api.serializers:62] 
[26/May/2020 15:35:29] INFO [api.serializers:62] 
[26/May/2020 15:35:29] INFO [api.serializers:62] 
[26/May/2020 15:35:29] INFO [api.serializers:62] 
[26/May/2020 15:35:29] INFO [api.serializers:68] {"1": "13-3"}
[26/May/2020 15:35:29] INFO [api.serializers:55] {'1': '42', '1text': '', '2text': '', '3text': '', '4text': '', '5text': ''}
[26/May/2020 15:35:29] INFO [api.serializers:59] {'1': '42', '1text': '', '2text': '', '3text': '', '4text': '', '5text': ''}
[26/May/2020 15:35:29] INFO [api.serializers:62] 42
[26/May/2020 15:35:29] INFO [api.serializers:62] 
[26/May/2020 15:35:29] INFO [api.serializers:62] 
[26/May/2020 15:35:29] INFO [api.serializers:62] 
[26/May/2020 15:35:29] INFO [api.serializers:62] 
[26/May/2020 15:35:29] INFO [api.serializers:62] 
[26/May/2020 15:35:29] INFO [api.serializers:68] {"1": "13-1"}
[26/May/2020 15:35:29] INFO [api.serializers:55] {'1': '44', '1text': '', '2text': '', '3text': '', '4text': '', '5text': ''}
[26/May/2020 15:35:29] INFO [api.serializers:59] {'1': '44', '1text': '', '2text': '', '3text': '', '4text': '', '5text': ''}
[26/May/2020 15:35:29] INFO [api.serializers:62] 44
[26/May/2020 15:35:29] INFO [api.serializers:62] 
[26/May/2020 15:35:29] INFO [api.serializers:62] 
[26/May/2020 15:35:29] INFO [api.serializers:62] 
[26/May/2020 15:35:29] INFO [api.serializers:62] 
[26/May/2020 15:35:29] INFO [api.serializers:62] 
[26/May/2020 15:35:29] INFO [api.serializers:68] {"1": "13-3"}
[26/May/2020 15:35:29] INFO [api.serializers:55] {'1': '44', '1text': '', '2text': '', '3text': '', '4text': '', '5text': ''}
[26/May/2020 15:35:29] INFO [api.serializers:59] {'1': '44', '1text': '', '2text': '', '3text': '', '4text': '', '5text': ''}
[26/May/2020 15:35:29] INFO [api.serializers:62] 44
[26/May/2020 15:35:29] INFO [api.serializers:62] 
[26/May/2020 15:35:29] INFO [api.serializers:62] 
[26/May/2020 15:35:29] INFO [api.serializers:62] 
[26/May/2020 15:35:29] INFO [api.serializers:62] 
[26/May/2020 15:35:29] INFO [api.serializers:62] 
[26/May/2020 15:35:29] INFO [api.serializers:68] {"1": "13-3"}
[26/May/2020 15:35:29] INFO [api.serializers:55] {'1': '42', '1text': '', '2text': '', '3text': '', '4text': '', '5text': ''}
[26/May/2020 15:35:29] INFO [api.serializers:59] {'1': '42', '1text': '', '2text': '', '3text': '', '4text': '', '5text': ''}
[26/May/2020 15:35:29] INFO [api.serializers:62] 42
[26/May/2020 15:35:29] INFO [api.serializers:62] 
[26/May/2020 15:35:29] INFO [api.serializers:62] 
[26/May/2020 15:35:29] INFO [api.serializers:62] 
[26/May/2020 15:35:29] INFO [api.serializers:62] 
[26/May/2020 15:35:29] INFO [api.serializers:62] 
[26/May/2020 15:35:29] INFO [api.serializers:68] {"1": "13-1"}
[26/May/2020 15:35:29] INFO [api.serializers:55] {'1text': '', '2text': '', '3text': '', '4text': '', '5text': ''}
[26/May/2020 15:35:29] INFO [api.serializers:59] {'1text': '', '2text': '', '3text': '', '4text': '', '5text': ''}
[26/May/2020 15:35:29] INFO [api.serializers:62] 
[26/May/2020 15:35:29] INFO [api.serializers:62] 
[26/May/2020 15:35:29] INFO [api.serializers:62] 
[26/May/2020 15:35:29] INFO [api.serializers:62] 
[26/May/2020 15:35:29] INFO [api.serializers:62] 
[26/May/2020 15:35:29] INFO [api.serializers:68] {}
[26/May/2020 15:49:22] INFO [api.views:135] {'1': '43', '1text': '', '2text': '', '3text': '', '4text': '', '5text': ''}
[26/May/2020 15:49:22] INFO [api.views:135] {'1': '44', '1text': '', '2text': '', '3text': '', '4text': '', '5text': ''}
[26/May/2020 15:49:22] INFO [api.views:135] {'1': '43', '1text': '', '2text': '', '3text': '', '4text': '', '5text': ''}
[26/May/2020 15:49:22] INFO [api.views:135] {'1': '44', '1text': '', '2text': '', '3text': '', '4text': '', '5text': ''}
[26/May/2020 15:49:22] INFO [api.views:135] {'1': '43', '1text': '', '2text': '', '3text': '', '4text': '', '5text': ''}
[26/May/2020 15:49:22] INFO [api.views:135] {'1': '44', '1text': '', '2text': '', '3text': '', '4text': '', '5text': ''}
[26/May/2020 15:49:22] INFO [api.views:135] {'1': '44', '1text': '', '2text': '', '3text': '', '4text': '', '5text': ''}
[26/May/2020 15:49:22] INFO [api.views:135] {'1': '42', '1text': '', '2text': '', '3text': '', '4text': '', '5text': ''}
[26/May/2020 15:49:22] ERROR [django.request:228] Internal Server Error: /api/test/
Traceback (most recent call last):
  File "/usr/local/lib/python3.6/dist-packages/django/core/handlers/exception.py", line 34, in inner
    response = get_response(request)
  File "/usr/local/lib/python3.6/dist-packages/django/core/handlers/base.py", line 115, in _get_response
    response = self.process_exception_by_middleware(e, request)
  File "/usr/local/lib/python3.6/dist-packages/django/core/handlers/base.py", line 113, in _get_response
    response = wrapped_callback(request, *callback_args, **callback_kwargs)
  File "/usr/local/lib/python3.6/dist-packages/django/views/decorators/csrf.py", line 54, in wrapped_view
    return view_func(*args, **kwargs)
  File "/usr/local/lib/python3.6/dist-packages/django/views/generic/base.py", line 71, in view
    return self.dispatch(request, *args, **kwargs)
  File "/usr/local/lib/python3.6/dist-packages/rest_framework/views.py", line 505, in dispatch
    response = self.handle_exception(exc)
  File "/usr/local/lib/python3.6/dist-packages/rest_framework/views.py", line 465, in handle_exception
    self.raise_uncaught_exception(exc)
  File "/usr/local/lib/python3.6/dist-packages/rest_framework/views.py", line 476, in raise_uncaught_exception
    raise exc
  File "/usr/local/lib/python3.6/dist-packages/rest_framework/views.py", line 502, in dispatch
    response = handler(request, *args, **kwargs)
  File "/atopa/atopaserver/api/views.py", line 138, in delete
    alumno = User.objects.get(id=resp_json.get(e))
  File "/usr/local/lib/python3.6/dist-packages/django/db/models/manager.py", line 82, in manager_method
    return getattr(self.get_queryset(), name)(*args, **kwargs)
  File "/usr/local/lib/python3.6/dist-packages/django/db/models/query.py", line 417, in get
    self.model._meta.object_name
usuarios.models.User.DoesNotExist: User matching query does not exist.
[26/May/2020 16:14:47] ERROR [django.request:228] Internal Server Error: /api/test/
Traceback (most recent call last):
  File "/usr/local/lib/python3.6/dist-packages/django/core/handlers/exception.py", line 34, in inner
    response = get_response(request)
  File "/usr/local/lib/python3.6/dist-packages/django/core/handlers/base.py", line 115, in _get_response
    response = self.process_exception_by_middleware(e, request)
  File "/usr/local/lib/python3.6/dist-packages/django/core/handlers/base.py", line 113, in _get_response
    response = wrapped_callback(request, *callback_args, **callback_kwargs)
  File "/usr/local/lib/python3.6/dist-packages/django/views/decorators/csrf.py", line 54, in wrapped_view
    return view_func(*args, **kwargs)
  File "/usr/local/lib/python3.6/dist-packages/django/views/generic/base.py", line 71, in view
    return self.dispatch(request, *args, **kwargs)
  File "/usr/local/lib/python3.6/dist-packages/rest_framework/views.py", line 505, in dispatch
    response = self.handle_exception(exc)
  File "/usr/local/lib/python3.6/dist-packages/rest_framework/views.py", line 465, in handle_exception
    self.raise_uncaught_exception(exc)
  File "/usr/local/lib/python3.6/dist-packages/rest_framework/views.py", line 476, in raise_uncaught_exception
    raise exc
  File "/usr/local/lib/python3.6/dist-packages/rest_framework/views.py", line 502, in dispatch
    response = handler(request, *args, **kwargs)
  File "/atopa/atopaserver/api/views.py", line 100, in delete
    test =  Test.objects.get(user_test__user__username=request.user, nombre=name)
  File "/usr/local/lib/python3.6/dist-packages/django/db/models/manager.py", line 82, in manager_method
    return getattr(self.get_queryset(), name)(*args, **kwargs)
  File "/usr/local/lib/python3.6/dist-packages/django/db/models/query.py", line 417, in get
    self.model._meta.object_name
cuestionarios.models.Test.DoesNotExist: Test matching query does not exist.
[26/May/2020 16:20:59] INFO [api.serializers:55] {'1': '54', '1text': '', '2text': '', '3text': '', '4text': '', '5text': ''}
[26/May/2020 16:20:59] INFO [api.serializers:59] {'1': '54', '1text': '', '2text': '', '3text': '', '4text': '', '5text': ''}
[26/May/2020 16:20:59] INFO [api.serializers:62] 54
[26/May/2020 16:20:59] INFO [api.serializers:62] 
[26/May/2020 16:20:59] INFO [api.serializers:62] 
[26/May/2020 16:20:59] INFO [api.serializers:62] 
[26/May/2020 16:20:59] INFO [api.serializers:62] 
[26/May/2020 16:20:59] INFO [api.serializers:62] 
[26/May/2020 16:20:59] INFO [api.serializers:68] {"1": "16-3"}
[26/May/2020 16:20:59] INFO [api.serializers:55] {'1': '53', '1text': '', '2text': '', '3text': '', '4text': '', '5text': ''}
[26/May/2020 16:20:59] INFO [api.serializers:59] {'1': '53', '1text': '', '2text': '', '3text': '', '4text': '', '5text': ''}
[26/May/2020 16:20:59] INFO [api.serializers:62] 53
[26/May/2020 16:20:59] INFO [api.serializers:62] 
[26/May/2020 16:20:59] INFO [api.serializers:62] 
[26/May/2020 16:20:59] INFO [api.serializers:62] 
[26/May/2020 16:20:59] INFO [api.serializers:62] 
[26/May/2020 16:20:59] INFO [api.serializers:62] 
[26/May/2020 16:20:59] INFO [api.serializers:68] {"1": "16-2"}
[26/May/2020 16:20:59] INFO [api.serializers:55] {'1': '54', '2': '53', '1text': '', '2text': '', '3text': '', '4text': '', '5text': ''}
[26/May/2020 16:20:59] INFO [api.serializers:59] {'1': '54', '2': '53', '1text': '', '2text': '', '3text': '', '4text': '', '5text': ''}
[26/May/2020 16:20:59] INFO [api.serializers:62] 54
[26/May/2020 16:20:59] INFO [api.serializers:62] 53
[26/May/2020 16:20:59] INFO [api.serializers:62] 
[26/May/2020 16:20:59] INFO [api.serializers:62] 
[26/May/2020 16:20:59] INFO [api.serializers:62] 
[26/May/2020 16:20:59] INFO [api.serializers:62] 
[26/May/2020 16:20:59] INFO [api.serializers:62] 
[26/May/2020 16:20:59] INFO [api.serializers:68] {"1": "16-3", "2": "16-2"}
[26/May/2020 16:20:59] INFO [api.serializers:55] {'1': '53', '1text': 'dgs', '2text': '', '3text': '', '4text': '', '5text': ''}
[26/May/2020 16:20:59] INFO [api.serializers:59] {'1': '53', '1text': 'dgs', '2text': '', '3text': '', '4text': '', '5text': ''}
[26/May/2020 16:20:59] INFO [api.serializers:62] 53
[26/May/2020 16:20:59] INFO [api.serializers:62] dgs
[26/May/2020 16:20:59] INFO [api.serializers:62] 
[26/May/2020 16:20:59] INFO [api.serializers:62] 
[26/May/2020 16:20:59] INFO [api.serializers:62] 
[26/May/2020 16:20:59] INFO [api.serializers:62] 
[26/May/2020 16:20:59] INFO [api.serializers:68] {"1": "16-2", "1text": "dgs"}
[26/May/2020 16:20:59] INFO [api.serializers:55] {'1': '54', '1text': '', '2text': '', '3text': '', '4text': '', '5text': ''}
[26/May/2020 16:20:59] INFO [api.serializers:59] {'1': '54', '1text': '', '2text': '', '3text': '', '4text': '', '5text': ''}
[26/May/2020 16:20:59] INFO [api.serializers:62] 54
[26/May/2020 16:20:59] INFO [api.serializers:62] 
[26/May/2020 16:20:59] INFO [api.serializers:62] 
[26/May/2020 16:20:59] INFO [api.serializers:62] 
[26/May/2020 16:20:59] INFO [api.serializers:62] 
[26/May/2020 16:20:59] INFO [api.serializers:62] 
[26/May/2020 16:20:59] INFO [api.serializers:68] {"1": "16-3"}
[26/May/2020 16:20:59] INFO [api.serializers:55] {'1text': '', '2text': '', '3text': '', '4text': '', '5text': ''}
[26/May/2020 16:20:59] INFO [api.serializers:59] {'1text': '', '2text': '', '3text': '', '4text': '', '5text': ''}
[26/May/2020 16:20:59] INFO [api.serializers:62] 
[26/May/2020 16:20:59] INFO [api.serializers:62] 
[26/May/2020 16:20:59] INFO [api.serializers:62] 
[26/May/2020 16:20:59] INFO [api.serializers:62] 
[26/May/2020 16:20:59] INFO [api.serializers:62] 
[26/May/2020 16:20:59] INFO [api.serializers:68] {}
[26/May/2020 16:20:59] INFO [api.serializers:55] {'1': '52', '2': '54', '1text': '', '2text': '', '3text': '', '4text': '', '5text': ''}
[26/May/2020 16:20:59] INFO [api.serializers:59] {'1': '52', '2': '54', '1text': '', '2text': '', '3text': '', '4text': '', '5text': ''}
[26/May/2020 16:20:59] INFO [api.serializers:62] 52
[26/May/2020 16:20:59] INFO [api.serializers:62] 54
[26/May/2020 16:20:59] INFO [api.serializers:62] 
[26/May/2020 16:20:59] INFO [api.serializers:62] 
[26/May/2020 16:20:59] INFO [api.serializers:62] 
[26/May/2020 16:20:59] INFO [api.serializers:62] 
[26/May/2020 16:20:59] INFO [api.serializers:62] 
[26/May/2020 16:20:59] INFO [api.serializers:68] {"1": "16-1", "2": "16-3"}
[26/May/2020 16:20:59] INFO [api.serializers:55] {'1': '54', '1text': '', '2text': '', '3text': '', '4text': '', '5text': ''}
[26/May/2020 16:20:59] INFO [api.serializers:59] {'1': '54', '1text': '', '2text': '', '3text': '', '4text': '', '5text': ''}
[26/May/2020 16:20:59] INFO [api.serializers:62] 54
[26/May/2020 16:20:59] INFO [api.serializers:62] 
[26/May/2020 16:20:59] INFO [api.serializers:62] 
[26/May/2020 16:20:59] INFO [api.serializers:62] 
[26/May/2020 16:20:59] INFO [api.serializers:62] 
[26/May/2020 16:20:59] INFO [api.serializers:62] 
[26/May/2020 16:20:59] INFO [api.serializers:68] {"1": "16-3"}
[26/May/2020 16:20:59] INFO [api.serializers:55] {'1': '52', '1text': '', '2text': '', '3text': '', '4text': '', '5text': ''}
[26/May/2020 16:20:59] INFO [api.serializers:59] {'1': '52', '1text': '', '2text': '', '3text': '', '4text': '', '5text': ''}
[26/May/2020 16:20:59] INFO [api.serializers:62] 52
[26/May/2020 16:20:59] INFO [api.serializers:62] 
[26/May/2020 16:20:59] INFO [api.serializers:62] 
[26/May/2020 16:20:59] INFO [api.serializers:62] 
[26/May/2020 16:20:59] INFO [api.serializers:62] 
[26/May/2020 16:20:59] INFO [api.serializers:62] 
[26/May/2020 16:20:59] INFO [api.serializers:68] {"1": "16-1"}
[26/May/2020 16:20:59] INFO [api.serializers:55] {'1text': '', '2text': '', '3text': '', '4text': '', '5text': ''}
[26/May/2020 16:20:59] INFO [api.serializers:59] {'1text': '', '2text': '', '3text': '', '4text': '', '5text': ''}
[26/May/2020 16:20:59] INFO [api.serializers:62] 
[26/May/2020 16:20:59] INFO [api.serializers:62] 
[26/May/2020 16:20:59] INFO [api.serializers:62] 
[26/May/2020 16:20:59] INFO [api.serializers:62] 
[26/May/2020 16:20:59] INFO [api.serializers:62] 
[26/May/2020 16:20:59] INFO [api.serializers:68] {}
[26/May/2020 16:20:59] INFO [api.serializers:55] {'1': '54', '1text': '', '2text': '', '3text': '', '4text': '', '5text': ''}
[26/May/2020 16:20:59] INFO [api.serializers:59] {'1': '54', '1text': '', '2text': '', '3text': '', '4text': '', '5text': ''}
[26/May/2020 16:20:59] INFO [api.serializers:62] 54
[26/May/2020 16:20:59] INFO [api.serializers:62] 
[26/May/2020 16:20:59] INFO [api.serializers:62] 
[26/May/2020 16:20:59] INFO [api.serializers:62] 
[26/May/2020 16:20:59] INFO [api.serializers:62] 
[26/May/2020 16:20:59] INFO [api.serializers:62] 
[26/May/2020 16:20:59] INFO [api.serializers:68] {"1": "16-3"}
[26/May/2020 16:20:59] INFO [api.serializers:55] {'1': '52', '1text': '', '2text': '', '3text': '', '4text': '', '5text': ''}
[26/May/2020 16:20:59] INFO [api.serializers:59] {'1': '52', '1text': '', '2text': '', '3text': '', '4text': '', '5text': ''}
[26/May/2020 16:20:59] INFO [api.serializers:62] 52
[26/May/2020 16:20:59] INFO [api.serializers:62] 
[26/May/2020 16:20:59] INFO [api.serializers:62] 
[26/May/2020 16:20:59] INFO [api.serializers:62] 
[26/May/2020 16:20:59] INFO [api.serializers:62] 
[26/May/2020 16:20:59] INFO [api.serializers:62] 
[26/May/2020 16:20:59] INFO [api.serializers:68] {"1": "16-1"}
[26/May/2020 16:21:18] INFO [api.views:138] {'1': '54', '1text': '', '2text': '', '3text': '', '4text': '', '5text': ''}
[26/May/2020 16:21:18] INFO [api.views:138] {'1': '53', '1text': '', '2text': '', '3text': '', '4text': '', '5text': ''}
[26/May/2020 16:21:18] INFO [api.views:138] {'1': '54', '2': '53', '1text': '', '2text': '', '3text': '', '4text': '', '5text': ''}
[26/May/2020 16:21:18] INFO [api.views:138] {'1': '53', '1text': 'dgs', '2text': '', '3text': '', '4text': '', '5text': ''}
[26/May/2020 16:21:18] INFO [api.views:138] {'1': '54', '1text': '', '2text': '', '3text': '', '4text': '', '5text': ''}
[26/May/2020 16:21:18] INFO [api.views:138] {'1text': '', '2text': '', '3text': '', '4text': '', '5text': ''}
[26/May/2020 16:21:18] INFO [api.views:138] {'1': '52', '2': '54', '1text': '', '2text': '', '3text': '', '4text': '', '5text': ''}
[26/May/2020 16:21:18] INFO [api.views:138] {'1': '54', '1text': '', '2text': '', '3text': '', '4text': '', '5text': ''}
[26/May/2020 16:21:18] INFO [api.views:138] {'1': '52', '1text': '', '2text': '', '3text': '', '4text': '', '5text': ''}
[26/May/2020 16:21:18] INFO [api.views:138] {'1text': '', '2text': '', '3text': '', '4text': '', '5text': ''}
[26/May/2020 16:21:18] INFO [api.views:138] {'1': '54', '1text': '', '2text': '', '3text': '', '4text': '', '5text': ''}
[26/May/2020 16:21:18] INFO [api.views:138] {'1': '52', '1text': '', '2text': '', '3text': '', '4text': '', '5text': ''}
[26/May/2020 16:22:00] WARNING [django.request:228] Bad Request: /api-token-auth/
[26/May/2020 16:22:05] WARNING [django.request:228] Bad Request: /api-token-auth/
[26/May/2020 16:25:59] INFO [api.serializers:55] {'1': '58', '1text': '', '2text': '', '3text': '', '4text': '', '5text': ''}
[26/May/2020 16:25:59] INFO [api.serializers:59] {'1': '58', '1text': '', '2text': '', '3text': '', '4text': '', '5text': ''}
[26/May/2020 16:25:59] INFO [api.serializers:62] 58
[26/May/2020 16:25:59] INFO [api.serializers:62] 
[26/May/2020 16:25:59] INFO [api.serializers:62] 
[26/May/2020 16:25:59] INFO [api.serializers:62] 
[26/May/2020 16:25:59] INFO [api.serializers:62] 
[26/May/2020 16:25:59] INFO [api.serializers:62] 
[26/May/2020 16:25:59] INFO [api.serializers:68] {"1": "17-3"}
[26/May/2020 16:25:59] INFO [api.serializers:55] {'1': '57', '1text': '', '2text': '', '3text': '', '4text': '', '5text': ''}
[26/May/2020 16:25:59] INFO [api.serializers:59] {'1': '57', '1text': '', '2text': '', '3text': '', '4text': '', '5text': ''}
[26/May/2020 16:25:59] INFO [api.serializers:62] 57
[26/May/2020 16:25:59] INFO [api.serializers:62] 
[26/May/2020 16:25:59] INFO [api.serializers:62] 
[26/May/2020 16:25:59] INFO [api.serializers:62] 
[26/May/2020 16:25:59] INFO [api.serializers:62] 
[26/May/2020 16:25:59] INFO [api.serializers:62] 
[26/May/2020 16:25:59] INFO [api.serializers:68] {"1": "17-2"}
[26/May/2020 16:25:59] INFO [api.serializers:55] {'1text': '', '2text': '', '3text': '', '4text': '', '5text': ''}
[26/May/2020 16:25:59] INFO [api.serializers:59] {'1text': '', '2text': '', '3text': '', '4text': '', '5text': ''}
[26/May/2020 16:25:59] INFO [api.serializers:62] 
[26/May/2020 16:25:59] INFO [api.serializers:62] 
[26/May/2020 16:25:59] INFO [api.serializers:62] 
[26/May/2020 16:25:59] INFO [api.serializers:62] 
[26/May/2020 16:25:59] INFO [api.serializers:62] 
[26/May/2020 16:25:59] INFO [api.serializers:68] {}
[26/May/2020 16:25:59] INFO [api.serializers:55] {'1': '58', '1text': '', '2text': '', '3text': '', '4text': '', '5text': ''}
[26/May/2020 16:25:59] INFO [api.serializers:59] {'1': '58', '1text': '', '2text': '', '3text': '', '4text': '', '5text': ''}
[26/May/2020 16:25:59] INFO [api.serializers:62] 58
[26/May/2020 16:25:59] INFO [api.serializers:62] 
[26/May/2020 16:25:59] INFO [api.serializers:62] 
[26/May/2020 16:25:59] INFO [api.serializers:62] 
[26/May/2020 16:25:59] INFO [api.serializers:62] 
[26/May/2020 16:25:59] INFO [api.serializers:62] 
[26/May/2020 16:25:59] INFO [api.serializers:68] {"1": "17-3"}
[26/May/2020 16:25:59] INFO [api.serializers:55] {'1': '57', '1text': '', '2text': '', '3text': '', '4text': '', '5text': ''}
[26/May/2020 16:25:59] INFO [api.serializers:59] {'1': '57', '1text': '', '2text': '', '3text': '', '4text': '', '5text': ''}
[26/May/2020 16:25:59] INFO [api.serializers:62] 57
[26/May/2020 16:25:59] INFO [api.serializers:62] 
[26/May/2020 16:25:59] INFO [api.serializers:62] 
[26/May/2020 16:25:59] INFO [api.serializers:62] 
[26/May/2020 16:25:59] INFO [api.serializers:62] 
[26/May/2020 16:25:59] INFO [api.serializers:62] 
[26/May/2020 16:25:59] INFO [api.serializers:68] {"1": "17-2"}
[26/May/2020 16:25:59] INFO [api.serializers:55] {'1': '58', '1text': '', '2text': '', '3text': '', '4text': '', '5text': ''}
[26/May/2020 16:25:59] INFO [api.serializers:59] {'1': '58', '1text': '', '2text': '', '3text': '', '4text': '', '5text': ''}
[26/May/2020 16:25:59] INFO [api.serializers:62] 58
[26/May/2020 16:25:59] INFO [api.serializers:62] 
[26/May/2020 16:25:59] INFO [api.serializers:62] 
[26/May/2020 16:25:59] INFO [api.serializers:62] 
[26/May/2020 16:25:59] INFO [api.serializers:62] 
[26/May/2020 16:25:59] INFO [api.serializers:62] 
[26/May/2020 16:25:59] INFO [api.serializers:68] {"1": "17-3"}
[26/May/2020 16:25:59] INFO [api.serializers:55] {'1': '56', '1text': '', '2text': '', '3text': '', '4text': '', '5text': ''}
[26/May/2020 16:25:59] INFO [api.serializers:59] {'1': '56', '1text': '', '2text': '', '3text': '', '4text': '', '5text': ''}
[26/May/2020 16:25:59] INFO [api.serializers:62] 56
[26/May/2020 16:25:59] INFO [api.serializers:62] 
[26/May/2020 16:25:59] INFO [api.serializers:62] 
[26/May/2020 16:25:59] INFO [api.serializers:62] 
[26/May/2020 16:25:59] INFO [api.serializers:62] 
[26/May/2020 16:25:59] INFO [api.serializers:62] 
[26/May/2020 16:25:59] INFO [api.serializers:68] {"1": "17-1"}
[26/May/2020 16:25:59] INFO [api.serializers:55] {'1': '58', '1text': '', '2text': '', '3text': '', '4text': '', '5text': ''}
[26/May/2020 16:25:59] INFO [api.serializers:59] {'1': '58', '1text': '', '2text': '', '3text': '', '4text': '', '5text': ''}
[26/May/2020 16:25:59] INFO [api.serializers:62] 58
[26/May/2020 16:25:59] INFO [api.serializers:62] 
[26/May/2020 16:25:59] INFO [api.serializers:62] 
[26/May/2020 16:25:59] INFO [api.serializers:62] 
[26/May/2020 16:25:59] INFO [api.serializers:62] 
[26/May/2020 16:25:59] INFO [api.serializers:62] 
[26/May/2020 16:25:59] INFO [api.serializers:68] {"1": "17-3"}
[26/May/2020 16:25:59] INFO [api.serializers:55] {'1': '56', '1text': '', '2text': '', '3text': '', '4text': '', '5text': ''}
[26/May/2020 16:25:59] INFO [api.serializers:59] {'1': '56', '1text': '', '2text': '', '3text': '', '4text': '', '5text': ''}
[26/May/2020 16:25:59] INFO [api.serializers:62] 56
[26/May/2020 16:25:59] INFO [api.serializers:62] 
[26/May/2020 16:25:59] INFO [api.serializers:62] 
[26/May/2020 16:25:59] INFO [api.serializers:62] 
[26/May/2020 16:25:59] INFO [api.serializers:62] 
[26/May/2020 16:25:59] INFO [api.serializers:62] 
[26/May/2020 16:25:59] INFO [api.serializers:68] {"1": "17-1"}
[26/May/2020 16:25:59] INFO [api.serializers:55] {'1': '58', '1text': '', '2text': '', '3text': '', '4text': '', '5text': ''}
[26/May/2020 16:25:59] INFO [api.serializers:59] {'1': '58', '1text': '', '2text': '', '3text': '', '4text': '', '5text': ''}
[26/May/2020 16:25:59] INFO [api.serializers:62] 58
[26/May/2020 16:25:59] INFO [api.serializers:62] 
[26/May/2020 16:25:59] INFO [api.serializers:62] 
[26/May/2020 16:25:59] INFO [api.serializers:62] 
[26/May/2020 16:25:59] INFO [api.serializers:62] 
[26/May/2020 16:25:59] INFO [api.serializers:62] 
[26/May/2020 16:25:59] INFO [api.serializers:68] {"1": "17-3"}
[26/May/2020 16:25:59] INFO [api.serializers:55] {'1text': '', '2text': '', '3text': '', '4text': '', '5text': ''}
[26/May/2020 16:25:59] INFO [api.serializers:59] {'1text': '', '2text': '', '3text': '', '4text': '', '5text': ''}
[26/May/2020 16:25:59] INFO [api.serializers:62] 
[26/May/2020 16:25:59] INFO [api.serializers:62] 
[26/May/2020 16:25:59] INFO [api.serializers:62] 
[26/May/2020 16:25:59] INFO [api.serializers:62] 
[26/May/2020 16:25:59] INFO [api.serializers:62] 
[26/May/2020 16:25:59] INFO [api.serializers:68] {}
[26/May/2020 16:25:59] INFO [api.serializers:55] {'1': '56', '1text': '', '2text': '', '3text': '', '4text': '', '5text': ''}
[26/May/2020 16:25:59] INFO [api.serializers:59] {'1': '56', '1text': '', '2text': '', '3text': '', '4text': '', '5text': ''}
[26/May/2020 16:25:59] INFO [api.serializers:62] 56
[26/May/2020 16:25:59] INFO [api.serializers:62] 
[26/May/2020 16:25:59] INFO [api.serializers:62] 
[26/May/2020 16:25:59] INFO [api.serializers:62] 
[26/May/2020 16:25:59] INFO [api.serializers:62] 
[26/May/2020 16:25:59] INFO [api.serializers:62] 
[26/May/2020 16:25:59] INFO [api.serializers:68] {"1": "17-1"}
[26/May/2020 16:26:14] INFO [api.views:138] {'1': '58', '1text': '', '2text': '', '3text': '', '4text': '', '5text': ''}
[26/May/2020 16:26:14] INFO [api.views:138] {'1': '57', '1text': '', '2text': '', '3text': '', '4text': '', '5text': ''}
[26/May/2020 16:26:14] INFO [api.views:138] {'1text': '', '2text': '', '3text': '', '4text': '', '5text': ''}
[26/May/2020 16:26:14] INFO [api.views:138] {'1': '58', '1text': '', '2text': '', '3text': '', '4text': '', '5text': ''}
[26/May/2020 16:26:14] INFO [api.views:138] {'1': '57', '1text': '', '2text': '', '3text': '', '4text': '', '5text': ''}
[26/May/2020 16:26:14] INFO [api.views:138] {'1': '58', '1text': '', '2text': '', '3text': '', '4text': '', '5text': ''}
[26/May/2020 16:26:14] INFO [api.views:138] {'1': '56', '1text': '', '2text': '', '3text': '', '4text': '', '5text': ''}
[26/May/2020 16:26:14] INFO [api.views:138] {'1': '58', '1text': '', '2text': '', '3text': '', '4text': '', '5text': ''}
[26/May/2020 16:26:14] INFO [api.views:138] {'1': '56', '1text': '', '2text': '', '3text': '', '4text': '', '5text': ''}
[26/May/2020 16:26:14] INFO [api.views:138] {'1': '58', '1text': '', '2text': '', '3text': '', '4text': '', '5text': ''}
[26/May/2020 16:26:14] INFO [api.views:138] {'1text': '', '2text': '', '3text': '', '4text': '', '5text': ''}
[26/May/2020 16:26:14] INFO [api.views:138] {'1': '56', '1text': '', '2text': '', '3text': '', '4text': '', '5text': ''}
[26/May/2020 16:34:43] INFO [api.views:138] {'1': '58', '1text': '', '2text': '', '3text': '', '4text': '', '5text': ''}
[26/May/2020 16:34:43] INFO [api.views:138] {'1': '57', '1text': '', '2text': '', '3text': '', '4text': '', '5text': ''}
[26/May/2020 16:34:43] INFO [api.views:138] {'1text': '', '2text': '', '3text': '', '4text': '', '5text': ''}
[26/May/2020 16:34:43] INFO [api.views:138] {'1': '58', '1text': '', '2text': '', '3text': '', '4text': '', '5text': ''}
[26/May/2020 16:34:43] INFO [api.views:138] {'1': '57', '1text': '', '2text': '', '3text': '', '4text': '', '5text': ''}
[26/May/2020 16:34:43] INFO [api.views:138] {'1': '58', '1text': '', '2text': '', '3text': '', '4text': '', '5text': ''}
[26/May/2020 16:34:43] INFO [api.views:138] {'1': '56', '1text': '', '2text': '', '3text': '', '4text': '', '5text': ''}
[26/May/2020 16:34:43] INFO [api.views:138] {'1': '58', '1text': '', '2text': '', '3text': '', '4text': '', '5text': ''}
[26/May/2020 16:34:43] INFO [api.views:138] {'1': '56', '1text': '', '2text': '', '3text': '', '4text': '', '5text': ''}
[26/May/2020 16:34:43] INFO [api.views:138] {'1': '58', '1text': '', '2text': '', '3text': '', '4text': '', '5text': ''}
[26/May/2020 16:34:43] INFO [api.views:138] {'1text': '', '2text': '', '3text': '', '4text': '', '5text': ''}
[26/May/2020 16:34:43] INFO [api.views:138] {'1': '56', '1text': '', '2text': '', '3text': '', '4text': '', '5text': ''}
[27/May/2020 11:02:17] INFO [api.serializers:55] {'1': '58', '1text': '', '2text': '', '3text': '', '4text': '', '5text': ''}
[27/May/2020 11:02:17] INFO [api.serializers:59] {'1': '58', '1text': '', '2text': '', '3text': '', '4text': '', '5text': ''}
[27/May/2020 11:02:17] INFO [api.serializers:62] 58
[27/May/2020 11:02:17] INFO [api.serializers:62] 
[27/May/2020 11:02:17] INFO [api.serializers:62] 
[27/May/2020 11:02:17] INFO [api.serializers:62] 
[27/May/2020 11:02:17] INFO [api.serializers:62] 
[27/May/2020 11:02:17] INFO [api.serializers:62] 
[27/May/2020 11:02:17] INFO [api.serializers:68] {"1": "1-28"}
[27/May/2020 11:02:17] INFO [api.serializers:55] {'1': '57', '1text': '', '2text': '', '3text': '', '4text': '', '5text': ''}
[27/May/2020 11:02:17] INFO [api.serializers:59] {'1': '57', '1text': '', '2text': '', '3text': '', '4text': '', '5text': ''}
[27/May/2020 11:02:17] INFO [api.serializers:62] 57
[27/May/2020 11:02:17] INFO [api.serializers:62] 
[27/May/2020 11:02:17] INFO [api.serializers:62] 
[27/May/2020 11:02:17] INFO [api.serializers:62] 
[27/May/2020 11:02:17] INFO [api.serializers:62] 
[27/May/2020 11:02:17] INFO [api.serializers:62] 
[27/May/2020 11:02:17] INFO [api.serializers:68] {"1": "1-27"}
[27/May/2020 11:02:17] INFO [api.serializers:55] {'1': '58', '1text': '', '2text': '', '3text': '', '4text': '', '5text': ''}
[27/May/2020 11:02:17] INFO [api.serializers:59] {'1': '58', '1text': '', '2text': '', '3text': '', '4text': '', '5text': ''}
[27/May/2020 11:02:17] INFO [api.serializers:62] 58
[27/May/2020 11:02:17] INFO [api.serializers:62] 
[27/May/2020 11:02:17] INFO [api.serializers:62] 
[27/May/2020 11:02:17] INFO [api.serializers:62] 
[27/May/2020 11:02:17] INFO [api.serializers:62] 
[27/May/2020 11:02:17] INFO [api.serializers:62] 
[27/May/2020 11:02:17] INFO [api.serializers:68] {"1": "1-28"}
[27/May/2020 11:02:17] INFO [api.serializers:55] {'1': '57', '1text': '', '2text': '', '3text': '', '4text': '', '5text': ''}
[27/May/2020 11:02:17] INFO [api.serializers:59] {'1': '57', '1text': '', '2text': '', '3text': '', '4text': '', '5text': ''}
[27/May/2020 11:02:17] INFO [api.serializers:62] 57
[27/May/2020 11:02:17] INFO [api.serializers:62] 
[27/May/2020 11:02:17] INFO [api.serializers:62] 
[27/May/2020 11:02:17] INFO [api.serializers:62] 
[27/May/2020 11:02:17] INFO [api.serializers:62] 
[27/May/2020 11:02:17] INFO [api.serializers:62] 
[27/May/2020 11:02:17] INFO [api.serializers:68] {"1": "1-27"}
[27/May/2020 11:02:17] INFO [api.serializers:55] {'1': '58', '1text': '', '2text': '', '3text': '', '4text': '', '5text': ''}
[27/May/2020 11:02:17] INFO [api.serializers:59] {'1': '58', '1text': '', '2text': '', '3text': '', '4text': '', '5text': ''}
[27/May/2020 11:02:17] INFO [api.serializers:62] 58
[27/May/2020 11:02:17] INFO [api.serializers:62] 
[27/May/2020 11:02:17] INFO [api.serializers:62] 
[27/May/2020 11:02:17] INFO [api.serializers:62] 
[27/May/2020 11:02:17] INFO [api.serializers:62] 
[27/May/2020 11:02:17] INFO [api.serializers:62] 
[27/May/2020 11:02:17] INFO [api.serializers:68] {"1": "1-28"}
[27/May/2020 11:02:17] INFO [api.serializers:55] {'1': '57', '1text': '', '2text': '', '3text': '', '4text': '', '5text': ''}
[27/May/2020 11:02:17] INFO [api.serializers:59] {'1': '57', '1text': '', '2text': '', '3text': '', '4text': '', '5text': ''}
[27/May/2020 11:02:17] INFO [api.serializers:62] 57
[27/May/2020 11:02:17] INFO [api.serializers:62] 
[27/May/2020 11:02:17] INFO [api.serializers:62] 
[27/May/2020 11:02:17] INFO [api.serializers:62] 
[27/May/2020 11:02:17] INFO [api.serializers:62] 
[27/May/2020 11:02:17] INFO [api.serializers:62] 
[27/May/2020 11:02:17] INFO [api.serializers:68] {"1": "1-27"}
[27/May/2020 11:05:09] INFO [api.views:138] {'1': '58', '1text': '', '2text': '', '3text': '', '4text': '', '5text': ''}
[27/May/2020 11:05:09] INFO [api.views:138] {'1': '57', '1text': '', '2text': '', '3text': '', '4text': '', '5text': ''}
[27/May/2020 11:05:09] INFO [api.views:138] {'1': '58', '1text': '', '2text': '', '3text': '', '4text': '', '5text': ''}
[27/May/2020 11:05:09] INFO [api.views:138] {'1': '57', '1text': '', '2text': '', '3text': '', '4text': '', '5text': ''}
[27/May/2020 11:05:09] INFO [api.views:138] {'1': '58', '1text': '', '2text': '', '3text': '', '4text': '', '5text': ''}
[27/May/2020 11:05:09] INFO [api.views:138] {'1': '57', '1text': '', '2text': '', '3text': '', '4text': '', '5text': ''}
[05/Jun/2020 08:54:53] WARNING [django.security.csrf:228] Forbidden (CSRF token missing or incorrect.): /usuarios/signin
[16/Jun/2020 17:33:00] WARNING [django.request:228] Bad Request: /api-token-auth/
[16/Jun/2020 17:33:51] ERROR [django.request:228] Internal Server Error: /api/user/
Traceback (most recent call last):
  File "/usr/local/lib/python3.6/dist-packages/django/core/handlers/exception.py", line 34, in inner
    response = get_response(request)
  File "/usr/local/lib/python3.6/dist-packages/django/core/handlers/base.py", line 115, in _get_response
    response = self.process_exception_by_middleware(e, request)
  File "/usr/local/lib/python3.6/dist-packages/django/core/handlers/base.py", line 113, in _get_response
    response = wrapped_callback(request, *callback_args, **callback_kwargs)
  File "/usr/local/lib/python3.6/dist-packages/django/views/decorators/csrf.py", line 54, in wrapped_view
    return view_func(*args, **kwargs)
  File "/usr/local/lib/python3.6/dist-packages/django/views/generic/base.py", line 71, in view
    return self.dispatch(request, *args, **kwargs)
  File "/usr/local/lib/python3.6/dist-packages/rest_framework/views.py", line 507, in dispatch
    self.response = self.finalize_response(request, response, *args, **kwargs)
  File "/usr/local/lib/python3.6/dist-packages/rest_framework/views.py", line 422, in finalize_response
    % type(response)
AssertionError: Expected a `Response`, `HttpResponse` or `HttpStreamingResponse` to be returned from the view, but received a `<class 'NoneType'>`
[16/Jun/2020 17:53:48] WARNING [django.request:228] Bad Request: /api-token-auth/
